[2026-02-09T11:17:10.353+0000] {manager.py:470} INFO - Processing files using up to 2 processes at a time 
[2026-02-09T11:17:10.354+0000] {manager.py:471} INFO - Process each file at most once every 30 seconds
[2026-02-09T11:17:10.354+0000] {manager.py:472} INFO - Checking for new files in /opt/airflow/dags every 300 seconds
[2026-02-09T11:17:10.354+0000] {manager.py:737} INFO - Searching for files in /opt/airflow/dags
[2026-02-09T11:17:10.357+0000] {manager.py:740} INFO - There are 2 files in /opt/airflow/dags
[2026-02-09T11:17:10.434+0000] {manager.py:878} INFO - 
================================================================================
DAG File Processing Stats

File Path                                            PID  Runtime      # DAGs    # Errors  Last Runtime    Last Run
-------------------------------------------------  -----  ---------  --------  ----------  --------------  ----------
/opt/airflow/dags/evidently_reporting_pipeline.py    170  0.05s             0           0
/opt/airflow/dags/ml_retrain_pipeline.py             179  0.03s             0           0
================================================================================
[2026-02-09T11:17:40.445+0000] {manager.py:878} INFO - 
================================================================================
DAG File Processing Stats

File Path                                          PID    Runtime      # DAGs    # Errors  Last Runtime    Last Run
-------------------------------------------------  -----  ---------  --------  ----------  --------------  -------------------
/opt/airflow/dags/evidently_reporting_pipeline.py                           1           0  0.81s           2026-02-09T11:17:11
/opt/airflow/dags/ml_retrain_pipeline.py                                    1           0  0.80s           2026-02-09T11:17:11
================================================================================
[2026-02-09T11:18:10.887+0000] {manager.py:878} INFO - 
================================================================================
DAG File Processing Stats

File Path                                          PID    Runtime      # DAGs    # Errors  Last Runtime    Last Run
-------------------------------------------------  -----  ---------  --------  ----------  --------------  -------------------
/opt/airflow/dags/evidently_reporting_pipeline.py                           1           0  0.25s           2026-02-09T11:17:41
/opt/airflow/dags/ml_retrain_pipeline.py                                    1           0  0.24s           2026-02-09T11:17:41
================================================================================
[2026-02-09T11:18:41.399+0000] {manager.py:878} INFO - 
================================================================================
DAG File Processing Stats

File Path                                          PID    Runtime      # DAGs    # Errors  Last Runtime    Last Run
-------------------------------------------------  -----  ---------  --------  ----------  --------------  -------------------
/opt/airflow/dags/evidently_reporting_pipeline.py                           1           0  0.21s           2026-02-09T11:18:12
/opt/airflow/dags/ml_retrain_pipeline.py                                    1           0  0.20s           2026-02-09T11:18:12
================================================================================
