[2026-02-09T11:17:10.394+0000] {processor.py:161} INFO - Started process (PID=170) to work on /opt/airflow/dags/evidently_reporting_pipeline.py
[2026-02-09T11:17:10.395+0000] {processor.py:830} INFO - Processing file /opt/airflow/dags/evidently_reporting_pipeline.py for tasks to queue
[2026-02-09T11:17:10.399+0000] {logging_mixin.py:188} INFO - [2026-02-09T11:17:10.399+0000] {dagbag.py:540} INFO - Filling up the DagBag from /opt/airflow/dags/evidently_reporting_pipeline.py
[2026-02-09T11:17:10.973+0000] {processor.py:840} INFO - DAG(s) 'evidently_reporting_pipeline' retrieved from /opt/airflow/dags/evidently_reporting_pipeline.py
[2026-02-09T11:17:11.161+0000] {logging_mixin.py:188} INFO - [2026-02-09T11:17:11.160+0000] {override.py:1829} INFO - Created Permission View: can edit on DAG:evidently_reporting_pipeline
[2026-02-09T11:17:11.164+0000] {logging_mixin.py:188} INFO - [2026-02-09T11:17:11.164+0000] {override.py:1829} INFO - Created Permission View: can delete on DAG:evidently_reporting_pipeline
[2026-02-09T11:17:11.167+0000] {logging_mixin.py:188} INFO - [2026-02-09T11:17:11.167+0000] {override.py:1829} INFO - Created Permission View: can read on DAG:evidently_reporting_pipeline
[2026-02-09T11:17:11.168+0000] {logging_mixin.py:188} INFO - [2026-02-09T11:17:11.167+0000] {dag.py:3096} INFO - Sync 1 DAGs
[2026-02-09T11:17:11.172+0000] {logging_mixin.py:188} INFO - [2026-02-09T11:17:11.172+0000] {dag.py:3118} INFO - Creating ORM DAG for evidently_reporting_pipeline
[2026-02-09T11:17:11.176+0000] {logging_mixin.py:188} INFO - [2026-02-09T11:17:11.176+0000] {dag.py:3954} INFO - Setting next_dagrun for evidently_reporting_pipeline to 2026-02-09 00:00:00+00:00, run_after=2026-02-09 06:00:00+00:00
[2026-02-09T11:17:11.189+0000] {processor.py:183} INFO - Processing /opt/airflow/dags/evidently_reporting_pipeline.py took 0.800 seconds
[2026-02-09T11:17:41.493+0000] {processor.py:161} INFO - Started process (PID=194) to work on /opt/airflow/dags/evidently_reporting_pipeline.py
[2026-02-09T11:17:41.494+0000] {processor.py:830} INFO - Processing file /opt/airflow/dags/evidently_reporting_pipeline.py for tasks to queue
[2026-02-09T11:17:41.500+0000] {logging_mixin.py:188} INFO - [2026-02-09T11:17:41.499+0000] {dagbag.py:540} INFO - Filling up the DagBag from /opt/airflow/dags/evidently_reporting_pipeline.py
[2026-02-09T11:17:41.664+0000] {processor.py:840} INFO - DAG(s) 'evidently_reporting_pipeline' retrieved from /opt/airflow/dags/evidently_reporting_pipeline.py
[2026-02-09T11:17:41.685+0000] {logging_mixin.py:188} INFO - [2026-02-09T11:17:41.685+0000] {dag.py:3096} INFO - Sync 1 DAGs
[2026-02-09T11:17:41.699+0000] {logging_mixin.py:188} INFO - [2026-02-09T11:17:41.699+0000] {dag.py:3954} INFO - Setting next_dagrun for evidently_reporting_pipeline to 2026-02-09 00:00:00+00:00, run_after=2026-02-09 06:00:00+00:00
[2026-02-09T11:17:41.711+0000] {processor.py:183} INFO - Processing /opt/airflow/dags/evidently_reporting_pipeline.py took 0.230 seconds
[2026-02-09T11:18:11.920+0000] {processor.py:161} INFO - Started process (PID=212) to work on /opt/airflow/dags/evidently_reporting_pipeline.py
[2026-02-09T11:18:11.921+0000] {processor.py:830} INFO - Processing file /opt/airflow/dags/evidently_reporting_pipeline.py for tasks to queue
[2026-02-09T11:18:11.923+0000] {logging_mixin.py:188} INFO - [2026-02-09T11:18:11.923+0000] {dagbag.py:540} INFO - Filling up the DagBag from /opt/airflow/dags/evidently_reporting_pipeline.py
[2026-02-09T11:18:12.066+0000] {processor.py:840} INFO - DAG(s) 'evidently_reporting_pipeline' retrieved from /opt/airflow/dags/evidently_reporting_pipeline.py
[2026-02-09T11:18:12.082+0000] {logging_mixin.py:188} INFO - [2026-02-09T11:18:12.082+0000] {dag.py:3096} INFO - Sync 1 DAGs
[2026-02-09T11:18:12.098+0000] {logging_mixin.py:188} INFO - [2026-02-09T11:18:12.098+0000] {dag.py:3954} INFO - Setting next_dagrun for evidently_reporting_pipeline to 2026-02-09 00:00:00+00:00, run_after=2026-02-09 06:00:00+00:00
[2026-02-09T11:18:12.107+0000] {processor.py:183} INFO - Processing /opt/airflow/dags/evidently_reporting_pipeline.py took 0.195 seconds
[2026-02-09T11:18:42.434+0000] {processor.py:161} INFO - Started process (PID=230) to work on /opt/airflow/dags/evidently_reporting_pipeline.py
[2026-02-09T11:18:42.435+0000] {processor.py:830} INFO - Processing file /opt/airflow/dags/evidently_reporting_pipeline.py for tasks to queue
[2026-02-09T11:18:42.437+0000] {logging_mixin.py:188} INFO - [2026-02-09T11:18:42.436+0000] {dagbag.py:540} INFO - Filling up the DagBag from /opt/airflow/dags/evidently_reporting_pipeline.py
[2026-02-09T11:18:42.558+0000] {processor.py:840} INFO - DAG(s) 'evidently_reporting_pipeline' retrieved from /opt/airflow/dags/evidently_reporting_pipeline.py
[2026-02-09T11:18:42.576+0000] {logging_mixin.py:188} INFO - [2026-02-09T11:18:42.576+0000] {dag.py:3096} INFO - Sync 1 DAGs
[2026-02-09T11:18:42.588+0000] {logging_mixin.py:188} INFO - [2026-02-09T11:18:42.588+0000] {dag.py:3954} INFO - Setting next_dagrun for evidently_reporting_pipeline to 2026-02-09 00:00:00+00:00, run_after=2026-02-09 06:00:00+00:00
[2026-02-09T11:18:42.599+0000] {processor.py:183} INFO - Processing /opt/airflow/dags/evidently_reporting_pipeline.py took 0.171 seconds
