[2026-02-10T21:00:07.520+0000] {processor.py:161} INFO - Started process (PID=172) to work on /opt/airflow/dags/evidently_reporting_pipeline.py
[2026-02-10T21:00:07.522+0000] {processor.py:830} INFO - Processing file /opt/airflow/dags/evidently_reporting_pipeline.py for tasks to queue
[2026-02-10T21:00:07.527+0000] {logging_mixin.py:188} INFO - [2026-02-10T21:00:07.527+0000] {dagbag.py:540} INFO - Filling up the DagBag from /opt/airflow/dags/evidently_reporting_pipeline.py
[2026-02-10T21:00:07.710+0000] {processor.py:840} INFO - DAG(s) 'evidently_reporting_pipeline' retrieved from /opt/airflow/dags/evidently_reporting_pipeline.py
[2026-02-10T21:00:07.771+0000] {logging_mixin.py:188} INFO - [2026-02-10T21:00:07.771+0000] {dag.py:3096} INFO - Sync 1 DAGs
[2026-02-10T21:00:07.780+0000] {logging_mixin.py:188} INFO - [2026-02-10T21:00:07.780+0000] {dag.py:3954} INFO - Setting next_dagrun for evidently_reporting_pipeline to 2026-02-10 12:00:00+00:00, run_after=2026-02-10 18:00:00+00:00
[2026-02-10T21:00:07.789+0000] {processor.py:183} INFO - Processing /opt/airflow/dags/evidently_reporting_pipeline.py took 0.272 seconds
[2026-02-10T21:00:38.011+0000] {processor.py:161} INFO - Started process (PID=190) to work on /opt/airflow/dags/evidently_reporting_pipeline.py
[2026-02-10T21:00:38.012+0000] {processor.py:830} INFO - Processing file /opt/airflow/dags/evidently_reporting_pipeline.py for tasks to queue
[2026-02-10T21:00:38.014+0000] {logging_mixin.py:188} INFO - [2026-02-10T21:00:38.014+0000] {dagbag.py:540} INFO - Filling up the DagBag from /opt/airflow/dags/evidently_reporting_pipeline.py
[2026-02-10T21:00:38.201+0000] {processor.py:840} INFO - DAG(s) 'evidently_reporting_pipeline' retrieved from /opt/airflow/dags/evidently_reporting_pipeline.py
[2026-02-10T21:00:38.222+0000] {logging_mixin.py:188} INFO - [2026-02-10T21:00:38.222+0000] {dag.py:3096} INFO - Sync 1 DAGs
[2026-02-10T21:00:38.233+0000] {logging_mixin.py:188} INFO - [2026-02-10T21:00:38.233+0000] {dag.py:3954} INFO - Setting next_dagrun for evidently_reporting_pipeline to 2026-02-10 12:00:00+00:00, run_after=2026-02-10 18:00:00+00:00
[2026-02-10T21:00:38.241+0000] {processor.py:183} INFO - Processing /opt/airflow/dags/evidently_reporting_pipeline.py took 0.236 seconds
[2026-02-10T21:01:08.491+0000] {processor.py:161} INFO - Started process (PID=208) to work on /opt/airflow/dags/evidently_reporting_pipeline.py
[2026-02-10T21:01:08.493+0000] {processor.py:830} INFO - Processing file /opt/airflow/dags/evidently_reporting_pipeline.py for tasks to queue
[2026-02-10T21:01:08.497+0000] {logging_mixin.py:188} INFO - [2026-02-10T21:01:08.497+0000] {dagbag.py:540} INFO - Filling up the DagBag from /opt/airflow/dags/evidently_reporting_pipeline.py
[2026-02-10T21:01:08.623+0000] {processor.py:840} INFO - DAG(s) 'evidently_reporting_pipeline' retrieved from /opt/airflow/dags/evidently_reporting_pipeline.py
[2026-02-10T21:01:08.637+0000] {logging_mixin.py:188} INFO - [2026-02-10T21:01:08.637+0000] {dag.py:3096} INFO - Sync 1 DAGs
[2026-02-10T21:01:08.647+0000] {logging_mixin.py:188} INFO - [2026-02-10T21:01:08.647+0000] {dag.py:3954} INFO - Setting next_dagrun for evidently_reporting_pipeline to 2026-02-10 12:00:00+00:00, run_after=2026-02-10 18:00:00+00:00
[2026-02-10T21:01:08.654+0000] {processor.py:183} INFO - Processing /opt/airflow/dags/evidently_reporting_pipeline.py took 0.169 seconds
[2026-02-10T21:01:38.938+0000] {processor.py:161} INFO - Started process (PID=226) to work on /opt/airflow/dags/evidently_reporting_pipeline.py
[2026-02-10T21:01:38.941+0000] {processor.py:830} INFO - Processing file /opt/airflow/dags/evidently_reporting_pipeline.py for tasks to queue
[2026-02-10T21:01:38.942+0000] {logging_mixin.py:188} INFO - [2026-02-10T21:01:38.942+0000] {dagbag.py:540} INFO - Filling up the DagBag from /opt/airflow/dags/evidently_reporting_pipeline.py
[2026-02-10T21:01:39.076+0000] {processor.py:840} INFO - DAG(s) 'evidently_reporting_pipeline' retrieved from /opt/airflow/dags/evidently_reporting_pipeline.py
[2026-02-10T21:01:39.096+0000] {logging_mixin.py:188} INFO - [2026-02-10T21:01:39.096+0000] {dag.py:3096} INFO - Sync 1 DAGs
[2026-02-10T21:01:39.104+0000] {logging_mixin.py:188} INFO - [2026-02-10T21:01:39.104+0000] {dag.py:3954} INFO - Setting next_dagrun for evidently_reporting_pipeline to 2026-02-10 12:00:00+00:00, run_after=2026-02-10 18:00:00+00:00
[2026-02-10T21:01:39.109+0000] {processor.py:183} INFO - Processing /opt/airflow/dags/evidently_reporting_pipeline.py took 0.178 seconds
[2026-02-10T21:02:09.425+0000] {processor.py:161} INFO - Started process (PID=249) to work on /opt/airflow/dags/evidently_reporting_pipeline.py
[2026-02-10T21:02:09.425+0000] {processor.py:830} INFO - Processing file /opt/airflow/dags/evidently_reporting_pipeline.py for tasks to queue
[2026-02-10T21:02:09.427+0000] {logging_mixin.py:188} INFO - [2026-02-10T21:02:09.427+0000] {dagbag.py:540} INFO - Filling up the DagBag from /opt/airflow/dags/evidently_reporting_pipeline.py
[2026-02-10T21:02:09.562+0000] {processor.py:840} INFO - DAG(s) 'evidently_reporting_pipeline' retrieved from /opt/airflow/dags/evidently_reporting_pipeline.py
[2026-02-10T21:02:09.574+0000] {logging_mixin.py:188} INFO - [2026-02-10T21:02:09.573+0000] {dag.py:3096} INFO - Sync 1 DAGs
[2026-02-10T21:02:09.582+0000] {logging_mixin.py:188} INFO - [2026-02-10T21:02:09.582+0000] {dag.py:3954} INFO - Setting next_dagrun for evidently_reporting_pipeline to 2026-02-10 12:00:00+00:00, run_after=2026-02-10 18:00:00+00:00
[2026-02-10T21:02:09.588+0000] {processor.py:183} INFO - Processing /opt/airflow/dags/evidently_reporting_pipeline.py took 0.168 seconds
[2026-02-10T21:02:39.857+0000] {processor.py:161} INFO - Started process (PID=267) to work on /opt/airflow/dags/evidently_reporting_pipeline.py
[2026-02-10T21:02:39.857+0000] {processor.py:830} INFO - Processing file /opt/airflow/dags/evidently_reporting_pipeline.py for tasks to queue
[2026-02-10T21:02:39.858+0000] {logging_mixin.py:188} INFO - [2026-02-10T21:02:39.858+0000] {dagbag.py:540} INFO - Filling up the DagBag from /opt/airflow/dags/evidently_reporting_pipeline.py
[2026-02-10T21:02:39.983+0000] {processor.py:840} INFO - DAG(s) 'evidently_reporting_pipeline' retrieved from /opt/airflow/dags/evidently_reporting_pipeline.py
[2026-02-10T21:02:39.999+0000] {logging_mixin.py:188} INFO - [2026-02-10T21:02:39.998+0000] {dag.py:3096} INFO - Sync 1 DAGs
[2026-02-10T21:02:40.007+0000] {logging_mixin.py:188} INFO - [2026-02-10T21:02:40.007+0000] {dag.py:3954} INFO - Setting next_dagrun for evidently_reporting_pipeline to 2026-02-10 12:00:00+00:00, run_after=2026-02-10 18:00:00+00:00
[2026-02-10T21:02:40.014+0000] {processor.py:183} INFO - Processing /opt/airflow/dags/evidently_reporting_pipeline.py took 0.162 seconds
[2026-02-10T21:03:10.283+0000] {processor.py:161} INFO - Started process (PID=285) to work on /opt/airflow/dags/evidently_reporting_pipeline.py
[2026-02-10T21:03:10.283+0000] {processor.py:830} INFO - Processing file /opt/airflow/dags/evidently_reporting_pipeline.py for tasks to queue
[2026-02-10T21:03:10.285+0000] {logging_mixin.py:188} INFO - [2026-02-10T21:03:10.285+0000] {dagbag.py:540} INFO - Filling up the DagBag from /opt/airflow/dags/evidently_reporting_pipeline.py
[2026-02-10T21:03:10.402+0000] {processor.py:840} INFO - DAG(s) 'evidently_reporting_pipeline' retrieved from /opt/airflow/dags/evidently_reporting_pipeline.py
[2026-02-10T21:03:10.420+0000] {logging_mixin.py:188} INFO - [2026-02-10T21:03:10.420+0000] {dag.py:3096} INFO - Sync 1 DAGs
[2026-02-10T21:03:10.429+0000] {logging_mixin.py:188} INFO - [2026-02-10T21:03:10.429+0000] {dag.py:3954} INFO - Setting next_dagrun for evidently_reporting_pipeline to 2026-02-10 12:00:00+00:00, run_after=2026-02-10 18:00:00+00:00
[2026-02-10T21:03:10.435+0000] {processor.py:183} INFO - Processing /opt/airflow/dags/evidently_reporting_pipeline.py took 0.158 seconds
[2026-02-10T21:03:40.748+0000] {processor.py:161} INFO - Started process (PID=303) to work on /opt/airflow/dags/evidently_reporting_pipeline.py
[2026-02-10T21:03:40.749+0000] {processor.py:830} INFO - Processing file /opt/airflow/dags/evidently_reporting_pipeline.py for tasks to queue
[2026-02-10T21:03:40.750+0000] {logging_mixin.py:188} INFO - [2026-02-10T21:03:40.750+0000] {dagbag.py:540} INFO - Filling up the DagBag from /opt/airflow/dags/evidently_reporting_pipeline.py
[2026-02-10T21:03:40.904+0000] {processor.py:840} INFO - DAG(s) 'evidently_reporting_pipeline' retrieved from /opt/airflow/dags/evidently_reporting_pipeline.py
[2026-02-10T21:03:40.928+0000] {logging_mixin.py:188} INFO - [2026-02-10T21:03:40.927+0000] {dag.py:3096} INFO - Sync 1 DAGs
[2026-02-10T21:03:40.942+0000] {logging_mixin.py:188} INFO - [2026-02-10T21:03:40.941+0000] {dag.py:3954} INFO - Setting next_dagrun for evidently_reporting_pipeline to 2026-02-10 12:00:00+00:00, run_after=2026-02-10 18:00:00+00:00
[2026-02-10T21:03:40.948+0000] {processor.py:183} INFO - Processing /opt/airflow/dags/evidently_reporting_pipeline.py took 0.207 seconds
[2026-02-10T21:04:11.274+0000] {processor.py:161} INFO - Started process (PID=321) to work on /opt/airflow/dags/evidently_reporting_pipeline.py
[2026-02-10T21:04:11.275+0000] {processor.py:830} INFO - Processing file /opt/airflow/dags/evidently_reporting_pipeline.py for tasks to queue
[2026-02-10T21:04:11.276+0000] {logging_mixin.py:188} INFO - [2026-02-10T21:04:11.276+0000] {dagbag.py:540} INFO - Filling up the DagBag from /opt/airflow/dags/evidently_reporting_pipeline.py
[2026-02-10T21:04:11.412+0000] {processor.py:840} INFO - DAG(s) 'evidently_reporting_pipeline' retrieved from /opt/airflow/dags/evidently_reporting_pipeline.py
[2026-02-10T21:04:11.437+0000] {logging_mixin.py:188} INFO - [2026-02-10T21:04:11.437+0000] {dag.py:3096} INFO - Sync 1 DAGs
[2026-02-10T21:04:11.450+0000] {logging_mixin.py:188} INFO - [2026-02-10T21:04:11.450+0000] {dag.py:3954} INFO - Setting next_dagrun for evidently_reporting_pipeline to 2026-02-10 12:00:00+00:00, run_after=2026-02-10 18:00:00+00:00
[2026-02-10T21:04:11.457+0000] {processor.py:183} INFO - Processing /opt/airflow/dags/evidently_reporting_pipeline.py took 0.189 seconds
[2026-02-10T21:04:41.715+0000] {processor.py:161} INFO - Started process (PID=339) to work on /opt/airflow/dags/evidently_reporting_pipeline.py
[2026-02-10T21:04:41.716+0000] {processor.py:830} INFO - Processing file /opt/airflow/dags/evidently_reporting_pipeline.py for tasks to queue
[2026-02-10T21:04:41.718+0000] {logging_mixin.py:188} INFO - [2026-02-10T21:04:41.718+0000] {dagbag.py:540} INFO - Filling up the DagBag from /opt/airflow/dags/evidently_reporting_pipeline.py
[2026-02-10T21:04:41.867+0000] {processor.py:840} INFO - DAG(s) 'evidently_reporting_pipeline' retrieved from /opt/airflow/dags/evidently_reporting_pipeline.py
[2026-02-10T21:04:41.888+0000] {logging_mixin.py:188} INFO - [2026-02-10T21:04:41.887+0000] {dag.py:3096} INFO - Sync 1 DAGs
[2026-02-10T21:04:41.899+0000] {logging_mixin.py:188} INFO - [2026-02-10T21:04:41.899+0000] {dag.py:3954} INFO - Setting next_dagrun for evidently_reporting_pipeline to 2026-02-10 12:00:00+00:00, run_after=2026-02-10 18:00:00+00:00
[2026-02-10T21:04:41.906+0000] {processor.py:183} INFO - Processing /opt/airflow/dags/evidently_reporting_pipeline.py took 0.196 seconds
[2026-02-10T21:05:12.530+0000] {processor.py:161} INFO - Started process (PID=357) to work on /opt/airflow/dags/evidently_reporting_pipeline.py
[2026-02-10T21:05:12.531+0000] {processor.py:830} INFO - Processing file /opt/airflow/dags/evidently_reporting_pipeline.py for tasks to queue
[2026-02-10T21:05:12.536+0000] {logging_mixin.py:188} INFO - [2026-02-10T21:05:12.536+0000] {dagbag.py:540} INFO - Filling up the DagBag from /opt/airflow/dags/evidently_reporting_pipeline.py
[2026-02-10T21:05:12.978+0000] {processor.py:840} INFO - DAG(s) 'evidently_reporting_pipeline' retrieved from /opt/airflow/dags/evidently_reporting_pipeline.py
[2026-02-10T21:05:13.000+0000] {logging_mixin.py:188} INFO - [2026-02-10T21:05:13.000+0000] {dag.py:3096} INFO - Sync 1 DAGs
[2026-02-10T21:05:13.279+0000] {logging_mixin.py:188} INFO - [2026-02-10T21:05:13.279+0000] {dag.py:3954} INFO - Setting next_dagrun for evidently_reporting_pipeline to 2026-02-10 12:00:00+00:00, run_after=2026-02-10 18:00:00+00:00
[2026-02-10T21:05:13.502+0000] {processor.py:183} INFO - Processing /opt/airflow/dags/evidently_reporting_pipeline.py took 0.990 seconds
[2026-02-10T21:05:43.889+0000] {processor.py:161} INFO - Started process (PID=375) to work on /opt/airflow/dags/evidently_reporting_pipeline.py
[2026-02-10T21:05:43.890+0000] {processor.py:830} INFO - Processing file /opt/airflow/dags/evidently_reporting_pipeline.py for tasks to queue
[2026-02-10T21:05:43.892+0000] {logging_mixin.py:188} INFO - [2026-02-10T21:05:43.892+0000] {dagbag.py:540} INFO - Filling up the DagBag from /opt/airflow/dags/evidently_reporting_pipeline.py
[2026-02-10T21:05:44.060+0000] {processor.py:840} INFO - DAG(s) 'evidently_reporting_pipeline' retrieved from /opt/airflow/dags/evidently_reporting_pipeline.py
[2026-02-10T21:05:44.087+0000] {logging_mixin.py:188} INFO - [2026-02-10T21:05:44.086+0000] {dag.py:3096} INFO - Sync 1 DAGs
[2026-02-10T21:05:44.096+0000] {logging_mixin.py:188} INFO - [2026-02-10T21:05:44.096+0000] {dag.py:3954} INFO - Setting next_dagrun for evidently_reporting_pipeline to 2026-02-10 12:00:00+00:00, run_after=2026-02-10 18:00:00+00:00
[2026-02-10T21:05:44.103+0000] {processor.py:183} INFO - Processing /opt/airflow/dags/evidently_reporting_pipeline.py took 0.222 seconds
[2026-02-10T21:06:14.435+0000] {processor.py:161} INFO - Started process (PID=393) to work on /opt/airflow/dags/evidently_reporting_pipeline.py
[2026-02-10T21:06:14.435+0000] {processor.py:830} INFO - Processing file /opt/airflow/dags/evidently_reporting_pipeline.py for tasks to queue
[2026-02-10T21:06:14.437+0000] {logging_mixin.py:188} INFO - [2026-02-10T21:06:14.437+0000] {dagbag.py:540} INFO - Filling up the DagBag from /opt/airflow/dags/evidently_reporting_pipeline.py
[2026-02-10T21:06:14.594+0000] {processor.py:840} INFO - DAG(s) 'evidently_reporting_pipeline' retrieved from /opt/airflow/dags/evidently_reporting_pipeline.py
[2026-02-10T21:06:14.716+0000] {logging_mixin.py:188} INFO - [2026-02-10T21:06:14.716+0000] {dag.py:3096} INFO - Sync 1 DAGs
[2026-02-10T21:06:14.724+0000] {logging_mixin.py:188} INFO - [2026-02-10T21:06:14.724+0000] {dag.py:3954} INFO - Setting next_dagrun for evidently_reporting_pipeline to 2026-02-10 12:00:00+00:00, run_after=2026-02-10 18:00:00+00:00
[2026-02-10T21:06:14.730+0000] {processor.py:183} INFO - Processing /opt/airflow/dags/evidently_reporting_pipeline.py took 0.300 seconds
[2026-02-10T21:06:44.943+0000] {processor.py:161} INFO - Started process (PID=411) to work on /opt/airflow/dags/evidently_reporting_pipeline.py
[2026-02-10T21:06:44.944+0000] {processor.py:830} INFO - Processing file /opt/airflow/dags/evidently_reporting_pipeline.py for tasks to queue
[2026-02-10T21:06:44.946+0000] {logging_mixin.py:188} INFO - [2026-02-10T21:06:44.946+0000] {dagbag.py:540} INFO - Filling up the DagBag from /opt/airflow/dags/evidently_reporting_pipeline.py
[2026-02-10T21:06:45.080+0000] {processor.py:840} INFO - DAG(s) 'evidently_reporting_pipeline' retrieved from /opt/airflow/dags/evidently_reporting_pipeline.py
[2026-02-10T21:06:45.102+0000] {logging_mixin.py:188} INFO - [2026-02-10T21:06:45.102+0000] {dag.py:3096} INFO - Sync 1 DAGs
[2026-02-10T21:06:45.268+0000] {logging_mixin.py:188} INFO - [2026-02-10T21:06:45.268+0000] {dag.py:3954} INFO - Setting next_dagrun for evidently_reporting_pipeline to 2026-02-10 12:00:00+00:00, run_after=2026-02-10 18:00:00+00:00
[2026-02-10T21:06:45.278+0000] {processor.py:183} INFO - Processing /opt/airflow/dags/evidently_reporting_pipeline.py took 0.339 seconds
[2026-02-10T21:07:15.529+0000] {processor.py:161} INFO - Started process (PID=429) to work on /opt/airflow/dags/evidently_reporting_pipeline.py
[2026-02-10T21:07:15.534+0000] {processor.py:830} INFO - Processing file /opt/airflow/dags/evidently_reporting_pipeline.py for tasks to queue
[2026-02-10T21:07:15.540+0000] {logging_mixin.py:188} INFO - [2026-02-10T21:07:15.539+0000] {dagbag.py:540} INFO - Filling up the DagBag from /opt/airflow/dags/evidently_reporting_pipeline.py
[2026-02-10T21:07:15.848+0000] {processor.py:840} INFO - DAG(s) 'evidently_reporting_pipeline' retrieved from /opt/airflow/dags/evidently_reporting_pipeline.py
[2026-02-10T21:07:15.858+0000] {logging_mixin.py:188} INFO - [2026-02-10T21:07:15.858+0000] {dag.py:3096} INFO - Sync 1 DAGs
[2026-02-10T21:07:15.866+0000] {logging_mixin.py:188} INFO - [2026-02-10T21:07:15.865+0000] {dag.py:3954} INFO - Setting next_dagrun for evidently_reporting_pipeline to 2026-02-10 12:00:00+00:00, run_after=2026-02-10 18:00:00+00:00
[2026-02-10T21:07:15.872+0000] {processor.py:183} INFO - Processing /opt/airflow/dags/evidently_reporting_pipeline.py took 0.356 seconds
[2026-02-10T21:07:46.067+0000] {processor.py:161} INFO - Started process (PID=447) to work on /opt/airflow/dags/evidently_reporting_pipeline.py
[2026-02-10T21:07:46.069+0000] {processor.py:830} INFO - Processing file /opt/airflow/dags/evidently_reporting_pipeline.py for tasks to queue
[2026-02-10T21:07:46.072+0000] {logging_mixin.py:188} INFO - [2026-02-10T21:07:46.072+0000] {dagbag.py:540} INFO - Filling up the DagBag from /opt/airflow/dags/evidently_reporting_pipeline.py
[2026-02-10T21:07:46.185+0000] {processor.py:840} INFO - DAG(s) 'evidently_reporting_pipeline' retrieved from /opt/airflow/dags/evidently_reporting_pipeline.py
[2026-02-10T21:07:46.408+0000] {logging_mixin.py:188} INFO - [2026-02-10T21:07:46.407+0000] {dag.py:3096} INFO - Sync 1 DAGs
[2026-02-10T21:07:46.414+0000] {logging_mixin.py:188} INFO - [2026-02-10T21:07:46.414+0000] {dag.py:3954} INFO - Setting next_dagrun for evidently_reporting_pipeline to 2026-02-10 12:00:00+00:00, run_after=2026-02-10 18:00:00+00:00
[2026-02-10T21:07:46.419+0000] {processor.py:183} INFO - Processing /opt/airflow/dags/evidently_reporting_pipeline.py took 0.357 seconds
[2026-02-10T21:08:16.636+0000] {processor.py:161} INFO - Started process (PID=465) to work on /opt/airflow/dags/evidently_reporting_pipeline.py
[2026-02-10T21:08:16.638+0000] {processor.py:830} INFO - Processing file /opt/airflow/dags/evidently_reporting_pipeline.py for tasks to queue
[2026-02-10T21:08:16.640+0000] {logging_mixin.py:188} INFO - [2026-02-10T21:08:16.640+0000] {dagbag.py:540} INFO - Filling up the DagBag from /opt/airflow/dags/evidently_reporting_pipeline.py
[2026-02-10T21:08:16.882+0000] {processor.py:840} INFO - DAG(s) 'evidently_reporting_pipeline' retrieved from /opt/airflow/dags/evidently_reporting_pipeline.py
[2026-02-10T21:08:16.893+0000] {logging_mixin.py:188} INFO - [2026-02-10T21:08:16.893+0000] {dag.py:3096} INFO - Sync 1 DAGs
[2026-02-10T21:08:16.903+0000] {logging_mixin.py:188} INFO - [2026-02-10T21:08:16.903+0000] {dag.py:3954} INFO - Setting next_dagrun for evidently_reporting_pipeline to 2026-02-10 12:00:00+00:00, run_after=2026-02-10 18:00:00+00:00
[2026-02-10T21:08:16.910+0000] {processor.py:183} INFO - Processing /opt/airflow/dags/evidently_reporting_pipeline.py took 0.278 seconds
[2026-02-10T21:08:47.202+0000] {processor.py:161} INFO - Started process (PID=483) to work on /opt/airflow/dags/evidently_reporting_pipeline.py
[2026-02-10T21:08:47.203+0000] {processor.py:830} INFO - Processing file /opt/airflow/dags/evidently_reporting_pipeline.py for tasks to queue
[2026-02-10T21:08:47.204+0000] {logging_mixin.py:188} INFO - [2026-02-10T21:08:47.204+0000] {dagbag.py:540} INFO - Filling up the DagBag from /opt/airflow/dags/evidently_reporting_pipeline.py
[2026-02-10T21:08:47.404+0000] {processor.py:840} INFO - DAG(s) 'evidently_reporting_pipeline' retrieved from /opt/airflow/dags/evidently_reporting_pipeline.py
[2026-02-10T21:08:47.415+0000] {logging_mixin.py:188} INFO - [2026-02-10T21:08:47.415+0000] {dag.py:3096} INFO - Sync 1 DAGs
[2026-02-10T21:08:47.422+0000] {logging_mixin.py:188} INFO - [2026-02-10T21:08:47.422+0000] {dag.py:3954} INFO - Setting next_dagrun for evidently_reporting_pipeline to 2026-02-10 12:00:00+00:00, run_after=2026-02-10 18:00:00+00:00
[2026-02-10T21:08:47.427+0000] {processor.py:183} INFO - Processing /opt/airflow/dags/evidently_reporting_pipeline.py took 0.229 seconds
[2026-02-10T21:09:17.709+0000] {processor.py:161} INFO - Started process (PID=501) to work on /opt/airflow/dags/evidently_reporting_pipeline.py
[2026-02-10T21:09:17.712+0000] {processor.py:830} INFO - Processing file /opt/airflow/dags/evidently_reporting_pipeline.py for tasks to queue
[2026-02-10T21:09:17.713+0000] {logging_mixin.py:188} INFO - [2026-02-10T21:09:17.713+0000] {dagbag.py:540} INFO - Filling up the DagBag from /opt/airflow/dags/evidently_reporting_pipeline.py
[2026-02-10T21:09:17.893+0000] {processor.py:840} INFO - DAG(s) 'evidently_reporting_pipeline' retrieved from /opt/airflow/dags/evidently_reporting_pipeline.py
[2026-02-10T21:09:17.910+0000] {logging_mixin.py:188} INFO - [2026-02-10T21:09:17.910+0000] {dag.py:3096} INFO - Sync 1 DAGs
[2026-02-10T21:09:17.917+0000] {logging_mixin.py:188} INFO - [2026-02-10T21:09:17.917+0000] {dag.py:3954} INFO - Setting next_dagrun for evidently_reporting_pipeline to 2026-02-10 12:00:00+00:00, run_after=2026-02-10 18:00:00+00:00
[2026-02-10T21:09:17.923+0000] {processor.py:183} INFO - Processing /opt/airflow/dags/evidently_reporting_pipeline.py took 0.218 seconds
[2026-02-10T21:09:48.253+0000] {processor.py:161} INFO - Started process (PID=519) to work on /opt/airflow/dags/evidently_reporting_pipeline.py
[2026-02-10T21:09:48.254+0000] {processor.py:830} INFO - Processing file /opt/airflow/dags/evidently_reporting_pipeline.py for tasks to queue
[2026-02-10T21:09:48.256+0000] {logging_mixin.py:188} INFO - [2026-02-10T21:09:48.255+0000] {dagbag.py:540} INFO - Filling up the DagBag from /opt/airflow/dags/evidently_reporting_pipeline.py
[2026-02-10T21:09:48.484+0000] {processor.py:840} INFO - DAG(s) 'evidently_reporting_pipeline' retrieved from /opt/airflow/dags/evidently_reporting_pipeline.py
[2026-02-10T21:09:48.497+0000] {logging_mixin.py:188} INFO - [2026-02-10T21:09:48.496+0000] {dag.py:3096} INFO - Sync 1 DAGs
[2026-02-10T21:09:48.504+0000] {logging_mixin.py:188} INFO - [2026-02-10T21:09:48.504+0000] {dag.py:3954} INFO - Setting next_dagrun for evidently_reporting_pipeline to 2026-02-10 12:00:00+00:00, run_after=2026-02-10 18:00:00+00:00
[2026-02-10T21:09:48.509+0000] {processor.py:183} INFO - Processing /opt/airflow/dags/evidently_reporting_pipeline.py took 0.261 seconds
[2026-02-10T21:10:18.772+0000] {processor.py:161} INFO - Started process (PID=537) to work on /opt/airflow/dags/evidently_reporting_pipeline.py
[2026-02-10T21:10:18.773+0000] {processor.py:830} INFO - Processing file /opt/airflow/dags/evidently_reporting_pipeline.py for tasks to queue
[2026-02-10T21:10:18.775+0000] {logging_mixin.py:188} INFO - [2026-02-10T21:10:18.774+0000] {dagbag.py:540} INFO - Filling up the DagBag from /opt/airflow/dags/evidently_reporting_pipeline.py
[2026-02-10T21:10:19.029+0000] {processor.py:840} INFO - DAG(s) 'evidently_reporting_pipeline' retrieved from /opt/airflow/dags/evidently_reporting_pipeline.py
[2026-02-10T21:10:19.065+0000] {logging_mixin.py:188} INFO - [2026-02-10T21:10:19.064+0000] {dag.py:3096} INFO - Sync 1 DAGs
[2026-02-10T21:10:19.074+0000] {logging_mixin.py:188} INFO - [2026-02-10T21:10:19.074+0000] {dag.py:3954} INFO - Setting next_dagrun for evidently_reporting_pipeline to 2026-02-10 12:00:00+00:00, run_after=2026-02-10 18:00:00+00:00
[2026-02-10T21:10:19.079+0000] {processor.py:183} INFO - Processing /opt/airflow/dags/evidently_reporting_pipeline.py took 0.313 seconds
[2026-02-10T21:10:49.421+0000] {processor.py:161} INFO - Started process (PID=558) to work on /opt/airflow/dags/evidently_reporting_pipeline.py
[2026-02-10T21:10:49.423+0000] {processor.py:830} INFO - Processing file /opt/airflow/dags/evidently_reporting_pipeline.py for tasks to queue
[2026-02-10T21:10:49.425+0000] {logging_mixin.py:188} INFO - [2026-02-10T21:10:49.425+0000] {dagbag.py:540} INFO - Filling up the DagBag from /opt/airflow/dags/evidently_reporting_pipeline.py
[2026-02-10T21:10:49.991+0000] {processor.py:840} INFO - DAG(s) 'evidently_reporting_pipeline' retrieved from /opt/airflow/dags/evidently_reporting_pipeline.py
[2026-02-10T21:10:50.009+0000] {logging_mixin.py:188} INFO - [2026-02-10T21:10:50.008+0000] {dag.py:3096} INFO - Sync 1 DAGs
[2026-02-10T21:10:50.028+0000] {logging_mixin.py:188} INFO - [2026-02-10T21:10:50.028+0000] {dag.py:3954} INFO - Setting next_dagrun for evidently_reporting_pipeline to 2026-02-10 12:00:00+00:00, run_after=2026-02-10 18:00:00+00:00
[2026-02-10T21:10:50.037+0000] {processor.py:183} INFO - Processing /opt/airflow/dags/evidently_reporting_pipeline.py took 0.633 seconds
[2026-02-10T21:11:20.784+0000] {processor.py:161} INFO - Started process (PID=576) to work on /opt/airflow/dags/evidently_reporting_pipeline.py
[2026-02-10T21:11:20.785+0000] {processor.py:830} INFO - Processing file /opt/airflow/dags/evidently_reporting_pipeline.py for tasks to queue
[2026-02-10T21:11:20.787+0000] {logging_mixin.py:188} INFO - [2026-02-10T21:11:20.787+0000] {dagbag.py:540} INFO - Filling up the DagBag from /opt/airflow/dags/evidently_reporting_pipeline.py
[2026-02-10T21:11:21.025+0000] {processor.py:840} INFO - DAG(s) 'evidently_reporting_pipeline' retrieved from /opt/airflow/dags/evidently_reporting_pipeline.py
[2026-02-10T21:11:21.044+0000] {logging_mixin.py:188} INFO - [2026-02-10T21:11:21.044+0000] {dag.py:3096} INFO - Sync 1 DAGs
[2026-02-10T21:11:21.057+0000] {logging_mixin.py:188} INFO - [2026-02-10T21:11:21.057+0000] {dag.py:3954} INFO - Setting next_dagrun for evidently_reporting_pipeline to 2026-02-10 12:00:00+00:00, run_after=2026-02-10 18:00:00+00:00
[2026-02-10T21:11:21.066+0000] {processor.py:183} INFO - Processing /opt/airflow/dags/evidently_reporting_pipeline.py took 0.291 seconds
[2026-02-10T21:11:51.378+0000] {processor.py:161} INFO - Started process (PID=594) to work on /opt/airflow/dags/evidently_reporting_pipeline.py
[2026-02-10T21:11:51.381+0000] {processor.py:830} INFO - Processing file /opt/airflow/dags/evidently_reporting_pipeline.py for tasks to queue
[2026-02-10T21:11:51.385+0000] {logging_mixin.py:188} INFO - [2026-02-10T21:11:51.385+0000] {dagbag.py:540} INFO - Filling up the DagBag from /opt/airflow/dags/evidently_reporting_pipeline.py
[2026-02-10T21:11:51.694+0000] {processor.py:840} INFO - DAG(s) 'evidently_reporting_pipeline' retrieved from /opt/airflow/dags/evidently_reporting_pipeline.py
[2026-02-10T21:11:51.719+0000] {logging_mixin.py:188} INFO - [2026-02-10T21:11:51.719+0000] {dag.py:3096} INFO - Sync 1 DAGs
[2026-02-10T21:11:51.729+0000] {logging_mixin.py:188} INFO - [2026-02-10T21:11:51.729+0000] {dag.py:3954} INFO - Setting next_dagrun for evidently_reporting_pipeline to 2026-02-10 12:00:00+00:00, run_after=2026-02-10 18:00:00+00:00
[2026-02-10T21:11:51.735+0000] {processor.py:183} INFO - Processing /opt/airflow/dags/evidently_reporting_pipeline.py took 0.367 seconds
[2026-02-10T21:12:22.071+0000] {processor.py:161} INFO - Started process (PID=612) to work on /opt/airflow/dags/evidently_reporting_pipeline.py
[2026-02-10T21:12:22.072+0000] {processor.py:830} INFO - Processing file /opt/airflow/dags/evidently_reporting_pipeline.py for tasks to queue
[2026-02-10T21:12:22.074+0000] {logging_mixin.py:188} INFO - [2026-02-10T21:12:22.073+0000] {dagbag.py:540} INFO - Filling up the DagBag from /opt/airflow/dags/evidently_reporting_pipeline.py
[2026-02-10T21:12:22.285+0000] {processor.py:840} INFO - DAG(s) 'evidently_reporting_pipeline' retrieved from /opt/airflow/dags/evidently_reporting_pipeline.py
[2026-02-10T21:12:22.296+0000] {logging_mixin.py:188} INFO - [2026-02-10T21:12:22.295+0000] {dag.py:3096} INFO - Sync 1 DAGs
[2026-02-10T21:12:22.303+0000] {logging_mixin.py:188} INFO - [2026-02-10T21:12:22.303+0000] {dag.py:3954} INFO - Setting next_dagrun for evidently_reporting_pipeline to 2026-02-10 12:00:00+00:00, run_after=2026-02-10 18:00:00+00:00
[2026-02-10T21:12:22.308+0000] {processor.py:183} INFO - Processing /opt/airflow/dags/evidently_reporting_pipeline.py took 0.245 seconds
[2026-02-10T21:12:52.403+0000] {processor.py:161} INFO - Started process (PID=630) to work on /opt/airflow/dags/evidently_reporting_pipeline.py
[2026-02-10T21:12:52.404+0000] {processor.py:830} INFO - Processing file /opt/airflow/dags/evidently_reporting_pipeline.py for tasks to queue
[2026-02-10T21:12:52.405+0000] {logging_mixin.py:188} INFO - [2026-02-10T21:12:52.405+0000] {dagbag.py:540} INFO - Filling up the DagBag from /opt/airflow/dags/evidently_reporting_pipeline.py
[2026-02-10T21:12:52.663+0000] {processor.py:840} INFO - DAG(s) 'evidently_reporting_pipeline' retrieved from /opt/airflow/dags/evidently_reporting_pipeline.py
[2026-02-10T21:12:52.701+0000] {logging_mixin.py:188} INFO - [2026-02-10T21:12:52.701+0000] {dag.py:3096} INFO - Sync 1 DAGs
[2026-02-10T21:12:52.714+0000] {logging_mixin.py:188} INFO - [2026-02-10T21:12:52.714+0000] {dag.py:3954} INFO - Setting next_dagrun for evidently_reporting_pipeline to 2026-02-10 12:00:00+00:00, run_after=2026-02-10 18:00:00+00:00
[2026-02-10T21:12:52.727+0000] {processor.py:183} INFO - Processing /opt/airflow/dags/evidently_reporting_pipeline.py took 0.330 seconds
[2026-02-10T21:13:22.758+0000] {processor.py:161} INFO - Started process (PID=648) to work on /opt/airflow/dags/evidently_reporting_pipeline.py
[2026-02-10T21:13:22.759+0000] {processor.py:830} INFO - Processing file /opt/airflow/dags/evidently_reporting_pipeline.py for tasks to queue
[2026-02-10T21:13:22.760+0000] {logging_mixin.py:188} INFO - [2026-02-10T21:13:22.759+0000] {dagbag.py:540} INFO - Filling up the DagBag from /opt/airflow/dags/evidently_reporting_pipeline.py
[2026-02-10T21:13:22.984+0000] {processor.py:840} INFO - DAG(s) 'evidently_reporting_pipeline' retrieved from /opt/airflow/dags/evidently_reporting_pipeline.py
[2026-02-10T21:13:22.997+0000] {logging_mixin.py:188} INFO - [2026-02-10T21:13:22.997+0000] {dag.py:3096} INFO - Sync 1 DAGs
[2026-02-10T21:13:23.007+0000] {logging_mixin.py:188} INFO - [2026-02-10T21:13:23.007+0000] {dag.py:3954} INFO - Setting next_dagrun for evidently_reporting_pipeline to 2026-02-10 12:00:00+00:00, run_after=2026-02-10 18:00:00+00:00
[2026-02-10T21:13:23.015+0000] {processor.py:183} INFO - Processing /opt/airflow/dags/evidently_reporting_pipeline.py took 0.261 seconds
[2026-02-10T21:13:53.297+0000] {processor.py:161} INFO - Started process (PID=666) to work on /opt/airflow/dags/evidently_reporting_pipeline.py
[2026-02-10T21:13:53.299+0000] {processor.py:830} INFO - Processing file /opt/airflow/dags/evidently_reporting_pipeline.py for tasks to queue
[2026-02-10T21:13:53.300+0000] {logging_mixin.py:188} INFO - [2026-02-10T21:13:53.300+0000] {dagbag.py:540} INFO - Filling up the DagBag from /opt/airflow/dags/evidently_reporting_pipeline.py
[2026-02-10T21:13:53.537+0000] {processor.py:840} INFO - DAG(s) 'evidently_reporting_pipeline' retrieved from /opt/airflow/dags/evidently_reporting_pipeline.py
[2026-02-10T21:13:53.549+0000] {logging_mixin.py:188} INFO - [2026-02-10T21:13:53.549+0000] {dag.py:3096} INFO - Sync 1 DAGs
[2026-02-10T21:13:53.559+0000] {logging_mixin.py:188} INFO - [2026-02-10T21:13:53.559+0000] {dag.py:3954} INFO - Setting next_dagrun for evidently_reporting_pipeline to 2026-02-10 12:00:00+00:00, run_after=2026-02-10 18:00:00+00:00
[2026-02-10T21:13:53.568+0000] {processor.py:183} INFO - Processing /opt/airflow/dags/evidently_reporting_pipeline.py took 0.276 seconds
[2026-02-10T21:14:23.835+0000] {processor.py:161} INFO - Started process (PID=684) to work on /opt/airflow/dags/evidently_reporting_pipeline.py
[2026-02-10T21:14:23.836+0000] {processor.py:830} INFO - Processing file /opt/airflow/dags/evidently_reporting_pipeline.py for tasks to queue
[2026-02-10T21:14:23.838+0000] {logging_mixin.py:188} INFO - [2026-02-10T21:14:23.838+0000] {dagbag.py:540} INFO - Filling up the DagBag from /opt/airflow/dags/evidently_reporting_pipeline.py
[2026-02-10T21:14:24.042+0000] {processor.py:840} INFO - DAG(s) 'evidently_reporting_pipeline' retrieved from /opt/airflow/dags/evidently_reporting_pipeline.py
[2026-02-10T21:14:24.052+0000] {logging_mixin.py:188} INFO - [2026-02-10T21:14:24.052+0000] {dag.py:3096} INFO - Sync 1 DAGs
[2026-02-10T21:14:24.058+0000] {logging_mixin.py:188} INFO - [2026-02-10T21:14:24.058+0000] {dag.py:3954} INFO - Setting next_dagrun for evidently_reporting_pipeline to 2026-02-10 12:00:00+00:00, run_after=2026-02-10 18:00:00+00:00
[2026-02-10T21:14:24.068+0000] {processor.py:183} INFO - Processing /opt/airflow/dags/evidently_reporting_pipeline.py took 0.238 seconds
[2026-02-10T21:14:54.366+0000] {processor.py:161} INFO - Started process (PID=702) to work on /opt/airflow/dags/evidently_reporting_pipeline.py
[2026-02-10T21:14:54.367+0000] {processor.py:830} INFO - Processing file /opt/airflow/dags/evidently_reporting_pipeline.py for tasks to queue
[2026-02-10T21:14:54.368+0000] {logging_mixin.py:188} INFO - [2026-02-10T21:14:54.368+0000] {dagbag.py:540} INFO - Filling up the DagBag from /opt/airflow/dags/evidently_reporting_pipeline.py
[2026-02-10T21:14:54.535+0000] {processor.py:840} INFO - DAG(s) 'evidently_reporting_pipeline' retrieved from /opt/airflow/dags/evidently_reporting_pipeline.py
[2026-02-10T21:14:54.545+0000] {logging_mixin.py:188} INFO - [2026-02-10T21:14:54.544+0000] {dag.py:3096} INFO - Sync 1 DAGs
[2026-02-10T21:14:54.551+0000] {logging_mixin.py:188} INFO - [2026-02-10T21:14:54.551+0000] {dag.py:3954} INFO - Setting next_dagrun for evidently_reporting_pipeline to 2026-02-10 12:00:00+00:00, run_after=2026-02-10 18:00:00+00:00
[2026-02-10T21:14:54.557+0000] {processor.py:183} INFO - Processing /opt/airflow/dags/evidently_reporting_pipeline.py took 0.195 seconds
[2026-02-10T21:15:24.831+0000] {processor.py:161} INFO - Started process (PID=720) to work on /opt/airflow/dags/evidently_reporting_pipeline.py
[2026-02-10T21:15:24.832+0000] {processor.py:830} INFO - Processing file /opt/airflow/dags/evidently_reporting_pipeline.py for tasks to queue
[2026-02-10T21:15:24.833+0000] {logging_mixin.py:188} INFO - [2026-02-10T21:15:24.833+0000] {dagbag.py:540} INFO - Filling up the DagBag from /opt/airflow/dags/evidently_reporting_pipeline.py
[2026-02-10T21:15:25.079+0000] {processor.py:840} INFO - DAG(s) 'evidently_reporting_pipeline' retrieved from /opt/airflow/dags/evidently_reporting_pipeline.py
[2026-02-10T21:15:25.092+0000] {logging_mixin.py:188} INFO - [2026-02-10T21:15:25.092+0000] {dag.py:3096} INFO - Sync 1 DAGs
[2026-02-10T21:15:25.101+0000] {logging_mixin.py:188} INFO - [2026-02-10T21:15:25.100+0000] {dag.py:3954} INFO - Setting next_dagrun for evidently_reporting_pipeline to 2026-02-10 12:00:00+00:00, run_after=2026-02-10 18:00:00+00:00
[2026-02-10T21:15:25.107+0000] {processor.py:183} INFO - Processing /opt/airflow/dags/evidently_reporting_pipeline.py took 0.281 seconds
[2026-02-10T21:15:55.292+0000] {processor.py:161} INFO - Started process (PID=738) to work on /opt/airflow/dags/evidently_reporting_pipeline.py
[2026-02-10T21:15:55.293+0000] {processor.py:830} INFO - Processing file /opt/airflow/dags/evidently_reporting_pipeline.py for tasks to queue
[2026-02-10T21:15:55.296+0000] {logging_mixin.py:188} INFO - [2026-02-10T21:15:55.296+0000] {dagbag.py:540} INFO - Filling up the DagBag from /opt/airflow/dags/evidently_reporting_pipeline.py
[2026-02-10T21:15:55.480+0000] {processor.py:840} INFO - DAG(s) 'evidently_reporting_pipeline' retrieved from /opt/airflow/dags/evidently_reporting_pipeline.py
[2026-02-10T21:15:55.489+0000] {logging_mixin.py:188} INFO - [2026-02-10T21:15:55.489+0000] {dag.py:3096} INFO - Sync 1 DAGs
[2026-02-10T21:15:55.496+0000] {logging_mixin.py:188} INFO - [2026-02-10T21:15:55.496+0000] {dag.py:3954} INFO - Setting next_dagrun for evidently_reporting_pipeline to 2026-02-10 12:00:00+00:00, run_after=2026-02-10 18:00:00+00:00
[2026-02-10T21:15:55.503+0000] {processor.py:183} INFO - Processing /opt/airflow/dags/evidently_reporting_pipeline.py took 0.219 seconds
[2026-02-10T21:16:25.574+0000] {processor.py:161} INFO - Started process (PID=756) to work on /opt/airflow/dags/evidently_reporting_pipeline.py
[2026-02-10T21:16:25.575+0000] {processor.py:830} INFO - Processing file /opt/airflow/dags/evidently_reporting_pipeline.py for tasks to queue
[2026-02-10T21:16:25.576+0000] {logging_mixin.py:188} INFO - [2026-02-10T21:16:25.576+0000] {dagbag.py:540} INFO - Filling up the DagBag from /opt/airflow/dags/evidently_reporting_pipeline.py
[2026-02-10T21:16:25.743+0000] {processor.py:840} INFO - DAG(s) 'evidently_reporting_pipeline' retrieved from /opt/airflow/dags/evidently_reporting_pipeline.py
[2026-02-10T21:16:25.753+0000] {logging_mixin.py:188} INFO - [2026-02-10T21:16:25.753+0000] {dag.py:3096} INFO - Sync 1 DAGs
[2026-02-10T21:16:25.759+0000] {logging_mixin.py:188} INFO - [2026-02-10T21:16:25.759+0000] {dag.py:3954} INFO - Setting next_dagrun for evidently_reporting_pipeline to 2026-02-10 12:00:00+00:00, run_after=2026-02-10 18:00:00+00:00
[2026-02-10T21:16:25.765+0000] {processor.py:183} INFO - Processing /opt/airflow/dags/evidently_reporting_pipeline.py took 0.197 seconds
[2026-02-10T21:16:56.030+0000] {processor.py:161} INFO - Started process (PID=774) to work on /opt/airflow/dags/evidently_reporting_pipeline.py
[2026-02-10T21:16:56.031+0000] {processor.py:830} INFO - Processing file /opt/airflow/dags/evidently_reporting_pipeline.py for tasks to queue
[2026-02-10T21:16:56.033+0000] {logging_mixin.py:188} INFO - [2026-02-10T21:16:56.032+0000] {dagbag.py:540} INFO - Filling up the DagBag from /opt/airflow/dags/evidently_reporting_pipeline.py
[2026-02-10T21:16:56.202+0000] {processor.py:840} INFO - DAG(s) 'evidently_reporting_pipeline' retrieved from /opt/airflow/dags/evidently_reporting_pipeline.py
[2026-02-10T21:16:56.212+0000] {logging_mixin.py:188} INFO - [2026-02-10T21:16:56.211+0000] {dag.py:3096} INFO - Sync 1 DAGs
[2026-02-10T21:16:56.218+0000] {logging_mixin.py:188} INFO - [2026-02-10T21:16:56.218+0000] {dag.py:3954} INFO - Setting next_dagrun for evidently_reporting_pipeline to 2026-02-10 12:00:00+00:00, run_after=2026-02-10 18:00:00+00:00
[2026-02-10T21:16:56.224+0000] {processor.py:183} INFO - Processing /opt/airflow/dags/evidently_reporting_pipeline.py took 0.199 seconds
[2026-02-10T21:17:26.485+0000] {processor.py:161} INFO - Started process (PID=792) to work on /opt/airflow/dags/evidently_reporting_pipeline.py
[2026-02-10T21:17:26.486+0000] {processor.py:830} INFO - Processing file /opt/airflow/dags/evidently_reporting_pipeline.py for tasks to queue
[2026-02-10T21:17:26.487+0000] {logging_mixin.py:188} INFO - [2026-02-10T21:17:26.487+0000] {dagbag.py:540} INFO - Filling up the DagBag from /opt/airflow/dags/evidently_reporting_pipeline.py
[2026-02-10T21:17:26.651+0000] {processor.py:840} INFO - DAG(s) 'evidently_reporting_pipeline' retrieved from /opt/airflow/dags/evidently_reporting_pipeline.py
[2026-02-10T21:17:26.661+0000] {logging_mixin.py:188} INFO - [2026-02-10T21:17:26.661+0000] {dag.py:3096} INFO - Sync 1 DAGs
[2026-02-10T21:17:26.668+0000] {logging_mixin.py:188} INFO - [2026-02-10T21:17:26.667+0000] {dag.py:3954} INFO - Setting next_dagrun for evidently_reporting_pipeline to 2026-02-10 12:00:00+00:00, run_after=2026-02-10 18:00:00+00:00
[2026-02-10T21:17:26.674+0000] {processor.py:183} INFO - Processing /opt/airflow/dags/evidently_reporting_pipeline.py took 0.196 seconds
[2026-02-10T21:17:56.966+0000] {processor.py:161} INFO - Started process (PID=810) to work on /opt/airflow/dags/evidently_reporting_pipeline.py
[2026-02-10T21:17:56.968+0000] {processor.py:830} INFO - Processing file /opt/airflow/dags/evidently_reporting_pipeline.py for tasks to queue
[2026-02-10T21:17:56.970+0000] {logging_mixin.py:188} INFO - [2026-02-10T21:17:56.970+0000] {dagbag.py:540} INFO - Filling up the DagBag from /opt/airflow/dags/evidently_reporting_pipeline.py
[2026-02-10T21:17:57.202+0000] {processor.py:840} INFO - DAG(s) 'evidently_reporting_pipeline' retrieved from /opt/airflow/dags/evidently_reporting_pipeline.py
[2026-02-10T21:17:57.218+0000] {logging_mixin.py:188} INFO - [2026-02-10T21:17:57.217+0000] {dag.py:3096} INFO - Sync 1 DAGs
[2026-02-10T21:17:57.227+0000] {logging_mixin.py:188} INFO - [2026-02-10T21:17:57.227+0000] {dag.py:3954} INFO - Setting next_dagrun for evidently_reporting_pipeline to 2026-02-10 12:00:00+00:00, run_after=2026-02-10 18:00:00+00:00
[2026-02-10T21:17:57.235+0000] {processor.py:183} INFO - Processing /opt/airflow/dags/evidently_reporting_pipeline.py took 0.277 seconds
[2026-02-10T21:18:27.523+0000] {processor.py:161} INFO - Started process (PID=828) to work on /opt/airflow/dags/evidently_reporting_pipeline.py
[2026-02-10T21:18:27.524+0000] {processor.py:830} INFO - Processing file /opt/airflow/dags/evidently_reporting_pipeline.py for tasks to queue
[2026-02-10T21:18:27.526+0000] {logging_mixin.py:188} INFO - [2026-02-10T21:18:27.526+0000] {dagbag.py:540} INFO - Filling up the DagBag from /opt/airflow/dags/evidently_reporting_pipeline.py
[2026-02-10T21:18:27.723+0000] {processor.py:840} INFO - DAG(s) 'evidently_reporting_pipeline' retrieved from /opt/airflow/dags/evidently_reporting_pipeline.py
[2026-02-10T21:18:27.733+0000] {logging_mixin.py:188} INFO - [2026-02-10T21:18:27.733+0000] {dag.py:3096} INFO - Sync 1 DAGs
[2026-02-10T21:18:27.741+0000] {logging_mixin.py:188} INFO - [2026-02-10T21:18:27.741+0000] {dag.py:3954} INFO - Setting next_dagrun for evidently_reporting_pipeline to 2026-02-10 12:00:00+00:00, run_after=2026-02-10 18:00:00+00:00
[2026-02-10T21:18:27.746+0000] {processor.py:183} INFO - Processing /opt/airflow/dags/evidently_reporting_pipeline.py took 0.231 seconds
[2026-02-10T21:18:57.793+0000] {processor.py:161} INFO - Started process (PID=847) to work on /opt/airflow/dags/evidently_reporting_pipeline.py
[2026-02-10T21:18:57.796+0000] {processor.py:830} INFO - Processing file /opt/airflow/dags/evidently_reporting_pipeline.py for tasks to queue
[2026-02-10T21:18:57.800+0000] {logging_mixin.py:188} INFO - [2026-02-10T21:18:57.799+0000] {dagbag.py:540} INFO - Filling up the DagBag from /opt/airflow/dags/evidently_reporting_pipeline.py
[2026-02-10T21:18:58.004+0000] {processor.py:840} INFO - DAG(s) 'evidently_reporting_pipeline' retrieved from /opt/airflow/dags/evidently_reporting_pipeline.py
[2026-02-10T21:18:58.017+0000] {logging_mixin.py:188} INFO - [2026-02-10T21:18:58.017+0000] {dag.py:3096} INFO - Sync 1 DAGs
[2026-02-10T21:18:58.027+0000] {logging_mixin.py:188} INFO - [2026-02-10T21:18:58.027+0000] {dag.py:3954} INFO - Setting next_dagrun for evidently_reporting_pipeline to 2026-02-10 12:00:00+00:00, run_after=2026-02-10 18:00:00+00:00
[2026-02-10T21:18:58.035+0000] {processor.py:183} INFO - Processing /opt/airflow/dags/evidently_reporting_pipeline.py took 0.247 seconds
[2026-02-10T21:19:28.287+0000] {processor.py:161} INFO - Started process (PID=865) to work on /opt/airflow/dags/evidently_reporting_pipeline.py
[2026-02-10T21:19:28.288+0000] {processor.py:830} INFO - Processing file /opt/airflow/dags/evidently_reporting_pipeline.py for tasks to queue
[2026-02-10T21:19:28.289+0000] {logging_mixin.py:188} INFO - [2026-02-10T21:19:28.289+0000] {dagbag.py:540} INFO - Filling up the DagBag from /opt/airflow/dags/evidently_reporting_pipeline.py
[2026-02-10T21:19:28.448+0000] {processor.py:840} INFO - DAG(s) 'evidently_reporting_pipeline' retrieved from /opt/airflow/dags/evidently_reporting_pipeline.py
[2026-02-10T21:19:28.458+0000] {logging_mixin.py:188} INFO - [2026-02-10T21:19:28.458+0000] {dag.py:3096} INFO - Sync 1 DAGs
[2026-02-10T21:19:28.465+0000] {logging_mixin.py:188} INFO - [2026-02-10T21:19:28.465+0000] {dag.py:3954} INFO - Setting next_dagrun for evidently_reporting_pipeline to 2026-02-10 12:00:00+00:00, run_after=2026-02-10 18:00:00+00:00
[2026-02-10T21:19:28.471+0000] {processor.py:183} INFO - Processing /opt/airflow/dags/evidently_reporting_pipeline.py took 0.189 seconds
[2026-02-10T21:19:58.727+0000] {processor.py:161} INFO - Started process (PID=883) to work on /opt/airflow/dags/evidently_reporting_pipeline.py
[2026-02-10T21:19:58.727+0000] {processor.py:830} INFO - Processing file /opt/airflow/dags/evidently_reporting_pipeline.py for tasks to queue
[2026-02-10T21:19:58.728+0000] {logging_mixin.py:188} INFO - [2026-02-10T21:19:58.728+0000] {dagbag.py:540} INFO - Filling up the DagBag from /opt/airflow/dags/evidently_reporting_pipeline.py
[2026-02-10T21:19:58.896+0000] {processor.py:840} INFO - DAG(s) 'evidently_reporting_pipeline' retrieved from /opt/airflow/dags/evidently_reporting_pipeline.py
[2026-02-10T21:19:58.908+0000] {logging_mixin.py:188} INFO - [2026-02-10T21:19:58.907+0000] {dag.py:3096} INFO - Sync 1 DAGs
[2026-02-10T21:19:58.916+0000] {logging_mixin.py:188} INFO - [2026-02-10T21:19:58.916+0000] {dag.py:3954} INFO - Setting next_dagrun for evidently_reporting_pipeline to 2026-02-10 12:00:00+00:00, run_after=2026-02-10 18:00:00+00:00
[2026-02-10T21:19:58.924+0000] {processor.py:183} INFO - Processing /opt/airflow/dags/evidently_reporting_pipeline.py took 0.200 seconds
[2026-02-10T21:20:29.204+0000] {processor.py:161} INFO - Started process (PID=901) to work on /opt/airflow/dags/evidently_reporting_pipeline.py
[2026-02-10T21:20:29.205+0000] {processor.py:830} INFO - Processing file /opt/airflow/dags/evidently_reporting_pipeline.py for tasks to queue
[2026-02-10T21:20:29.206+0000] {logging_mixin.py:188} INFO - [2026-02-10T21:20:29.206+0000] {dagbag.py:540} INFO - Filling up the DagBag from /opt/airflow/dags/evidently_reporting_pipeline.py
[2026-02-10T21:20:29.324+0000] {processor.py:840} INFO - DAG(s) 'evidently_reporting_pipeline' retrieved from /opt/airflow/dags/evidently_reporting_pipeline.py
[2026-02-10T21:20:29.335+0000] {logging_mixin.py:188} INFO - [2026-02-10T21:20:29.335+0000] {dag.py:3096} INFO - Sync 1 DAGs
[2026-02-10T21:20:29.343+0000] {logging_mixin.py:188} INFO - [2026-02-10T21:20:29.343+0000] {dag.py:3954} INFO - Setting next_dagrun for evidently_reporting_pipeline to 2026-02-10 12:00:00+00:00, run_after=2026-02-10 18:00:00+00:00
[2026-02-10T21:20:29.350+0000] {processor.py:183} INFO - Processing /opt/airflow/dags/evidently_reporting_pipeline.py took 0.150 seconds
[2026-02-10T21:20:59.637+0000] {processor.py:161} INFO - Started process (PID=919) to work on /opt/airflow/dags/evidently_reporting_pipeline.py
[2026-02-10T21:20:59.638+0000] {processor.py:830} INFO - Processing file /opt/airflow/dags/evidently_reporting_pipeline.py for tasks to queue
[2026-02-10T21:20:59.640+0000] {logging_mixin.py:188} INFO - [2026-02-10T21:20:59.639+0000] {dagbag.py:540} INFO - Filling up the DagBag from /opt/airflow/dags/evidently_reporting_pipeline.py
[2026-02-10T21:20:59.780+0000] {processor.py:840} INFO - DAG(s) 'evidently_reporting_pipeline' retrieved from /opt/airflow/dags/evidently_reporting_pipeline.py
[2026-02-10T21:20:59.792+0000] {logging_mixin.py:188} INFO - [2026-02-10T21:20:59.792+0000] {dag.py:3096} INFO - Sync 1 DAGs
[2026-02-10T21:20:59.801+0000] {logging_mixin.py:188} INFO - [2026-02-10T21:20:59.801+0000] {dag.py:3954} INFO - Setting next_dagrun for evidently_reporting_pipeline to 2026-02-10 12:00:00+00:00, run_after=2026-02-10 18:00:00+00:00
[2026-02-10T21:20:59.808+0000] {processor.py:183} INFO - Processing /opt/airflow/dags/evidently_reporting_pipeline.py took 0.178 seconds
[2026-02-10T21:21:30.066+0000] {processor.py:161} INFO - Started process (PID=937) to work on /opt/airflow/dags/evidently_reporting_pipeline.py
[2026-02-10T21:21:30.068+0000] {processor.py:830} INFO - Processing file /opt/airflow/dags/evidently_reporting_pipeline.py for tasks to queue
[2026-02-10T21:21:30.070+0000] {logging_mixin.py:188} INFO - [2026-02-10T21:21:30.070+0000] {dagbag.py:540} INFO - Filling up the DagBag from /opt/airflow/dags/evidently_reporting_pipeline.py
[2026-02-10T21:21:30.178+0000] {processor.py:840} INFO - DAG(s) 'evidently_reporting_pipeline' retrieved from /opt/airflow/dags/evidently_reporting_pipeline.py
[2026-02-10T21:21:30.189+0000] {logging_mixin.py:188} INFO - [2026-02-10T21:21:30.189+0000] {dag.py:3096} INFO - Sync 1 DAGs
[2026-02-10T21:21:30.196+0000] {logging_mixin.py:188} INFO - [2026-02-10T21:21:30.196+0000] {dag.py:3954} INFO - Setting next_dagrun for evidently_reporting_pipeline to 2026-02-10 12:00:00+00:00, run_after=2026-02-10 18:00:00+00:00
[2026-02-10T21:21:30.203+0000] {processor.py:183} INFO - Processing /opt/airflow/dags/evidently_reporting_pipeline.py took 0.141 seconds
[2026-02-10T21:22:00.458+0000] {processor.py:161} INFO - Started process (PID=955) to work on /opt/airflow/dags/evidently_reporting_pipeline.py
[2026-02-10T21:22:00.458+0000] {processor.py:830} INFO - Processing file /opt/airflow/dags/evidently_reporting_pipeline.py for tasks to queue
[2026-02-10T21:22:00.460+0000] {logging_mixin.py:188} INFO - [2026-02-10T21:22:00.459+0000] {dagbag.py:540} INFO - Filling up the DagBag from /opt/airflow/dags/evidently_reporting_pipeline.py
[2026-02-10T21:22:00.564+0000] {processor.py:840} INFO - DAG(s) 'evidently_reporting_pipeline' retrieved from /opt/airflow/dags/evidently_reporting_pipeline.py
[2026-02-10T21:22:00.575+0000] {logging_mixin.py:188} INFO - [2026-02-10T21:22:00.575+0000] {dag.py:3096} INFO - Sync 1 DAGs
[2026-02-10T21:22:00.583+0000] {logging_mixin.py:188} INFO - [2026-02-10T21:22:00.583+0000] {dag.py:3954} INFO - Setting next_dagrun for evidently_reporting_pipeline to 2026-02-10 12:00:00+00:00, run_after=2026-02-10 18:00:00+00:00
[2026-02-10T21:22:00.589+0000] {processor.py:183} INFO - Processing /opt/airflow/dags/evidently_reporting_pipeline.py took 0.136 seconds
[2026-02-10T21:22:30.814+0000] {processor.py:161} INFO - Started process (PID=973) to work on /opt/airflow/dags/evidently_reporting_pipeline.py
[2026-02-10T21:22:30.815+0000] {processor.py:830} INFO - Processing file /opt/airflow/dags/evidently_reporting_pipeline.py for tasks to queue
[2026-02-10T21:22:30.816+0000] {logging_mixin.py:188} INFO - [2026-02-10T21:22:30.816+0000] {dagbag.py:540} INFO - Filling up the DagBag from /opt/airflow/dags/evidently_reporting_pipeline.py
[2026-02-10T21:22:30.928+0000] {processor.py:840} INFO - DAG(s) 'evidently_reporting_pipeline' retrieved from /opt/airflow/dags/evidently_reporting_pipeline.py
[2026-02-10T21:22:30.940+0000] {logging_mixin.py:188} INFO - [2026-02-10T21:22:30.940+0000] {dag.py:3096} INFO - Sync 1 DAGs
[2026-02-10T21:22:30.948+0000] {logging_mixin.py:188} INFO - [2026-02-10T21:22:30.948+0000] {dag.py:3954} INFO - Setting next_dagrun for evidently_reporting_pipeline to 2026-02-10 12:00:00+00:00, run_after=2026-02-10 18:00:00+00:00
[2026-02-10T21:22:30.955+0000] {processor.py:183} INFO - Processing /opt/airflow/dags/evidently_reporting_pipeline.py took 0.144 seconds
[2026-02-10T21:23:01.039+0000] {processor.py:161} INFO - Started process (PID=991) to work on /opt/airflow/dags/evidently_reporting_pipeline.py
[2026-02-10T21:23:01.040+0000] {processor.py:830} INFO - Processing file /opt/airflow/dags/evidently_reporting_pipeline.py for tasks to queue
[2026-02-10T21:23:01.042+0000] {logging_mixin.py:188} INFO - [2026-02-10T21:23:01.042+0000] {dagbag.py:540} INFO - Filling up the DagBag from /opt/airflow/dags/evidently_reporting_pipeline.py
[2026-02-10T21:23:01.166+0000] {processor.py:840} INFO - DAG(s) 'evidently_reporting_pipeline' retrieved from /opt/airflow/dags/evidently_reporting_pipeline.py
[2026-02-10T21:23:01.178+0000] {logging_mixin.py:188} INFO - [2026-02-10T21:23:01.178+0000] {dag.py:3096} INFO - Sync 1 DAGs
[2026-02-10T21:23:01.186+0000] {logging_mixin.py:188} INFO - [2026-02-10T21:23:01.186+0000] {dag.py:3954} INFO - Setting next_dagrun for evidently_reporting_pipeline to 2026-02-10 12:00:00+00:00, run_after=2026-02-10 18:00:00+00:00
[2026-02-10T21:23:01.192+0000] {processor.py:183} INFO - Processing /opt/airflow/dags/evidently_reporting_pipeline.py took 0.160 seconds
[2026-02-10T21:23:31.472+0000] {processor.py:161} INFO - Started process (PID=1009) to work on /opt/airflow/dags/evidently_reporting_pipeline.py
[2026-02-10T21:23:31.473+0000] {processor.py:830} INFO - Processing file /opt/airflow/dags/evidently_reporting_pipeline.py for tasks to queue
[2026-02-10T21:23:31.475+0000] {logging_mixin.py:188} INFO - [2026-02-10T21:23:31.475+0000] {dagbag.py:540} INFO - Filling up the DagBag from /opt/airflow/dags/evidently_reporting_pipeline.py
[2026-02-10T21:23:31.616+0000] {processor.py:840} INFO - DAG(s) 'evidently_reporting_pipeline' retrieved from /opt/airflow/dags/evidently_reporting_pipeline.py
[2026-02-10T21:23:31.633+0000] {logging_mixin.py:188} INFO - [2026-02-10T21:23:31.633+0000] {dag.py:3096} INFO - Sync 1 DAGs
[2026-02-10T21:23:31.647+0000] {logging_mixin.py:188} INFO - [2026-02-10T21:23:31.646+0000] {dag.py:3954} INFO - Setting next_dagrun for evidently_reporting_pipeline to 2026-02-10 12:00:00+00:00, run_after=2026-02-10 18:00:00+00:00
[2026-02-10T21:23:31.656+0000] {processor.py:183} INFO - Processing /opt/airflow/dags/evidently_reporting_pipeline.py took 0.193 seconds
[2026-02-10T21:24:01.790+0000] {processor.py:161} INFO - Started process (PID=1027) to work on /opt/airflow/dags/evidently_reporting_pipeline.py
[2026-02-10T21:24:01.791+0000] {processor.py:830} INFO - Processing file /opt/airflow/dags/evidently_reporting_pipeline.py for tasks to queue
[2026-02-10T21:24:01.793+0000] {logging_mixin.py:188} INFO - [2026-02-10T21:24:01.792+0000] {dagbag.py:540} INFO - Filling up the DagBag from /opt/airflow/dags/evidently_reporting_pipeline.py
[2026-02-10T21:24:01.907+0000] {processor.py:840} INFO - DAG(s) 'evidently_reporting_pipeline' retrieved from /opt/airflow/dags/evidently_reporting_pipeline.py
[2026-02-10T21:24:01.919+0000] {logging_mixin.py:188} INFO - [2026-02-10T21:24:01.919+0000] {dag.py:3096} INFO - Sync 1 DAGs
[2026-02-10T21:24:01.927+0000] {logging_mixin.py:188} INFO - [2026-02-10T21:24:01.927+0000] {dag.py:3954} INFO - Setting next_dagrun for evidently_reporting_pipeline to 2026-02-10 12:00:00+00:00, run_after=2026-02-10 18:00:00+00:00
[2026-02-10T21:24:01.934+0000] {processor.py:183} INFO - Processing /opt/airflow/dags/evidently_reporting_pipeline.py took 0.150 seconds
[2026-02-10T21:24:32.209+0000] {processor.py:161} INFO - Started process (PID=1045) to work on /opt/airflow/dags/evidently_reporting_pipeline.py
[2026-02-10T21:24:32.210+0000] {processor.py:830} INFO - Processing file /opt/airflow/dags/evidently_reporting_pipeline.py for tasks to queue
[2026-02-10T21:24:32.211+0000] {logging_mixin.py:188} INFO - [2026-02-10T21:24:32.211+0000] {dagbag.py:540} INFO - Filling up the DagBag from /opt/airflow/dags/evidently_reporting_pipeline.py
[2026-02-10T21:24:32.315+0000] {processor.py:840} INFO - DAG(s) 'evidently_reporting_pipeline' retrieved from /opt/airflow/dags/evidently_reporting_pipeline.py
[2026-02-10T21:24:32.325+0000] {logging_mixin.py:188} INFO - [2026-02-10T21:24:32.325+0000] {dag.py:3096} INFO - Sync 1 DAGs
[2026-02-10T21:24:32.332+0000] {logging_mixin.py:188} INFO - [2026-02-10T21:24:32.332+0000] {dag.py:3954} INFO - Setting next_dagrun for evidently_reporting_pipeline to 2026-02-10 12:00:00+00:00, run_after=2026-02-10 18:00:00+00:00
[2026-02-10T21:24:32.338+0000] {processor.py:183} INFO - Processing /opt/airflow/dags/evidently_reporting_pipeline.py took 0.135 seconds
[2026-02-10T21:25:02.628+0000] {processor.py:161} INFO - Started process (PID=1063) to work on /opt/airflow/dags/evidently_reporting_pipeline.py
[2026-02-10T21:25:02.628+0000] {processor.py:830} INFO - Processing file /opt/airflow/dags/evidently_reporting_pipeline.py for tasks to queue
[2026-02-10T21:25:02.630+0000] {logging_mixin.py:188} INFO - [2026-02-10T21:25:02.629+0000] {dagbag.py:540} INFO - Filling up the DagBag from /opt/airflow/dags/evidently_reporting_pipeline.py
[2026-02-10T21:25:02.735+0000] {processor.py:840} INFO - DAG(s) 'evidently_reporting_pipeline' retrieved from /opt/airflow/dags/evidently_reporting_pipeline.py
[2026-02-10T21:25:02.745+0000] {logging_mixin.py:188} INFO - [2026-02-10T21:25:02.745+0000] {dag.py:3096} INFO - Sync 1 DAGs
[2026-02-10T21:25:02.753+0000] {logging_mixin.py:188} INFO - [2026-02-10T21:25:02.753+0000] {dag.py:3954} INFO - Setting next_dagrun for evidently_reporting_pipeline to 2026-02-10 12:00:00+00:00, run_after=2026-02-10 18:00:00+00:00
[2026-02-10T21:25:02.759+0000] {processor.py:183} INFO - Processing /opt/airflow/dags/evidently_reporting_pipeline.py took 0.136 seconds
[2026-02-10T21:25:32.930+0000] {processor.py:161} INFO - Started process (PID=1081) to work on /opt/airflow/dags/evidently_reporting_pipeline.py
[2026-02-10T21:25:32.931+0000] {processor.py:830} INFO - Processing file /opt/airflow/dags/evidently_reporting_pipeline.py for tasks to queue
[2026-02-10T21:25:32.932+0000] {logging_mixin.py:188} INFO - [2026-02-10T21:25:32.932+0000] {dagbag.py:540} INFO - Filling up the DagBag from /opt/airflow/dags/evidently_reporting_pipeline.py
[2026-02-10T21:25:33.042+0000] {processor.py:840} INFO - DAG(s) 'evidently_reporting_pipeline' retrieved from /opt/airflow/dags/evidently_reporting_pipeline.py
[2026-02-10T21:25:33.052+0000] {logging_mixin.py:188} INFO - [2026-02-10T21:25:33.052+0000] {dag.py:3096} INFO - Sync 1 DAGs
[2026-02-10T21:25:33.059+0000] {logging_mixin.py:188} INFO - [2026-02-10T21:25:33.059+0000] {dag.py:3954} INFO - Setting next_dagrun for evidently_reporting_pipeline to 2026-02-10 12:00:00+00:00, run_after=2026-02-10 18:00:00+00:00
[2026-02-10T21:25:33.065+0000] {processor.py:183} INFO - Processing /opt/airflow/dags/evidently_reporting_pipeline.py took 0.140 seconds
[2026-02-10T21:26:03.361+0000] {processor.py:161} INFO - Started process (PID=1099) to work on /opt/airflow/dags/evidently_reporting_pipeline.py
[2026-02-10T21:26:03.362+0000] {processor.py:830} INFO - Processing file /opt/airflow/dags/evidently_reporting_pipeline.py for tasks to queue
[2026-02-10T21:26:03.364+0000] {logging_mixin.py:188} INFO - [2026-02-10T21:26:03.363+0000] {dagbag.py:540} INFO - Filling up the DagBag from /opt/airflow/dags/evidently_reporting_pipeline.py
[2026-02-10T21:26:03.500+0000] {processor.py:840} INFO - DAG(s) 'evidently_reporting_pipeline' retrieved from /opt/airflow/dags/evidently_reporting_pipeline.py
[2026-02-10T21:26:03.520+0000] {logging_mixin.py:188} INFO - [2026-02-10T21:26:03.519+0000] {dag.py:3096} INFO - Sync 1 DAGs
[2026-02-10T21:26:03.531+0000] {logging_mixin.py:188} INFO - [2026-02-10T21:26:03.531+0000] {dag.py:3954} INFO - Setting next_dagrun for evidently_reporting_pipeline to 2026-02-10 12:00:00+00:00, run_after=2026-02-10 18:00:00+00:00
[2026-02-10T21:26:03.539+0000] {processor.py:183} INFO - Processing /opt/airflow/dags/evidently_reporting_pipeline.py took 0.186 seconds
[2026-02-10T21:42:07.588+0000] {processor.py:161} INFO - Started process (PID=1119) to work on /opt/airflow/dags/evidently_reporting_pipeline.py
[2026-02-10T21:42:07.589+0000] {processor.py:830} INFO - Processing file /opt/airflow/dags/evidently_reporting_pipeline.py for tasks to queue
[2026-02-10T21:42:07.590+0000] {logging_mixin.py:188} INFO - [2026-02-10T21:42:07.590+0000] {dagbag.py:540} INFO - Filling up the DagBag from /opt/airflow/dags/evidently_reporting_pipeline.py
[2026-02-10T21:42:07.699+0000] {processor.py:840} INFO - DAG(s) 'evidently_reporting_pipeline' retrieved from /opt/airflow/dags/evidently_reporting_pipeline.py
[2026-02-10T21:42:07.716+0000] {logging_mixin.py:188} INFO - [2026-02-10T21:42:07.715+0000] {dag.py:3096} INFO - Sync 1 DAGs
[2026-02-10T21:42:07.723+0000] {logging_mixin.py:188} INFO - [2026-02-10T21:42:07.723+0000] {dag.py:3954} INFO - Setting next_dagrun for evidently_reporting_pipeline to 2026-02-10 12:00:00+00:00, run_after=2026-02-10 18:00:00+00:00
[2026-02-10T21:42:07.729+0000] {processor.py:183} INFO - Processing /opt/airflow/dags/evidently_reporting_pipeline.py took 0.145 seconds
[2026-02-10T21:42:38.071+0000] {processor.py:161} INFO - Started process (PID=1139) to work on /opt/airflow/dags/evidently_reporting_pipeline.py
[2026-02-10T21:42:38.071+0000] {processor.py:830} INFO - Processing file /opt/airflow/dags/evidently_reporting_pipeline.py for tasks to queue
[2026-02-10T21:42:38.074+0000] {logging_mixin.py:188} INFO - [2026-02-10T21:42:38.074+0000] {dagbag.py:540} INFO - Filling up the DagBag from /opt/airflow/dags/evidently_reporting_pipeline.py
[2026-02-10T21:42:38.195+0000] {processor.py:840} INFO - DAG(s) 'evidently_reporting_pipeline' retrieved from /opt/airflow/dags/evidently_reporting_pipeline.py
[2026-02-10T21:42:38.209+0000] {logging_mixin.py:188} INFO - [2026-02-10T21:42:38.209+0000] {dag.py:3096} INFO - Sync 1 DAGs
[2026-02-10T21:42:38.218+0000] {logging_mixin.py:188} INFO - [2026-02-10T21:42:38.218+0000] {dag.py:3954} INFO - Setting next_dagrun for evidently_reporting_pipeline to 2026-02-10 12:00:00+00:00, run_after=2026-02-10 18:00:00+00:00
[2026-02-10T21:42:38.224+0000] {processor.py:183} INFO - Processing /opt/airflow/dags/evidently_reporting_pipeline.py took 0.158 seconds
[2026-02-10T21:43:08.528+0000] {processor.py:161} INFO - Started process (PID=1157) to work on /opt/airflow/dags/evidently_reporting_pipeline.py
[2026-02-10T21:43:08.531+0000] {processor.py:830} INFO - Processing file /opt/airflow/dags/evidently_reporting_pipeline.py for tasks to queue
[2026-02-10T21:43:08.531+0000] {logging_mixin.py:188} INFO - [2026-02-10T21:43:08.531+0000] {dagbag.py:540} INFO - Filling up the DagBag from /opt/airflow/dags/evidently_reporting_pipeline.py
[2026-02-10T21:43:08.637+0000] {processor.py:840} INFO - DAG(s) 'evidently_reporting_pipeline' retrieved from /opt/airflow/dags/evidently_reporting_pipeline.py
[2026-02-10T21:43:08.651+0000] {logging_mixin.py:188} INFO - [2026-02-10T21:43:08.651+0000] {dag.py:3096} INFO - Sync 1 DAGs
[2026-02-10T21:43:08.658+0000] {logging_mixin.py:188} INFO - [2026-02-10T21:43:08.658+0000] {dag.py:3954} INFO - Setting next_dagrun for evidently_reporting_pipeline to 2026-02-10 12:00:00+00:00, run_after=2026-02-10 18:00:00+00:00
[2026-02-10T21:43:08.663+0000] {processor.py:183} INFO - Processing /opt/airflow/dags/evidently_reporting_pipeline.py took 0.139 seconds
[2026-02-10T21:43:39.002+0000] {processor.py:161} INFO - Started process (PID=1175) to work on /opt/airflow/dags/evidently_reporting_pipeline.py
[2026-02-10T21:43:39.003+0000] {processor.py:830} INFO - Processing file /opt/airflow/dags/evidently_reporting_pipeline.py for tasks to queue
[2026-02-10T21:43:39.005+0000] {logging_mixin.py:188} INFO - [2026-02-10T21:43:39.005+0000] {dagbag.py:540} INFO - Filling up the DagBag from /opt/airflow/dags/evidently_reporting_pipeline.py
[2026-02-10T21:43:39.127+0000] {processor.py:840} INFO - DAG(s) 'evidently_reporting_pipeline' retrieved from /opt/airflow/dags/evidently_reporting_pipeline.py
[2026-02-10T21:43:39.144+0000] {logging_mixin.py:188} INFO - [2026-02-10T21:43:39.144+0000] {dag.py:3096} INFO - Sync 1 DAGs
[2026-02-10T21:43:39.151+0000] {logging_mixin.py:188} INFO - [2026-02-10T21:43:39.151+0000] {dag.py:3954} INFO - Setting next_dagrun for evidently_reporting_pipeline to 2026-02-10 12:00:00+00:00, run_after=2026-02-10 18:00:00+00:00
[2026-02-10T21:43:39.156+0000] {processor.py:183} INFO - Processing /opt/airflow/dags/evidently_reporting_pipeline.py took 0.159 seconds
[2026-02-10T21:44:09.497+0000] {processor.py:161} INFO - Started process (PID=1193) to work on /opt/airflow/dags/evidently_reporting_pipeline.py
[2026-02-10T21:44:09.498+0000] {processor.py:830} INFO - Processing file /opt/airflow/dags/evidently_reporting_pipeline.py for tasks to queue
[2026-02-10T21:44:09.500+0000] {logging_mixin.py:188} INFO - [2026-02-10T21:44:09.500+0000] {dagbag.py:540} INFO - Filling up the DagBag from /opt/airflow/dags/evidently_reporting_pipeline.py
[2026-02-10T21:44:09.606+0000] {processor.py:840} INFO - DAG(s) 'evidently_reporting_pipeline' retrieved from /opt/airflow/dags/evidently_reporting_pipeline.py
[2026-02-10T21:44:09.620+0000] {logging_mixin.py:188} INFO - [2026-02-10T21:44:09.620+0000] {dag.py:3096} INFO - Sync 1 DAGs
[2026-02-10T21:44:09.628+0000] {logging_mixin.py:188} INFO - [2026-02-10T21:44:09.628+0000] {dag.py:3954} INFO - Setting next_dagrun for evidently_reporting_pipeline to 2026-02-10 12:00:00+00:00, run_after=2026-02-10 18:00:00+00:00
[2026-02-10T21:44:09.633+0000] {processor.py:183} INFO - Processing /opt/airflow/dags/evidently_reporting_pipeline.py took 0.140 seconds
[2026-02-10T21:44:39.964+0000] {processor.py:161} INFO - Started process (PID=1211) to work on /opt/airflow/dags/evidently_reporting_pipeline.py
[2026-02-10T21:44:39.967+0000] {processor.py:830} INFO - Processing file /opt/airflow/dags/evidently_reporting_pipeline.py for tasks to queue
[2026-02-10T21:44:39.968+0000] {logging_mixin.py:188} INFO - [2026-02-10T21:44:39.968+0000] {dagbag.py:540} INFO - Filling up the DagBag from /opt/airflow/dags/evidently_reporting_pipeline.py
[2026-02-10T21:44:40.073+0000] {processor.py:840} INFO - DAG(s) 'evidently_reporting_pipeline' retrieved from /opt/airflow/dags/evidently_reporting_pipeline.py
[2026-02-10T21:44:40.089+0000] {logging_mixin.py:188} INFO - [2026-02-10T21:44:40.089+0000] {dag.py:3096} INFO - Sync 1 DAGs
[2026-02-10T21:44:40.097+0000] {logging_mixin.py:188} INFO - [2026-02-10T21:44:40.097+0000] {dag.py:3954} INFO - Setting next_dagrun for evidently_reporting_pipeline to 2026-02-10 12:00:00+00:00, run_after=2026-02-10 18:00:00+00:00
[2026-02-10T21:44:40.103+0000] {processor.py:183} INFO - Processing /opt/airflow/dags/evidently_reporting_pipeline.py took 0.142 seconds
[2026-02-10T21:57:18.590+0000] {processor.py:161} INFO - Started process (PID=1229) to work on /opt/airflow/dags/evidently_reporting_pipeline.py
[2026-02-10T21:57:18.591+0000] {processor.py:830} INFO - Processing file /opt/airflow/dags/evidently_reporting_pipeline.py for tasks to queue
[2026-02-10T21:57:18.593+0000] {logging_mixin.py:188} INFO - [2026-02-10T21:57:18.592+0000] {dagbag.py:540} INFO - Filling up the DagBag from /opt/airflow/dags/evidently_reporting_pipeline.py
[2026-02-10T21:57:18.844+0000] {processor.py:840} INFO - DAG(s) 'evidently_reporting_pipeline' retrieved from /opt/airflow/dags/evidently_reporting_pipeline.py
[2026-02-10T21:57:18.874+0000] {logging_mixin.py:188} INFO - [2026-02-10T21:57:18.874+0000] {dag.py:3096} INFO - Sync 1 DAGs
[2026-02-10T21:57:18.885+0000] {logging_mixin.py:188} INFO - [2026-02-10T21:57:18.885+0000] {dag.py:3954} INFO - Setting next_dagrun for evidently_reporting_pipeline to 2026-02-10 12:00:00+00:00, run_after=2026-02-10 18:00:00+00:00
[2026-02-10T21:57:18.896+0000] {processor.py:183} INFO - Processing /opt/airflow/dags/evidently_reporting_pipeline.py took 0.313 seconds
[2026-02-10T22:00:44.270+0000] {processor.py:161} INFO - Started process (PID=1249) to work on /opt/airflow/dags/evidently_reporting_pipeline.py
[2026-02-10T22:00:44.271+0000] {processor.py:830} INFO - Processing file /opt/airflow/dags/evidently_reporting_pipeline.py for tasks to queue
[2026-02-10T22:00:44.273+0000] {logging_mixin.py:188} INFO - [2026-02-10T22:00:44.273+0000] {dagbag.py:540} INFO - Filling up the DagBag from /opt/airflow/dags/evidently_reporting_pipeline.py
[2026-02-10T22:00:44.471+0000] {processor.py:840} INFO - DAG(s) 'evidently_reporting_pipeline' retrieved from /opt/airflow/dags/evidently_reporting_pipeline.py
[2026-02-10T22:00:44.496+0000] {logging_mixin.py:188} INFO - [2026-02-10T22:00:44.496+0000] {dag.py:3096} INFO - Sync 1 DAGs
[2026-02-10T22:00:44.514+0000] {logging_mixin.py:188} INFO - [2026-02-10T22:00:44.514+0000] {dag.py:3954} INFO - Setting next_dagrun for evidently_reporting_pipeline to 2026-02-10 12:00:00+00:00, run_after=2026-02-10 18:00:00+00:00
[2026-02-10T22:00:44.532+0000] {processor.py:183} INFO - Processing /opt/airflow/dags/evidently_reporting_pipeline.py took 0.269 seconds
[2026-02-10T22:18:55.341+0000] {processor.py:161} INFO - Started process (PID=1267) to work on /opt/airflow/dags/evidently_reporting_pipeline.py
[2026-02-10T22:18:55.345+0000] {processor.py:830} INFO - Processing file /opt/airflow/dags/evidently_reporting_pipeline.py for tasks to queue
[2026-02-10T22:18:55.355+0000] {logging_mixin.py:188} INFO - [2026-02-10T22:18:55.354+0000] {dagbag.py:540} INFO - Filling up the DagBag from /opt/airflow/dags/evidently_reporting_pipeline.py
[2026-02-10T22:18:55.584+0000] {processor.py:840} INFO - DAG(s) 'evidently_reporting_pipeline' retrieved from /opt/airflow/dags/evidently_reporting_pipeline.py
[2026-02-10T22:18:55.617+0000] {logging_mixin.py:188} INFO - [2026-02-10T22:18:55.617+0000] {dag.py:3096} INFO - Sync 1 DAGs
[2026-02-10T22:18:55.633+0000] {logging_mixin.py:188} INFO - [2026-02-10T22:18:55.632+0000] {dag.py:3954} INFO - Setting next_dagrun for evidently_reporting_pipeline to 2026-02-10 12:00:00+00:00, run_after=2026-02-10 18:00:00+00:00
[2026-02-10T22:18:55.647+0000] {processor.py:183} INFO - Processing /opt/airflow/dags/evidently_reporting_pipeline.py took 0.312 seconds
[2026-02-10T22:31:05.195+0000] {processor.py:161} INFO - Started process (PID=1285) to work on /opt/airflow/dags/evidently_reporting_pipeline.py
[2026-02-10T22:31:05.199+0000] {processor.py:830} INFO - Processing file /opt/airflow/dags/evidently_reporting_pipeline.py for tasks to queue
[2026-02-10T22:31:05.204+0000] {logging_mixin.py:188} INFO - [2026-02-10T22:31:05.203+0000] {dagbag.py:540} INFO - Filling up the DagBag from /opt/airflow/dags/evidently_reporting_pipeline.py
[2026-02-10T22:31:06.062+0000] {processor.py:840} INFO - DAG(s) 'evidently_reporting_pipeline' retrieved from /opt/airflow/dags/evidently_reporting_pipeline.py
[2026-02-10T22:31:06.289+0000] {logging_mixin.py:188} INFO - [2026-02-10T22:31:06.288+0000] {dag.py:3096} INFO - Sync 1 DAGs
[2026-02-10T22:31:06.390+0000] {logging_mixin.py:188} INFO - [2026-02-10T22:31:06.390+0000] {dag.py:3954} INFO - Setting next_dagrun for evidently_reporting_pipeline to 2026-02-10 12:00:00+00:00, run_after=2026-02-10 18:00:00+00:00
[2026-02-10T22:31:06.456+0000] {processor.py:183} INFO - Processing /opt/airflow/dags/evidently_reporting_pipeline.py took 1.297 seconds
[2026-02-10T22:49:25.756+0000] {processor.py:161} INFO - Started process (PID=1305) to work on /opt/airflow/dags/evidently_reporting_pipeline.py
[2026-02-10T22:49:25.757+0000] {processor.py:830} INFO - Processing file /opt/airflow/dags/evidently_reporting_pipeline.py for tasks to queue
[2026-02-10T22:49:25.758+0000] {logging_mixin.py:188} INFO - [2026-02-10T22:49:25.758+0000] {dagbag.py:540} INFO - Filling up the DagBag from /opt/airflow/dags/evidently_reporting_pipeline.py
[2026-02-10T22:49:26.062+0000] {processor.py:840} INFO - DAG(s) 'evidently_reporting_pipeline' retrieved from /opt/airflow/dags/evidently_reporting_pipeline.py
[2026-02-10T22:49:26.097+0000] {logging_mixin.py:188} INFO - [2026-02-10T22:49:26.097+0000] {dag.py:3096} INFO - Sync 1 DAGs
[2026-02-10T22:49:26.117+0000] {logging_mixin.py:188} INFO - [2026-02-10T22:49:26.117+0000] {dag.py:3954} INFO - Setting next_dagrun for evidently_reporting_pipeline to 2026-02-10 12:00:00+00:00, run_after=2026-02-10 18:00:00+00:00
[2026-02-10T22:49:26.131+0000] {processor.py:183} INFO - Processing /opt/airflow/dags/evidently_reporting_pipeline.py took 0.385 seconds
[2026-02-10T22:49:56.269+0000] {processor.py:161} INFO - Started process (PID=1323) to work on /opt/airflow/dags/evidently_reporting_pipeline.py
[2026-02-10T22:49:56.271+0000] {processor.py:830} INFO - Processing file /opt/airflow/dags/evidently_reporting_pipeline.py for tasks to queue
[2026-02-10T22:49:56.277+0000] {logging_mixin.py:188} INFO - [2026-02-10T22:49:56.277+0000] {dagbag.py:540} INFO - Filling up the DagBag from /opt/airflow/dags/evidently_reporting_pipeline.py
[2026-02-10T22:49:56.468+0000] {processor.py:840} INFO - DAG(s) 'evidently_reporting_pipeline' retrieved from /opt/airflow/dags/evidently_reporting_pipeline.py
[2026-02-10T22:49:56.492+0000] {logging_mixin.py:188} INFO - [2026-02-10T22:49:56.491+0000] {dag.py:3096} INFO - Sync 1 DAGs
[2026-02-10T22:49:56.503+0000] {logging_mixin.py:188} INFO - [2026-02-10T22:49:56.503+0000] {dag.py:3954} INFO - Setting next_dagrun for evidently_reporting_pipeline to 2026-02-10 12:00:00+00:00, run_after=2026-02-10 18:00:00+00:00
[2026-02-10T22:49:56.509+0000] {processor.py:183} INFO - Processing /opt/airflow/dags/evidently_reporting_pipeline.py took 0.244 seconds
[2026-02-10T23:01:00.240+0000] {processor.py:161} INFO - Started process (PID=1341) to work on /opt/airflow/dags/evidently_reporting_pipeline.py
[2026-02-10T23:01:00.241+0000] {processor.py:830} INFO - Processing file /opt/airflow/dags/evidently_reporting_pipeline.py for tasks to queue
[2026-02-10T23:01:00.243+0000] {logging_mixin.py:188} INFO - [2026-02-10T23:01:00.242+0000] {dagbag.py:540} INFO - Filling up the DagBag from /opt/airflow/dags/evidently_reporting_pipeline.py
[2026-02-10T23:01:00.379+0000] {processor.py:840} INFO - DAG(s) 'evidently_reporting_pipeline' retrieved from /opt/airflow/dags/evidently_reporting_pipeline.py
[2026-02-10T23:01:00.393+0000] {logging_mixin.py:188} INFO - [2026-02-10T23:01:00.393+0000] {dag.py:3096} INFO - Sync 1 DAGs
[2026-02-10T23:01:00.400+0000] {logging_mixin.py:188} INFO - [2026-02-10T23:01:00.400+0000] {dag.py:3954} INFO - Setting next_dagrun for evidently_reporting_pipeline to 2026-02-10 12:00:00+00:00, run_after=2026-02-10 18:00:00+00:00
[2026-02-10T23:01:00.406+0000] {processor.py:183} INFO - Processing /opt/airflow/dags/evidently_reporting_pipeline.py took 0.170 seconds
[2026-02-10T23:01:30.780+0000] {processor.py:161} INFO - Started process (PID=1359) to work on /opt/airflow/dags/evidently_reporting_pipeline.py
[2026-02-10T23:01:30.781+0000] {processor.py:830} INFO - Processing file /opt/airflow/dags/evidently_reporting_pipeline.py for tasks to queue
[2026-02-10T23:01:30.782+0000] {logging_mixin.py:188} INFO - [2026-02-10T23:01:30.782+0000] {dagbag.py:540} INFO - Filling up the DagBag from /opt/airflow/dags/evidently_reporting_pipeline.py
[2026-02-10T23:01:31.159+0000] {processor.py:840} INFO - DAG(s) 'evidently_reporting_pipeline' retrieved from /opt/airflow/dags/evidently_reporting_pipeline.py
[2026-02-10T23:01:31.193+0000] {logging_mixin.py:188} INFO - [2026-02-10T23:01:31.192+0000] {dag.py:3096} INFO - Sync 1 DAGs
[2026-02-10T23:01:31.207+0000] {logging_mixin.py:188} INFO - [2026-02-10T23:01:31.207+0000] {dag.py:3954} INFO - Setting next_dagrun for evidently_reporting_pipeline to 2026-02-10 12:00:00+00:00, run_after=2026-02-10 18:00:00+00:00
[2026-02-10T23:01:31.338+0000] {processor.py:183} INFO - Processing /opt/airflow/dags/evidently_reporting_pipeline.py took 0.566 seconds
[2026-02-10T23:27:22.478+0000] {processor.py:161} INFO - Started process (PID=1378) to work on /opt/airflow/dags/evidently_reporting_pipeline.py
[2026-02-10T23:27:22.480+0000] {processor.py:830} INFO - Processing file /opt/airflow/dags/evidently_reporting_pipeline.py for tasks to queue
[2026-02-10T23:27:22.483+0000] {logging_mixin.py:188} INFO - [2026-02-10T23:27:22.483+0000] {dagbag.py:540} INFO - Filling up the DagBag from /opt/airflow/dags/evidently_reporting_pipeline.py
[2026-02-10T23:27:22.691+0000] {processor.py:840} INFO - DAG(s) 'evidently_reporting_pipeline' retrieved from /opt/airflow/dags/evidently_reporting_pipeline.py
[2026-02-10T23:27:22.731+0000] {logging_mixin.py:188} INFO - [2026-02-10T23:27:22.731+0000] {dag.py:3096} INFO - Sync 1 DAGs
[2026-02-10T23:27:22.747+0000] {logging_mixin.py:188} INFO - [2026-02-10T23:27:22.746+0000] {dag.py:3954} INFO - Setting next_dagrun for evidently_reporting_pipeline to 2026-02-10 12:00:00+00:00, run_after=2026-02-10 18:00:00+00:00
[2026-02-10T23:27:22.772+0000] {processor.py:183} INFO - Processing /opt/airflow/dags/evidently_reporting_pipeline.py took 0.300 seconds
[2026-02-10T23:42:34.588+0000] {processor.py:161} INFO - Started process (PID=1398) to work on /opt/airflow/dags/evidently_reporting_pipeline.py
[2026-02-10T23:42:34.591+0000] {processor.py:830} INFO - Processing file /opt/airflow/dags/evidently_reporting_pipeline.py for tasks to queue
[2026-02-10T23:42:34.599+0000] {logging_mixin.py:188} INFO - [2026-02-10T23:42:34.599+0000] {dagbag.py:540} INFO - Filling up the DagBag from /opt/airflow/dags/evidently_reporting_pipeline.py
[2026-02-10T23:42:34.868+0000] {processor.py:840} INFO - DAG(s) 'evidently_reporting_pipeline' retrieved from /opt/airflow/dags/evidently_reporting_pipeline.py
[2026-02-10T23:42:34.903+0000] {logging_mixin.py:188} INFO - [2026-02-10T23:42:34.902+0000] {dag.py:3096} INFO - Sync 1 DAGs
[2026-02-10T23:42:35.214+0000] {logging_mixin.py:188} INFO - [2026-02-10T23:42:35.214+0000] {dag.py:3954} INFO - Setting next_dagrun for evidently_reporting_pipeline to 2026-02-10 12:00:00+00:00, run_after=2026-02-10 18:00:00+00:00
[2026-02-10T23:42:35.241+0000] {processor.py:183} INFO - Processing /opt/airflow/dags/evidently_reporting_pipeline.py took 0.665 seconds
[2026-02-10T23:58:30.785+0000] {processor.py:161} INFO - Started process (PID=1416) to work on /opt/airflow/dags/evidently_reporting_pipeline.py
[2026-02-10T23:58:30.789+0000] {processor.py:830} INFO - Processing file /opt/airflow/dags/evidently_reporting_pipeline.py for tasks to queue
[2026-02-10T23:58:30.800+0000] {logging_mixin.py:188} INFO - [2026-02-10T23:58:30.799+0000] {dagbag.py:540} INFO - Filling up the DagBag from /opt/airflow/dags/evidently_reporting_pipeline.py
[2026-02-10T23:58:31.080+0000] {processor.py:840} INFO - DAG(s) 'evidently_reporting_pipeline' retrieved from /opt/airflow/dags/evidently_reporting_pipeline.py
[2026-02-10T23:58:31.143+0000] {logging_mixin.py:188} INFO - [2026-02-10T23:58:31.142+0000] {dag.py:3096} INFO - Sync 1 DAGs
[2026-02-10T23:58:31.180+0000] {logging_mixin.py:188} INFO - [2026-02-10T23:58:31.180+0000] {dag.py:3954} INFO - Setting next_dagrun for evidently_reporting_pipeline to 2026-02-10 12:00:00+00:00, run_after=2026-02-10 18:00:00+00:00
[2026-02-10T23:58:31.350+0000] {processor.py:183} INFO - Processing /opt/airflow/dags/evidently_reporting_pipeline.py took 0.612 seconds
