[2026-02-10T21:00:07.522+0000] {processor.py:161} INFO - Started process (PID=169) to work on /opt/airflow/dags/ml_retrain_pipeline.py
[2026-02-10T21:00:07.525+0000] {processor.py:830} INFO - Processing file /opt/airflow/dags/ml_retrain_pipeline.py for tasks to queue
[2026-02-10T21:00:07.528+0000] {logging_mixin.py:188} INFO - [2026-02-10T21:00:07.528+0000] {dagbag.py:540} INFO - Filling up the DagBag from /opt/airflow/dags/ml_retrain_pipeline.py
[2026-02-10T21:00:07.700+0000] {logging_mixin.py:188} INFO - [2026-02-10T21:00:07.698+0000] {dagbag.py:350} ERROR - Failed to import: /opt/airflow/dags/ml_retrain_pipeline.py
Traceback (most recent call last):
  File "/home/airflow/.local/lib/python3.10/site-packages/airflow/models/dagbag.py", line 346, in parse
    loader.exec_module(new_module)
  File "<frozen importlib._bootstrap_external>", line 883, in exec_module
  File "<frozen importlib._bootstrap>", line 241, in _call_with_frames_removed
  File "/opt/airflow/dags/ml_retrain_pipeline.py", line 19, in <module>
    import mlflow
ModuleNotFoundError: No module named 'mlflow'
[2026-02-10T21:00:07.702+0000] {processor.py:842} WARNING - No viable dags retrieved from /opt/airflow/dags/ml_retrain_pipeline.py
[2026-02-10T21:00:07.721+0000] {processor.py:183} INFO - Processing /opt/airflow/dags/ml_retrain_pipeline.py took 0.210 seconds
[2026-02-10T21:00:38.011+0000] {processor.py:161} INFO - Started process (PID=187) to work on /opt/airflow/dags/ml_retrain_pipeline.py
[2026-02-10T21:00:38.012+0000] {processor.py:830} INFO - Processing file /opt/airflow/dags/ml_retrain_pipeline.py for tasks to queue
[2026-02-10T21:00:38.014+0000] {logging_mixin.py:188} INFO - [2026-02-10T21:00:38.014+0000] {dagbag.py:540} INFO - Filling up the DagBag from /opt/airflow/dags/ml_retrain_pipeline.py
[2026-02-10T21:00:38.187+0000] {logging_mixin.py:188} INFO - [2026-02-10T21:00:38.184+0000] {dagbag.py:350} ERROR - Failed to import: /opt/airflow/dags/ml_retrain_pipeline.py
Traceback (most recent call last):
  File "/home/airflow/.local/lib/python3.10/site-packages/airflow/models/dagbag.py", line 346, in parse
    loader.exec_module(new_module)
  File "<frozen importlib._bootstrap_external>", line 883, in exec_module
  File "<frozen importlib._bootstrap>", line 241, in _call_with_frames_removed
  File "/opt/airflow/dags/ml_retrain_pipeline.py", line 19, in <module>
    import mlflow
ModuleNotFoundError: No module named 'mlflow'
[2026-02-10T21:00:38.187+0000] {processor.py:842} WARNING - No viable dags retrieved from /opt/airflow/dags/ml_retrain_pipeline.py
[2026-02-10T21:00:38.206+0000] {processor.py:183} INFO - Processing /opt/airflow/dags/ml_retrain_pipeline.py took 0.203 seconds
[2026-02-10T21:01:08.477+0000] {processor.py:161} INFO - Started process (PID=205) to work on /opt/airflow/dags/ml_retrain_pipeline.py
[2026-02-10T21:01:08.478+0000] {processor.py:830} INFO - Processing file /opt/airflow/dags/ml_retrain_pipeline.py for tasks to queue
[2026-02-10T21:01:08.481+0000] {logging_mixin.py:188} INFO - [2026-02-10T21:01:08.480+0000] {dagbag.py:540} INFO - Filling up the DagBag from /opt/airflow/dags/ml_retrain_pipeline.py
[2026-02-10T21:01:08.621+0000] {logging_mixin.py:188} INFO - [2026-02-10T21:01:08.618+0000] {dagbag.py:350} ERROR - Failed to import: /opt/airflow/dags/ml_retrain_pipeline.py
Traceback (most recent call last):
  File "/home/airflow/.local/lib/python3.10/site-packages/airflow/models/dagbag.py", line 346, in parse
    loader.exec_module(new_module)
  File "<frozen importlib._bootstrap_external>", line 883, in exec_module
  File "<frozen importlib._bootstrap>", line 241, in _call_with_frames_removed
  File "/opt/airflow/dags/ml_retrain_pipeline.py", line 19, in <module>
    import mlflow
ModuleNotFoundError: No module named 'mlflow'
[2026-02-10T21:01:08.622+0000] {processor.py:842} WARNING - No viable dags retrieved from /opt/airflow/dags/ml_retrain_pipeline.py
[2026-02-10T21:01:08.639+0000] {processor.py:183} INFO - Processing /opt/airflow/dags/ml_retrain_pipeline.py took 0.168 seconds
[2026-02-10T21:01:38.940+0000] {processor.py:161} INFO - Started process (PID=223) to work on /opt/airflow/dags/ml_retrain_pipeline.py
[2026-02-10T21:01:38.942+0000] {processor.py:830} INFO - Processing file /opt/airflow/dags/ml_retrain_pipeline.py for tasks to queue
[2026-02-10T21:01:38.944+0000] {logging_mixin.py:188} INFO - [2026-02-10T21:01:38.944+0000] {dagbag.py:540} INFO - Filling up the DagBag from /opt/airflow/dags/ml_retrain_pipeline.py
[2026-02-10T21:01:39.074+0000] {logging_mixin.py:188} INFO - [2026-02-10T21:01:39.073+0000] {dagbag.py:350} ERROR - Failed to import: /opt/airflow/dags/ml_retrain_pipeline.py
Traceback (most recent call last):
  File "/home/airflow/.local/lib/python3.10/site-packages/airflow/models/dagbag.py", line 346, in parse
    loader.exec_module(new_module)
  File "<frozen importlib._bootstrap_external>", line 883, in exec_module
  File "<frozen importlib._bootstrap>", line 241, in _call_with_frames_removed
  File "/opt/airflow/dags/ml_retrain_pipeline.py", line 19, in <module>
    import mlflow
ModuleNotFoundError: No module named 'mlflow'
[2026-02-10T21:01:39.074+0000] {processor.py:842} WARNING - No viable dags retrieved from /opt/airflow/dags/ml_retrain_pipeline.py
[2026-02-10T21:01:39.089+0000] {processor.py:183} INFO - Processing /opt/airflow/dags/ml_retrain_pipeline.py took 0.162 seconds
[2026-02-10T21:02:09.418+0000] {processor.py:161} INFO - Started process (PID=246) to work on /opt/airflow/dags/ml_retrain_pipeline.py
[2026-02-10T21:02:09.419+0000] {processor.py:830} INFO - Processing file /opt/airflow/dags/ml_retrain_pipeline.py for tasks to queue
[2026-02-10T21:02:09.423+0000] {logging_mixin.py:188} INFO - [2026-02-10T21:02:09.423+0000] {dagbag.py:540} INFO - Filling up the DagBag from /opt/airflow/dags/ml_retrain_pipeline.py
[2026-02-10T21:02:09.545+0000] {logging_mixin.py:188} INFO - [2026-02-10T21:02:09.543+0000] {dagbag.py:350} ERROR - Failed to import: /opt/airflow/dags/ml_retrain_pipeline.py
Traceback (most recent call last):
  File "/home/airflow/.local/lib/python3.10/site-packages/airflow/models/dagbag.py", line 346, in parse
    loader.exec_module(new_module)
  File "<frozen importlib._bootstrap_external>", line 883, in exec_module
  File "<frozen importlib._bootstrap>", line 241, in _call_with_frames_removed
  File "/opt/airflow/dags/ml_retrain_pipeline.py", line 19, in <module>
    import mlflow
ModuleNotFoundError: No module named 'mlflow'
[2026-02-10T21:02:09.546+0000] {processor.py:842} WARNING - No viable dags retrieved from /opt/airflow/dags/ml_retrain_pipeline.py
[2026-02-10T21:02:09.560+0000] {processor.py:183} INFO - Processing /opt/airflow/dags/ml_retrain_pipeline.py took 0.148 seconds
[2026-02-10T21:02:39.853+0000] {processor.py:161} INFO - Started process (PID=264) to work on /opt/airflow/dags/ml_retrain_pipeline.py
[2026-02-10T21:02:39.854+0000] {processor.py:830} INFO - Processing file /opt/airflow/dags/ml_retrain_pipeline.py for tasks to queue
[2026-02-10T21:02:39.856+0000] {logging_mixin.py:188} INFO - [2026-02-10T21:02:39.856+0000] {dagbag.py:540} INFO - Filling up the DagBag from /opt/airflow/dags/ml_retrain_pipeline.py
[2026-02-10T21:02:39.978+0000] {logging_mixin.py:188} INFO - [2026-02-10T21:02:39.975+0000] {dagbag.py:350} ERROR - Failed to import: /opt/airflow/dags/ml_retrain_pipeline.py
Traceback (most recent call last):
  File "/home/airflow/.local/lib/python3.10/site-packages/airflow/models/dagbag.py", line 346, in parse
    loader.exec_module(new_module)
  File "<frozen importlib._bootstrap_external>", line 883, in exec_module
  File "<frozen importlib._bootstrap>", line 241, in _call_with_frames_removed
  File "/opt/airflow/dags/ml_retrain_pipeline.py", line 19, in <module>
    import mlflow
ModuleNotFoundError: No module named 'mlflow'
[2026-02-10T21:02:39.978+0000] {processor.py:842} WARNING - No viable dags retrieved from /opt/airflow/dags/ml_retrain_pipeline.py
[2026-02-10T21:02:39.992+0000] {processor.py:183} INFO - Processing /opt/airflow/dags/ml_retrain_pipeline.py took 0.147 seconds
[2026-02-10T21:03:10.280+0000] {processor.py:161} INFO - Started process (PID=282) to work on /opt/airflow/dags/ml_retrain_pipeline.py
[2026-02-10T21:03:10.281+0000] {processor.py:830} INFO - Processing file /opt/airflow/dags/ml_retrain_pipeline.py for tasks to queue
[2026-02-10T21:03:10.282+0000] {logging_mixin.py:188} INFO - [2026-02-10T21:03:10.282+0000] {dagbag.py:540} INFO - Filling up the DagBag from /opt/airflow/dags/ml_retrain_pipeline.py
[2026-02-10T21:03:10.399+0000] {logging_mixin.py:188} INFO - [2026-02-10T21:03:10.398+0000] {dagbag.py:350} ERROR - Failed to import: /opt/airflow/dags/ml_retrain_pipeline.py
Traceback (most recent call last):
  File "/home/airflow/.local/lib/python3.10/site-packages/airflow/models/dagbag.py", line 346, in parse
    loader.exec_module(new_module)
  File "<frozen importlib._bootstrap_external>", line 883, in exec_module
  File "<frozen importlib._bootstrap>", line 241, in _call_with_frames_removed
  File "/opt/airflow/dags/ml_retrain_pipeline.py", line 19, in <module>
    import mlflow
ModuleNotFoundError: No module named 'mlflow'
[2026-02-10T21:03:10.400+0000] {processor.py:842} WARNING - No viable dags retrieved from /opt/airflow/dags/ml_retrain_pipeline.py
[2026-02-10T21:03:10.414+0000] {processor.py:183} INFO - Processing /opt/airflow/dags/ml_retrain_pipeline.py took 0.141 seconds
[2026-02-10T21:03:40.741+0000] {processor.py:161} INFO - Started process (PID=300) to work on /opt/airflow/dags/ml_retrain_pipeline.py
[2026-02-10T21:03:40.743+0000] {processor.py:830} INFO - Processing file /opt/airflow/dags/ml_retrain_pipeline.py for tasks to queue
[2026-02-10T21:03:40.746+0000] {logging_mixin.py:188} INFO - [2026-02-10T21:03:40.745+0000] {dagbag.py:540} INFO - Filling up the DagBag from /opt/airflow/dags/ml_retrain_pipeline.py
[2026-02-10T21:03:40.907+0000] {logging_mixin.py:188} INFO - [2026-02-10T21:03:40.906+0000] {dagbag.py:350} ERROR - Failed to import: /opt/airflow/dags/ml_retrain_pipeline.py
Traceback (most recent call last):
  File "/home/airflow/.local/lib/python3.10/site-packages/airflow/models/dagbag.py", line 346, in parse
    loader.exec_module(new_module)
  File "<frozen importlib._bootstrap_external>", line 883, in exec_module
  File "<frozen importlib._bootstrap>", line 241, in _call_with_frames_removed
  File "/opt/airflow/dags/ml_retrain_pipeline.py", line 19, in <module>
    import mlflow
ModuleNotFoundError: No module named 'mlflow'
[2026-02-10T21:03:40.907+0000] {processor.py:842} WARNING - No viable dags retrieved from /opt/airflow/dags/ml_retrain_pipeline.py
[2026-02-10T21:03:40.932+0000] {processor.py:183} INFO - Processing /opt/airflow/dags/ml_retrain_pipeline.py took 0.201 seconds
[2026-02-10T21:04:11.271+0000] {processor.py:161} INFO - Started process (PID=318) to work on /opt/airflow/dags/ml_retrain_pipeline.py
[2026-02-10T21:04:11.272+0000] {processor.py:830} INFO - Processing file /opt/airflow/dags/ml_retrain_pipeline.py for tasks to queue
[2026-02-10T21:04:11.275+0000] {logging_mixin.py:188} INFO - [2026-02-10T21:04:11.275+0000] {dagbag.py:540} INFO - Filling up the DagBag from /opt/airflow/dags/ml_retrain_pipeline.py
[2026-02-10T21:04:11.409+0000] {logging_mixin.py:188} INFO - [2026-02-10T21:04:11.408+0000] {dagbag.py:350} ERROR - Failed to import: /opt/airflow/dags/ml_retrain_pipeline.py
Traceback (most recent call last):
  File "/home/airflow/.local/lib/python3.10/site-packages/airflow/models/dagbag.py", line 346, in parse
    loader.exec_module(new_module)
  File "<frozen importlib._bootstrap_external>", line 883, in exec_module
  File "<frozen importlib._bootstrap>", line 241, in _call_with_frames_removed
  File "/opt/airflow/dags/ml_retrain_pipeline.py", line 19, in <module>
    import mlflow
ModuleNotFoundError: No module named 'mlflow'
[2026-02-10T21:04:11.409+0000] {processor.py:842} WARNING - No viable dags retrieved from /opt/airflow/dags/ml_retrain_pipeline.py
[2026-02-10T21:04:11.431+0000] {processor.py:183} INFO - Processing /opt/airflow/dags/ml_retrain_pipeline.py took 0.171 seconds
[2026-02-10T21:04:41.715+0000] {processor.py:161} INFO - Started process (PID=336) to work on /opt/airflow/dags/ml_retrain_pipeline.py
[2026-02-10T21:04:41.716+0000] {processor.py:830} INFO - Processing file /opt/airflow/dags/ml_retrain_pipeline.py for tasks to queue
[2026-02-10T21:04:41.718+0000] {logging_mixin.py:188} INFO - [2026-02-10T21:04:41.718+0000] {dagbag.py:540} INFO - Filling up the DagBag from /opt/airflow/dags/ml_retrain_pipeline.py
[2026-02-10T21:04:41.864+0000] {logging_mixin.py:188} INFO - [2026-02-10T21:04:41.863+0000] {dagbag.py:350} ERROR - Failed to import: /opt/airflow/dags/ml_retrain_pipeline.py
Traceback (most recent call last):
  File "/home/airflow/.local/lib/python3.10/site-packages/airflow/models/dagbag.py", line 346, in parse
    loader.exec_module(new_module)
  File "<frozen importlib._bootstrap_external>", line 883, in exec_module
  File "<frozen importlib._bootstrap>", line 241, in _call_with_frames_removed
  File "/opt/airflow/dags/ml_retrain_pipeline.py", line 19, in <module>
    import mlflow
ModuleNotFoundError: No module named 'mlflow'
[2026-02-10T21:04:41.864+0000] {processor.py:842} WARNING - No viable dags retrieved from /opt/airflow/dags/ml_retrain_pipeline.py
[2026-02-10T21:04:41.881+0000] {processor.py:183} INFO - Processing /opt/airflow/dags/ml_retrain_pipeline.py took 0.176 seconds
[2026-02-10T21:05:12.525+0000] {processor.py:161} INFO - Started process (PID=354) to work on /opt/airflow/dags/ml_retrain_pipeline.py
[2026-02-10T21:05:12.530+0000] {processor.py:830} INFO - Processing file /opt/airflow/dags/ml_retrain_pipeline.py for tasks to queue
[2026-02-10T21:05:12.536+0000] {logging_mixin.py:188} INFO - [2026-02-10T21:05:12.535+0000] {dagbag.py:540} INFO - Filling up the DagBag from /opt/airflow/dags/ml_retrain_pipeline.py
[2026-02-10T21:05:12.981+0000] {logging_mixin.py:188} INFO - [2026-02-10T21:05:12.980+0000] {dagbag.py:350} ERROR - Failed to import: /opt/airflow/dags/ml_retrain_pipeline.py
Traceback (most recent call last):
  File "/home/airflow/.local/lib/python3.10/site-packages/airflow/models/dagbag.py", line 346, in parse
    loader.exec_module(new_module)
  File "<frozen importlib._bootstrap_external>", line 883, in exec_module
  File "<frozen importlib._bootstrap>", line 241, in _call_with_frames_removed
  File "/opt/airflow/dags/ml_retrain_pipeline.py", line 19, in <module>
    import mlflow
ModuleNotFoundError: No module named 'mlflow'
[2026-02-10T21:05:12.982+0000] {processor.py:842} WARNING - No viable dags retrieved from /opt/airflow/dags/ml_retrain_pipeline.py
[2026-02-10T21:05:12.996+0000] {processor.py:183} INFO - Processing /opt/airflow/dags/ml_retrain_pipeline.py took 0.498 seconds
[2026-02-10T21:05:43.881+0000] {processor.py:161} INFO - Started process (PID=372) to work on /opt/airflow/dags/ml_retrain_pipeline.py
[2026-02-10T21:05:43.883+0000] {processor.py:830} INFO - Processing file /opt/airflow/dags/ml_retrain_pipeline.py for tasks to queue
[2026-02-10T21:05:43.886+0000] {logging_mixin.py:188} INFO - [2026-02-10T21:05:43.885+0000] {dagbag.py:540} INFO - Filling up the DagBag from /opt/airflow/dags/ml_retrain_pipeline.py
[2026-02-10T21:05:44.054+0000] {logging_mixin.py:188} INFO - [2026-02-10T21:05:44.053+0000] {dagbag.py:350} ERROR - Failed to import: /opt/airflow/dags/ml_retrain_pipeline.py
Traceback (most recent call last):
  File "/home/airflow/.local/lib/python3.10/site-packages/airflow/models/dagbag.py", line 346, in parse
    loader.exec_module(new_module)
  File "<frozen importlib._bootstrap_external>", line 883, in exec_module
  File "<frozen importlib._bootstrap>", line 241, in _call_with_frames_removed
  File "/opt/airflow/dags/ml_retrain_pipeline.py", line 19, in <module>
    import mlflow
ModuleNotFoundError: No module named 'mlflow'
[2026-02-10T21:05:44.055+0000] {processor.py:842} WARNING - No viable dags retrieved from /opt/airflow/dags/ml_retrain_pipeline.py
[2026-02-10T21:05:44.079+0000] {processor.py:183} INFO - Processing /opt/airflow/dags/ml_retrain_pipeline.py took 0.205 seconds
[2026-02-10T21:06:14.429+0000] {processor.py:161} INFO - Started process (PID=390) to work on /opt/airflow/dags/ml_retrain_pipeline.py
[2026-02-10T21:06:14.431+0000] {processor.py:830} INFO - Processing file /opt/airflow/dags/ml_retrain_pipeline.py for tasks to queue
[2026-02-10T21:06:14.433+0000] {logging_mixin.py:188} INFO - [2026-02-10T21:06:14.433+0000] {dagbag.py:540} INFO - Filling up the DagBag from /opt/airflow/dags/ml_retrain_pipeline.py
[2026-02-10T21:06:14.586+0000] {logging_mixin.py:188} INFO - [2026-02-10T21:06:14.584+0000] {dagbag.py:350} ERROR - Failed to import: /opt/airflow/dags/ml_retrain_pipeline.py
Traceback (most recent call last):
  File "/home/airflow/.local/lib/python3.10/site-packages/airflow/models/dagbag.py", line 346, in parse
    loader.exec_module(new_module)
  File "<frozen importlib._bootstrap_external>", line 883, in exec_module
  File "<frozen importlib._bootstrap>", line 241, in _call_with_frames_removed
  File "/opt/airflow/dags/ml_retrain_pipeline.py", line 19, in <module>
    import mlflow
ModuleNotFoundError: No module named 'mlflow'
[2026-02-10T21:06:14.586+0000] {processor.py:842} WARNING - No viable dags retrieved from /opt/airflow/dags/ml_retrain_pipeline.py
[2026-02-10T21:06:14.611+0000] {processor.py:183} INFO - Processing /opt/airflow/dags/ml_retrain_pipeline.py took 0.189 seconds
[2026-02-10T21:06:44.941+0000] {processor.py:161} INFO - Started process (PID=408) to work on /opt/airflow/dags/ml_retrain_pipeline.py
[2026-02-10T21:06:44.942+0000] {processor.py:830} INFO - Processing file /opt/airflow/dags/ml_retrain_pipeline.py for tasks to queue
[2026-02-10T21:06:44.945+0000] {logging_mixin.py:188} INFO - [2026-02-10T21:06:44.945+0000] {dagbag.py:540} INFO - Filling up the DagBag from /opt/airflow/dags/ml_retrain_pipeline.py
[2026-02-10T21:06:45.212+0000] {logging_mixin.py:188} INFO - [2026-02-10T21:06:45.209+0000] {dagbag.py:350} ERROR - Failed to import: /opt/airflow/dags/ml_retrain_pipeline.py
Traceback (most recent call last):
  File "/home/airflow/.local/lib/python3.10/site-packages/airflow/models/dagbag.py", line 346, in parse
    loader.exec_module(new_module)
  File "<frozen importlib._bootstrap_external>", line 883, in exec_module
  File "<frozen importlib._bootstrap>", line 241, in _call_with_frames_removed
  File "/opt/airflow/dags/ml_retrain_pipeline.py", line 19, in <module>
    import mlflow
ModuleNotFoundError: No module named 'mlflow'
[2026-02-10T21:06:45.213+0000] {processor.py:842} WARNING - No viable dags retrieved from /opt/airflow/dags/ml_retrain_pipeline.py
[2026-02-10T21:06:45.229+0000] {processor.py:183} INFO - Processing /opt/airflow/dags/ml_retrain_pipeline.py took 0.294 seconds
[2026-02-10T21:07:15.522+0000] {processor.py:161} INFO - Started process (PID=426) to work on /opt/airflow/dags/ml_retrain_pipeline.py
[2026-02-10T21:07:15.524+0000] {processor.py:830} INFO - Processing file /opt/airflow/dags/ml_retrain_pipeline.py for tasks to queue
[2026-02-10T21:07:15.526+0000] {logging_mixin.py:188} INFO - [2026-02-10T21:07:15.525+0000] {dagbag.py:540} INFO - Filling up the DagBag from /opt/airflow/dags/ml_retrain_pipeline.py
[2026-02-10T21:07:15.743+0000] {logging_mixin.py:188} INFO - [2026-02-10T21:07:15.742+0000] {dagbag.py:350} ERROR - Failed to import: /opt/airflow/dags/ml_retrain_pipeline.py
Traceback (most recent call last):
  File "/home/airflow/.local/lib/python3.10/site-packages/airflow/models/dagbag.py", line 346, in parse
    loader.exec_module(new_module)
  File "<frozen importlib._bootstrap_external>", line 883, in exec_module
  File "<frozen importlib._bootstrap>", line 241, in _call_with_frames_removed
  File "/opt/airflow/dags/ml_retrain_pipeline.py", line 19, in <module>
    import mlflow
ModuleNotFoundError: No module named 'mlflow'
[2026-02-10T21:07:15.743+0000] {processor.py:842} WARNING - No viable dags retrieved from /opt/airflow/dags/ml_retrain_pipeline.py
[2026-02-10T21:07:15.760+0000] {processor.py:183} INFO - Processing /opt/airflow/dags/ml_retrain_pipeline.py took 0.256 seconds
[2026-02-10T21:07:46.062+0000] {processor.py:161} INFO - Started process (PID=444) to work on /opt/airflow/dags/ml_retrain_pipeline.py
[2026-02-10T21:07:46.063+0000] {processor.py:830} INFO - Processing file /opt/airflow/dags/ml_retrain_pipeline.py for tasks to queue
[2026-02-10T21:07:46.064+0000] {logging_mixin.py:188} INFO - [2026-02-10T21:07:46.064+0000] {dagbag.py:540} INFO - Filling up the DagBag from /opt/airflow/dags/ml_retrain_pipeline.py
[2026-02-10T21:07:46.328+0000] {logging_mixin.py:188} INFO - [2026-02-10T21:07:46.324+0000] {dagbag.py:350} ERROR - Failed to import: /opt/airflow/dags/ml_retrain_pipeline.py
Traceback (most recent call last):
  File "/home/airflow/.local/lib/python3.10/site-packages/airflow/models/dagbag.py", line 346, in parse
    loader.exec_module(new_module)
  File "<frozen importlib._bootstrap_external>", line 883, in exec_module
  File "<frozen importlib._bootstrap>", line 241, in _call_with_frames_removed
  File "/opt/airflow/dags/ml_retrain_pipeline.py", line 19, in <module>
    import mlflow
ModuleNotFoundError: No module named 'mlflow'
[2026-02-10T21:07:46.328+0000] {processor.py:842} WARNING - No viable dags retrieved from /opt/airflow/dags/ml_retrain_pipeline.py
[2026-02-10T21:07:46.337+0000] {processor.py:183} INFO - Processing /opt/airflow/dags/ml_retrain_pipeline.py took 0.279 seconds
[2026-02-10T21:08:16.632+0000] {processor.py:161} INFO - Started process (PID=462) to work on /opt/airflow/dags/ml_retrain_pipeline.py
[2026-02-10T21:08:16.633+0000] {processor.py:830} INFO - Processing file /opt/airflow/dags/ml_retrain_pipeline.py for tasks to queue
[2026-02-10T21:08:16.634+0000] {logging_mixin.py:188} INFO - [2026-02-10T21:08:16.634+0000] {dagbag.py:540} INFO - Filling up the DagBag from /opt/airflow/dags/ml_retrain_pipeline.py
[2026-02-10T21:08:16.938+0000] {logging_mixin.py:188} INFO - [2026-02-10T21:08:16.937+0000] {dagbag.py:350} ERROR - Failed to import: /opt/airflow/dags/ml_retrain_pipeline.py
Traceback (most recent call last):
  File "/home/airflow/.local/lib/python3.10/site-packages/airflow/models/dagbag.py", line 346, in parse
    loader.exec_module(new_module)
  File "<frozen importlib._bootstrap_external>", line 883, in exec_module
  File "<frozen importlib._bootstrap>", line 241, in _call_with_frames_removed
  File "/opt/airflow/dags/ml_retrain_pipeline.py", line 19, in <module>
    import mlflow
ModuleNotFoundError: No module named 'mlflow'
[2026-02-10T21:08:16.938+0000] {processor.py:842} WARNING - No viable dags retrieved from /opt/airflow/dags/ml_retrain_pipeline.py
[2026-02-10T21:08:16.947+0000] {processor.py:183} INFO - Processing /opt/airflow/dags/ml_retrain_pipeline.py took 0.320 seconds
[2026-02-10T21:08:47.195+0000] {processor.py:161} INFO - Started process (PID=480) to work on /opt/airflow/dags/ml_retrain_pipeline.py
[2026-02-10T21:08:47.196+0000] {processor.py:830} INFO - Processing file /opt/airflow/dags/ml_retrain_pipeline.py for tasks to queue
[2026-02-10T21:08:47.198+0000] {logging_mixin.py:188} INFO - [2026-02-10T21:08:47.198+0000] {dagbag.py:540} INFO - Filling up the DagBag from /opt/airflow/dags/ml_retrain_pipeline.py
[2026-02-10T21:08:47.397+0000] {logging_mixin.py:188} INFO - [2026-02-10T21:08:47.395+0000] {dagbag.py:350} ERROR - Failed to import: /opt/airflow/dags/ml_retrain_pipeline.py
Traceback (most recent call last):
  File "/home/airflow/.local/lib/python3.10/site-packages/airflow/models/dagbag.py", line 346, in parse
    loader.exec_module(new_module)
  File "<frozen importlib._bootstrap_external>", line 883, in exec_module
  File "<frozen importlib._bootstrap>", line 241, in _call_with_frames_removed
  File "/opt/airflow/dags/ml_retrain_pipeline.py", line 19, in <module>
    import mlflow
ModuleNotFoundError: No module named 'mlflow'
[2026-02-10T21:08:47.398+0000] {processor.py:842} WARNING - No viable dags retrieved from /opt/airflow/dags/ml_retrain_pipeline.py
[2026-02-10T21:08:47.407+0000] {processor.py:183} INFO - Processing /opt/airflow/dags/ml_retrain_pipeline.py took 0.217 seconds
[2026-02-10T21:09:17.703+0000] {processor.py:161} INFO - Started process (PID=498) to work on /opt/airflow/dags/ml_retrain_pipeline.py
[2026-02-10T21:09:17.705+0000] {processor.py:830} INFO - Processing file /opt/airflow/dags/ml_retrain_pipeline.py for tasks to queue
[2026-02-10T21:09:17.706+0000] {logging_mixin.py:188} INFO - [2026-02-10T21:09:17.706+0000] {dagbag.py:540} INFO - Filling up the DagBag from /opt/airflow/dags/ml_retrain_pipeline.py
[2026-02-10T21:09:17.893+0000] {logging_mixin.py:188} INFO - [2026-02-10T21:09:17.891+0000] {dagbag.py:350} ERROR - Failed to import: /opt/airflow/dags/ml_retrain_pipeline.py
Traceback (most recent call last):
  File "/home/airflow/.local/lib/python3.10/site-packages/airflow/models/dagbag.py", line 346, in parse
    loader.exec_module(new_module)
  File "<frozen importlib._bootstrap_external>", line 883, in exec_module
  File "<frozen importlib._bootstrap>", line 241, in _call_with_frames_removed
  File "/opt/airflow/dags/ml_retrain_pipeline.py", line 19, in <module>
    import mlflow
ModuleNotFoundError: No module named 'mlflow'
[2026-02-10T21:09:17.893+0000] {processor.py:842} WARNING - No viable dags retrieved from /opt/airflow/dags/ml_retrain_pipeline.py
[2026-02-10T21:09:17.906+0000] {processor.py:183} INFO - Processing /opt/airflow/dags/ml_retrain_pipeline.py took 0.208 seconds
[2026-02-10T21:09:48.250+0000] {processor.py:161} INFO - Started process (PID=516) to work on /opt/airflow/dags/ml_retrain_pipeline.py
[2026-02-10T21:09:48.251+0000] {processor.py:830} INFO - Processing file /opt/airflow/dags/ml_retrain_pipeline.py for tasks to queue
[2026-02-10T21:09:48.254+0000] {logging_mixin.py:188} INFO - [2026-02-10T21:09:48.253+0000] {dagbag.py:540} INFO - Filling up the DagBag from /opt/airflow/dags/ml_retrain_pipeline.py
[2026-02-10T21:09:48.478+0000] {logging_mixin.py:188} INFO - [2026-02-10T21:09:48.477+0000] {dagbag.py:350} ERROR - Failed to import: /opt/airflow/dags/ml_retrain_pipeline.py
Traceback (most recent call last):
  File "/home/airflow/.local/lib/python3.10/site-packages/airflow/models/dagbag.py", line 346, in parse
    loader.exec_module(new_module)
  File "<frozen importlib._bootstrap_external>", line 883, in exec_module
  File "<frozen importlib._bootstrap>", line 241, in _call_with_frames_removed
  File "/opt/airflow/dags/ml_retrain_pipeline.py", line 19, in <module>
    import mlflow
ModuleNotFoundError: No module named 'mlflow'
[2026-02-10T21:09:48.478+0000] {processor.py:842} WARNING - No viable dags retrieved from /opt/airflow/dags/ml_retrain_pipeline.py
[2026-02-10T21:09:48.489+0000] {processor.py:183} INFO - Processing /opt/airflow/dags/ml_retrain_pipeline.py took 0.247 seconds
[2026-02-10T21:10:18.767+0000] {processor.py:161} INFO - Started process (PID=534) to work on /opt/airflow/dags/ml_retrain_pipeline.py
[2026-02-10T21:10:18.769+0000] {processor.py:830} INFO - Processing file /opt/airflow/dags/ml_retrain_pipeline.py for tasks to queue
[2026-02-10T21:10:18.770+0000] {logging_mixin.py:188} INFO - [2026-02-10T21:10:18.770+0000] {dagbag.py:540} INFO - Filling up the DagBag from /opt/airflow/dags/ml_retrain_pipeline.py
[2026-02-10T21:10:19.036+0000] {logging_mixin.py:188} INFO - [2026-02-10T21:10:19.030+0000] {dagbag.py:350} ERROR - Failed to import: /opt/airflow/dags/ml_retrain_pipeline.py
Traceback (most recent call last):
  File "/home/airflow/.local/lib/python3.10/site-packages/airflow/models/dagbag.py", line 346, in parse
    loader.exec_module(new_module)
  File "<frozen importlib._bootstrap_external>", line 883, in exec_module
  File "<frozen importlib._bootstrap>", line 241, in _call_with_frames_removed
  File "/opt/airflow/dags/ml_retrain_pipeline.py", line 19, in <module>
    import mlflow
ModuleNotFoundError: No module named 'mlflow'
[2026-02-10T21:10:19.037+0000] {processor.py:842} WARNING - No viable dags retrieved from /opt/airflow/dags/ml_retrain_pipeline.py
[2026-02-10T21:10:19.064+0000] {processor.py:183} INFO - Processing /opt/airflow/dags/ml_retrain_pipeline.py took 0.304 seconds
[2026-02-10T21:10:27.165+0000] {processor.py:161} INFO - Started process (PID=546) to work on /opt/airflow/dags/ml_retrain_pipeline.py
[2026-02-10T21:10:27.166+0000] {processor.py:830} INFO - Processing file /opt/airflow/dags/ml_retrain_pipeline.py for tasks to queue
[2026-02-10T21:10:27.167+0000] {logging_mixin.py:188} INFO - [2026-02-10T21:10:27.167+0000] {dagbag.py:540} INFO - Filling up the DagBag from /opt/airflow/dags/ml_retrain_pipeline.py
[2026-02-10T21:10:27.344+0000] {logging_mixin.py:188} INFO - [2026-02-10T21:10:27.343+0000] {dagbag.py:350} ERROR - Failed to import: /opt/airflow/dags/ml_retrain_pipeline.py
Traceback (most recent call last):
  File "/home/airflow/.local/lib/python3.10/site-packages/airflow/models/dagbag.py", line 346, in parse
    loader.exec_module(new_module)
  File "<frozen importlib._bootstrap_external>", line 883, in exec_module
  File "<frozen importlib._bootstrap>", line 241, in _call_with_frames_removed
  File "/opt/airflow/dags/ml_retrain_pipeline.py", line 19, in <module>
    import mlflow
ModuleNotFoundError: No module named 'mlflow'
[2026-02-10T21:10:27.344+0000] {processor.py:842} WARNING - No viable dags retrieved from /opt/airflow/dags/ml_retrain_pipeline.py
[2026-02-10T21:10:27.352+0000] {processor.py:183} INFO - Processing /opt/airflow/dags/ml_retrain_pipeline.py took 0.191 seconds
[2026-02-10T21:10:57.584+0000] {processor.py:161} INFO - Started process (PID=564) to work on /opt/airflow/dags/ml_retrain_pipeline.py
[2026-02-10T21:10:57.587+0000] {processor.py:830} INFO - Processing file /opt/airflow/dags/ml_retrain_pipeline.py for tasks to queue
[2026-02-10T21:10:57.594+0000] {logging_mixin.py:188} INFO - [2026-02-10T21:10:57.593+0000] {dagbag.py:540} INFO - Filling up the DagBag from /opt/airflow/dags/ml_retrain_pipeline.py
[2026-02-10T21:10:57.827+0000] {logging_mixin.py:188} INFO - [2026-02-10T21:10:57.826+0000] {dagbag.py:350} ERROR - Failed to import: /opt/airflow/dags/ml_retrain_pipeline.py
Traceback (most recent call last):
  File "/home/airflow/.local/lib/python3.10/site-packages/airflow/models/dagbag.py", line 346, in parse
    loader.exec_module(new_module)
  File "<frozen importlib._bootstrap_external>", line 883, in exec_module
  File "<frozen importlib._bootstrap>", line 241, in _call_with_frames_removed
  File "/opt/airflow/dags/ml_retrain_pipeline.py", line 19, in <module>
    import mlflow
ModuleNotFoundError: No module named 'mlflow'
[2026-02-10T21:10:57.827+0000] {processor.py:842} WARNING - No viable dags retrieved from /opt/airflow/dags/ml_retrain_pipeline.py
[2026-02-10T21:10:57.846+0000] {processor.py:183} INFO - Processing /opt/airflow/dags/ml_retrain_pipeline.py took 0.267 seconds
[2026-02-10T21:11:28.140+0000] {processor.py:161} INFO - Started process (PID=582) to work on /opt/airflow/dags/ml_retrain_pipeline.py
[2026-02-10T21:11:28.141+0000] {processor.py:830} INFO - Processing file /opt/airflow/dags/ml_retrain_pipeline.py for tasks to queue
[2026-02-10T21:11:28.142+0000] {logging_mixin.py:188} INFO - [2026-02-10T21:11:28.142+0000] {dagbag.py:540} INFO - Filling up the DagBag from /opt/airflow/dags/ml_retrain_pipeline.py
[2026-02-10T21:11:28.313+0000] {logging_mixin.py:188} INFO - [2026-02-10T21:11:28.312+0000] {dagbag.py:350} ERROR - Failed to import: /opt/airflow/dags/ml_retrain_pipeline.py
Traceback (most recent call last):
  File "/home/airflow/.local/lib/python3.10/site-packages/airflow/models/dagbag.py", line 346, in parse
    loader.exec_module(new_module)
  File "<frozen importlib._bootstrap_external>", line 883, in exec_module
  File "<frozen importlib._bootstrap>", line 241, in _call_with_frames_removed
  File "/opt/airflow/dags/ml_retrain_pipeline.py", line 19, in <module>
    import mlflow
ModuleNotFoundError: No module named 'mlflow'
[2026-02-10T21:11:28.313+0000] {processor.py:842} WARNING - No viable dags retrieved from /opt/airflow/dags/ml_retrain_pipeline.py
[2026-02-10T21:11:28.320+0000] {processor.py:183} INFO - Processing /opt/airflow/dags/ml_retrain_pipeline.py took 0.188 seconds
[2026-02-10T21:11:58.585+0000] {processor.py:161} INFO - Started process (PID=600) to work on /opt/airflow/dags/ml_retrain_pipeline.py
[2026-02-10T21:11:58.586+0000] {processor.py:830} INFO - Processing file /opt/airflow/dags/ml_retrain_pipeline.py for tasks to queue
[2026-02-10T21:11:58.588+0000] {logging_mixin.py:188} INFO - [2026-02-10T21:11:58.587+0000] {dagbag.py:540} INFO - Filling up the DagBag from /opt/airflow/dags/ml_retrain_pipeline.py
[2026-02-10T21:11:58.800+0000] {logging_mixin.py:188} INFO - [2026-02-10T21:11:58.793+0000] {dagbag.py:350} ERROR - Failed to import: /opt/airflow/dags/ml_retrain_pipeline.py
Traceback (most recent call last):
  File "/home/airflow/.local/lib/python3.10/site-packages/airflow/models/dagbag.py", line 346, in parse
    loader.exec_module(new_module)
  File "<frozen importlib._bootstrap_external>", line 883, in exec_module
  File "<frozen importlib._bootstrap>", line 241, in _call_with_frames_removed
  File "/opt/airflow/dags/ml_retrain_pipeline.py", line 19, in <module>
    import mlflow
ModuleNotFoundError: No module named 'mlflow'
[2026-02-10T21:11:58.801+0000] {processor.py:842} WARNING - No viable dags retrieved from /opt/airflow/dags/ml_retrain_pipeline.py
[2026-02-10T21:11:58.811+0000] {processor.py:183} INFO - Processing /opt/airflow/dags/ml_retrain_pipeline.py took 0.231 seconds
[2026-02-10T21:12:29.157+0000] {processor.py:161} INFO - Started process (PID=618) to work on /opt/airflow/dags/ml_retrain_pipeline.py
[2026-02-10T21:12:29.158+0000] {processor.py:830} INFO - Processing file /opt/airflow/dags/ml_retrain_pipeline.py for tasks to queue
[2026-02-10T21:12:29.160+0000] {logging_mixin.py:188} INFO - [2026-02-10T21:12:29.160+0000] {dagbag.py:540} INFO - Filling up the DagBag from /opt/airflow/dags/ml_retrain_pipeline.py
[2026-02-10T21:12:29.328+0000] {logging_mixin.py:188} INFO - [2026-02-10T21:12:29.328+0000] {dagbag.py:350} ERROR - Failed to import: /opt/airflow/dags/ml_retrain_pipeline.py
Traceback (most recent call last):
  File "/home/airflow/.local/lib/python3.10/site-packages/airflow/models/dagbag.py", line 346, in parse
    loader.exec_module(new_module)
  File "<frozen importlib._bootstrap_external>", line 883, in exec_module
  File "<frozen importlib._bootstrap>", line 241, in _call_with_frames_removed
  File "/opt/airflow/dags/ml_retrain_pipeline.py", line 19, in <module>
    import mlflow
ModuleNotFoundError: No module named 'mlflow'
[2026-02-10T21:12:29.329+0000] {processor.py:842} WARNING - No viable dags retrieved from /opt/airflow/dags/ml_retrain_pipeline.py
[2026-02-10T21:12:29.338+0000] {processor.py:183} INFO - Processing /opt/airflow/dags/ml_retrain_pipeline.py took 0.185 seconds
[2026-02-10T21:12:59.589+0000] {processor.py:161} INFO - Started process (PID=636) to work on /opt/airflow/dags/ml_retrain_pipeline.py
[2026-02-10T21:12:59.591+0000] {processor.py:830} INFO - Processing file /opt/airflow/dags/ml_retrain_pipeline.py for tasks to queue
[2026-02-10T21:12:59.592+0000] {logging_mixin.py:188} INFO - [2026-02-10T21:12:59.592+0000] {dagbag.py:540} INFO - Filling up the DagBag from /opt/airflow/dags/ml_retrain_pipeline.py
[2026-02-10T21:12:59.758+0000] {logging_mixin.py:188} INFO - [2026-02-10T21:12:59.757+0000] {dagbag.py:350} ERROR - Failed to import: /opt/airflow/dags/ml_retrain_pipeline.py
Traceback (most recent call last):
  File "/home/airflow/.local/lib/python3.10/site-packages/airflow/models/dagbag.py", line 346, in parse
    loader.exec_module(new_module)
  File "<frozen importlib._bootstrap_external>", line 883, in exec_module
  File "<frozen importlib._bootstrap>", line 241, in _call_with_frames_removed
  File "/opt/airflow/dags/ml_retrain_pipeline.py", line 19, in <module>
    import mlflow
ModuleNotFoundError: No module named 'mlflow'
[2026-02-10T21:12:59.758+0000] {processor.py:842} WARNING - No viable dags retrieved from /opt/airflow/dags/ml_retrain_pipeline.py
[2026-02-10T21:12:59.766+0000] {processor.py:183} INFO - Processing /opt/airflow/dags/ml_retrain_pipeline.py took 0.184 seconds
[2026-02-10T21:13:30.025+0000] {processor.py:161} INFO - Started process (PID=654) to work on /opt/airflow/dags/ml_retrain_pipeline.py
[2026-02-10T21:13:30.026+0000] {processor.py:830} INFO - Processing file /opt/airflow/dags/ml_retrain_pipeline.py for tasks to queue
[2026-02-10T21:13:30.028+0000] {logging_mixin.py:188} INFO - [2026-02-10T21:13:30.028+0000] {dagbag.py:540} INFO - Filling up the DagBag from /opt/airflow/dags/ml_retrain_pipeline.py
[2026-02-10T21:13:30.226+0000] {logging_mixin.py:188} INFO - [2026-02-10T21:13:30.225+0000] {dagbag.py:350} ERROR - Failed to import: /opt/airflow/dags/ml_retrain_pipeline.py
Traceback (most recent call last):
  File "/home/airflow/.local/lib/python3.10/site-packages/airflow/models/dagbag.py", line 346, in parse
    loader.exec_module(new_module)
  File "<frozen importlib._bootstrap_external>", line 883, in exec_module
  File "<frozen importlib._bootstrap>", line 241, in _call_with_frames_removed
  File "/opt/airflow/dags/ml_retrain_pipeline.py", line 19, in <module>
    import mlflow
ModuleNotFoundError: No module named 'mlflow'
[2026-02-10T21:13:30.226+0000] {processor.py:842} WARNING - No viable dags retrieved from /opt/airflow/dags/ml_retrain_pipeline.py
[2026-02-10T21:13:30.235+0000] {processor.py:183} INFO - Processing /opt/airflow/dags/ml_retrain_pipeline.py took 0.216 seconds
[2026-02-10T21:14:00.502+0000] {processor.py:161} INFO - Started process (PID=672) to work on /opt/airflow/dags/ml_retrain_pipeline.py
[2026-02-10T21:14:00.502+0000] {processor.py:830} INFO - Processing file /opt/airflow/dags/ml_retrain_pipeline.py for tasks to queue
[2026-02-10T21:14:00.504+0000] {logging_mixin.py:188} INFO - [2026-02-10T21:14:00.503+0000] {dagbag.py:540} INFO - Filling up the DagBag from /opt/airflow/dags/ml_retrain_pipeline.py
[2026-02-10T21:14:00.689+0000] {logging_mixin.py:188} INFO - [2026-02-10T21:14:00.688+0000] {dagbag.py:350} ERROR - Failed to import: /opt/airflow/dags/ml_retrain_pipeline.py
Traceback (most recent call last):
  File "/home/airflow/.local/lib/python3.10/site-packages/airflow/models/dagbag.py", line 346, in parse
    loader.exec_module(new_module)
  File "<frozen importlib._bootstrap_external>", line 883, in exec_module
  File "<frozen importlib._bootstrap>", line 241, in _call_with_frames_removed
  File "/opt/airflow/dags/ml_retrain_pipeline.py", line 19, in <module>
    import mlflow
ModuleNotFoundError: No module named 'mlflow'
[2026-02-10T21:14:00.689+0000] {processor.py:842} WARNING - No viable dags retrieved from /opt/airflow/dags/ml_retrain_pipeline.py
[2026-02-10T21:14:00.697+0000] {processor.py:183} INFO - Processing /opt/airflow/dags/ml_retrain_pipeline.py took 0.200 seconds
[2026-02-10T21:14:30.974+0000] {processor.py:161} INFO - Started process (PID=690) to work on /opt/airflow/dags/ml_retrain_pipeline.py
[2026-02-10T21:14:30.975+0000] {processor.py:830} INFO - Processing file /opt/airflow/dags/ml_retrain_pipeline.py for tasks to queue
[2026-02-10T21:14:30.976+0000] {logging_mixin.py:188} INFO - [2026-02-10T21:14:30.976+0000] {dagbag.py:540} INFO - Filling up the DagBag from /opt/airflow/dags/ml_retrain_pipeline.py
[2026-02-10T21:14:31.156+0000] {logging_mixin.py:188} INFO - [2026-02-10T21:14:31.155+0000] {dagbag.py:350} ERROR - Failed to import: /opt/airflow/dags/ml_retrain_pipeline.py
Traceback (most recent call last):
  File "/home/airflow/.local/lib/python3.10/site-packages/airflow/models/dagbag.py", line 346, in parse
    loader.exec_module(new_module)
  File "<frozen importlib._bootstrap_external>", line 883, in exec_module
  File "<frozen importlib._bootstrap>", line 241, in _call_with_frames_removed
  File "/opt/airflow/dags/ml_retrain_pipeline.py", line 19, in <module>
    import mlflow
ModuleNotFoundError: No module named 'mlflow'
[2026-02-10T21:14:31.156+0000] {processor.py:842} WARNING - No viable dags retrieved from /opt/airflow/dags/ml_retrain_pipeline.py
[2026-02-10T21:14:31.166+0000] {processor.py:183} INFO - Processing /opt/airflow/dags/ml_retrain_pipeline.py took 0.200 seconds
[2026-02-10T21:15:01.434+0000] {processor.py:161} INFO - Started process (PID=708) to work on /opt/airflow/dags/ml_retrain_pipeline.py
[2026-02-10T21:15:01.435+0000] {processor.py:830} INFO - Processing file /opt/airflow/dags/ml_retrain_pipeline.py for tasks to queue
[2026-02-10T21:15:01.436+0000] {logging_mixin.py:188} INFO - [2026-02-10T21:15:01.436+0000] {dagbag.py:540} INFO - Filling up the DagBag from /opt/airflow/dags/ml_retrain_pipeline.py
[2026-02-10T21:15:01.619+0000] {logging_mixin.py:188} INFO - [2026-02-10T21:15:01.618+0000] {dagbag.py:350} ERROR - Failed to import: /opt/airflow/dags/ml_retrain_pipeline.py
Traceback (most recent call last):
  File "/home/airflow/.local/lib/python3.10/site-packages/airflow/models/dagbag.py", line 346, in parse
    loader.exec_module(new_module)
  File "<frozen importlib._bootstrap_external>", line 883, in exec_module
  File "<frozen importlib._bootstrap>", line 241, in _call_with_frames_removed
  File "/opt/airflow/dags/ml_retrain_pipeline.py", line 19, in <module>
    import mlflow
ModuleNotFoundError: No module named 'mlflow'
[2026-02-10T21:15:01.619+0000] {processor.py:842} WARNING - No viable dags retrieved from /opt/airflow/dags/ml_retrain_pipeline.py
[2026-02-10T21:15:01.627+0000] {processor.py:183} INFO - Processing /opt/airflow/dags/ml_retrain_pipeline.py took 0.198 seconds
[2026-02-10T21:15:31.883+0000] {processor.py:161} INFO - Started process (PID=726) to work on /opt/airflow/dags/ml_retrain_pipeline.py
[2026-02-10T21:15:31.883+0000] {processor.py:830} INFO - Processing file /opt/airflow/dags/ml_retrain_pipeline.py for tasks to queue
[2026-02-10T21:15:31.885+0000] {logging_mixin.py:188} INFO - [2026-02-10T21:15:31.884+0000] {dagbag.py:540} INFO - Filling up the DagBag from /opt/airflow/dags/ml_retrain_pipeline.py
[2026-02-10T21:15:32.056+0000] {logging_mixin.py:188} INFO - [2026-02-10T21:15:32.056+0000] {dagbag.py:350} ERROR - Failed to import: /opt/airflow/dags/ml_retrain_pipeline.py
Traceback (most recent call last):
  File "/home/airflow/.local/lib/python3.10/site-packages/airflow/models/dagbag.py", line 346, in parse
    loader.exec_module(new_module)
  File "<frozen importlib._bootstrap_external>", line 883, in exec_module
  File "<frozen importlib._bootstrap>", line 241, in _call_with_frames_removed
  File "/opt/airflow/dags/ml_retrain_pipeline.py", line 19, in <module>
    import mlflow
ModuleNotFoundError: No module named 'mlflow'
[2026-02-10T21:15:32.056+0000] {processor.py:842} WARNING - No viable dags retrieved from /opt/airflow/dags/ml_retrain_pipeline.py
[2026-02-10T21:15:32.065+0000] {processor.py:183} INFO - Processing /opt/airflow/dags/ml_retrain_pipeline.py took 0.186 seconds
[2026-02-10T21:16:02.362+0000] {processor.py:161} INFO - Started process (PID=744) to work on /opt/airflow/dags/ml_retrain_pipeline.py
[2026-02-10T21:16:02.363+0000] {processor.py:830} INFO - Processing file /opt/airflow/dags/ml_retrain_pipeline.py for tasks to queue
[2026-02-10T21:16:02.364+0000] {logging_mixin.py:188} INFO - [2026-02-10T21:16:02.364+0000] {dagbag.py:540} INFO - Filling up the DagBag from /opt/airflow/dags/ml_retrain_pipeline.py
[2026-02-10T21:16:02.536+0000] {logging_mixin.py:188} INFO - [2026-02-10T21:16:02.535+0000] {dagbag.py:350} ERROR - Failed to import: /opt/airflow/dags/ml_retrain_pipeline.py
Traceback (most recent call last):
  File "/home/airflow/.local/lib/python3.10/site-packages/airflow/models/dagbag.py", line 346, in parse
    loader.exec_module(new_module)
  File "<frozen importlib._bootstrap_external>", line 883, in exec_module
  File "<frozen importlib._bootstrap>", line 241, in _call_with_frames_removed
  File "/opt/airflow/dags/ml_retrain_pipeline.py", line 19, in <module>
    import mlflow
ModuleNotFoundError: No module named 'mlflow'
[2026-02-10T21:16:02.536+0000] {processor.py:842} WARNING - No viable dags retrieved from /opt/airflow/dags/ml_retrain_pipeline.py
[2026-02-10T21:16:02.544+0000] {processor.py:183} INFO - Processing /opt/airflow/dags/ml_retrain_pipeline.py took 0.188 seconds
[2026-02-10T21:16:32.813+0000] {processor.py:161} INFO - Started process (PID=762) to work on /opt/airflow/dags/ml_retrain_pipeline.py
[2026-02-10T21:16:32.814+0000] {processor.py:830} INFO - Processing file /opt/airflow/dags/ml_retrain_pipeline.py for tasks to queue
[2026-02-10T21:16:32.817+0000] {logging_mixin.py:188} INFO - [2026-02-10T21:16:32.816+0000] {dagbag.py:540} INFO - Filling up the DagBag from /opt/airflow/dags/ml_retrain_pipeline.py
[2026-02-10T21:16:32.990+0000] {logging_mixin.py:188} INFO - [2026-02-10T21:16:32.989+0000] {dagbag.py:350} ERROR - Failed to import: /opt/airflow/dags/ml_retrain_pipeline.py
Traceback (most recent call last):
  File "/home/airflow/.local/lib/python3.10/site-packages/airflow/models/dagbag.py", line 346, in parse
    loader.exec_module(new_module)
  File "<frozen importlib._bootstrap_external>", line 883, in exec_module
  File "<frozen importlib._bootstrap>", line 241, in _call_with_frames_removed
  File "/opt/airflow/dags/ml_retrain_pipeline.py", line 19, in <module>
    import mlflow
ModuleNotFoundError: No module named 'mlflow'
[2026-02-10T21:16:32.990+0000] {processor.py:842} WARNING - No viable dags retrieved from /opt/airflow/dags/ml_retrain_pipeline.py
[2026-02-10T21:16:32.997+0000] {processor.py:183} INFO - Processing /opt/airflow/dags/ml_retrain_pipeline.py took 0.192 seconds
[2026-02-10T21:17:03.249+0000] {processor.py:161} INFO - Started process (PID=780) to work on /opt/airflow/dags/ml_retrain_pipeline.py
[2026-02-10T21:17:03.249+0000] {processor.py:830} INFO - Processing file /opt/airflow/dags/ml_retrain_pipeline.py for tasks to queue
[2026-02-10T21:17:03.250+0000] {logging_mixin.py:188} INFO - [2026-02-10T21:17:03.250+0000] {dagbag.py:540} INFO - Filling up the DagBag from /opt/airflow/dags/ml_retrain_pipeline.py
[2026-02-10T21:17:03.413+0000] {logging_mixin.py:188} INFO - [2026-02-10T21:17:03.412+0000] {dagbag.py:350} ERROR - Failed to import: /opt/airflow/dags/ml_retrain_pipeline.py
Traceback (most recent call last):
  File "/home/airflow/.local/lib/python3.10/site-packages/airflow/models/dagbag.py", line 346, in parse
    loader.exec_module(new_module)
  File "<frozen importlib._bootstrap_external>", line 883, in exec_module
  File "<frozen importlib._bootstrap>", line 241, in _call_with_frames_removed
  File "/opt/airflow/dags/ml_retrain_pipeline.py", line 19, in <module>
    import mlflow
ModuleNotFoundError: No module named 'mlflow'
[2026-02-10T21:17:03.413+0000] {processor.py:842} WARNING - No viable dags retrieved from /opt/airflow/dags/ml_retrain_pipeline.py
[2026-02-10T21:17:03.420+0000] {processor.py:183} INFO - Processing /opt/airflow/dags/ml_retrain_pipeline.py took 0.179 seconds
[2026-02-10T21:17:33.676+0000] {processor.py:161} INFO - Started process (PID=798) to work on /opt/airflow/dags/ml_retrain_pipeline.py
[2026-02-10T21:17:33.676+0000] {processor.py:830} INFO - Processing file /opt/airflow/dags/ml_retrain_pipeline.py for tasks to queue
[2026-02-10T21:17:33.677+0000] {logging_mixin.py:188} INFO - [2026-02-10T21:17:33.677+0000] {dagbag.py:540} INFO - Filling up the DagBag from /opt/airflow/dags/ml_retrain_pipeline.py
[2026-02-10T21:17:33.842+0000] {logging_mixin.py:188} INFO - [2026-02-10T21:17:33.841+0000] {dagbag.py:350} ERROR - Failed to import: /opt/airflow/dags/ml_retrain_pipeline.py
Traceback (most recent call last):
  File "/home/airflow/.local/lib/python3.10/site-packages/airflow/models/dagbag.py", line 346, in parse
    loader.exec_module(new_module)
  File "<frozen importlib._bootstrap_external>", line 883, in exec_module
  File "<frozen importlib._bootstrap>", line 241, in _call_with_frames_removed
  File "/opt/airflow/dags/ml_retrain_pipeline.py", line 19, in <module>
    import mlflow
ModuleNotFoundError: No module named 'mlflow'
[2026-02-10T21:17:33.842+0000] {processor.py:842} WARNING - No viable dags retrieved from /opt/airflow/dags/ml_retrain_pipeline.py
[2026-02-10T21:17:33.849+0000] {processor.py:183} INFO - Processing /opt/airflow/dags/ml_retrain_pipeline.py took 0.177 seconds
[2026-02-10T21:18:04.094+0000] {processor.py:161} INFO - Started process (PID=816) to work on /opt/airflow/dags/ml_retrain_pipeline.py
[2026-02-10T21:18:04.095+0000] {processor.py:830} INFO - Processing file /opt/airflow/dags/ml_retrain_pipeline.py for tasks to queue
[2026-02-10T21:18:04.097+0000] {logging_mixin.py:188} INFO - [2026-02-10T21:18:04.096+0000] {dagbag.py:540} INFO - Filling up the DagBag from /opt/airflow/dags/ml_retrain_pipeline.py
[2026-02-10T21:18:04.278+0000] {logging_mixin.py:188} INFO - [2026-02-10T21:18:04.277+0000] {dagbag.py:350} ERROR - Failed to import: /opt/airflow/dags/ml_retrain_pipeline.py
Traceback (most recent call last):
  File "/home/airflow/.local/lib/python3.10/site-packages/airflow/models/dagbag.py", line 346, in parse
    loader.exec_module(new_module)
  File "<frozen importlib._bootstrap_external>", line 883, in exec_module
  File "<frozen importlib._bootstrap>", line 241, in _call_with_frames_removed
  File "/opt/airflow/dags/ml_retrain_pipeline.py", line 19, in <module>
    import mlflow
ModuleNotFoundError: No module named 'mlflow'
[2026-02-10T21:18:04.278+0000] {processor.py:842} WARNING - No viable dags retrieved from /opt/airflow/dags/ml_retrain_pipeline.py
[2026-02-10T21:18:04.286+0000] {processor.py:183} INFO - Processing /opt/airflow/dags/ml_retrain_pipeline.py took 0.198 seconds
[2026-02-10T21:18:34.599+0000] {processor.py:161} INFO - Started process (PID=834) to work on /opt/airflow/dags/ml_retrain_pipeline.py
[2026-02-10T21:18:34.600+0000] {processor.py:830} INFO - Processing file /opt/airflow/dags/ml_retrain_pipeline.py for tasks to queue
[2026-02-10T21:18:34.601+0000] {logging_mixin.py:188} INFO - [2026-02-10T21:18:34.601+0000] {dagbag.py:540} INFO - Filling up the DagBag from /opt/airflow/dags/ml_retrain_pipeline.py
[2026-02-10T21:18:34.767+0000] {logging_mixin.py:188} INFO - [2026-02-10T21:18:34.766+0000] {dagbag.py:350} ERROR - Failed to import: /opt/airflow/dags/ml_retrain_pipeline.py
Traceback (most recent call last):
  File "/home/airflow/.local/lib/python3.10/site-packages/airflow/models/dagbag.py", line 346, in parse
    loader.exec_module(new_module)
  File "<frozen importlib._bootstrap_external>", line 883, in exec_module
  File "<frozen importlib._bootstrap>", line 241, in _call_with_frames_removed
  File "/opt/airflow/dags/ml_retrain_pipeline.py", line 19, in <module>
    import mlflow
ModuleNotFoundError: No module named 'mlflow'
[2026-02-10T21:18:34.767+0000] {processor.py:842} WARNING - No viable dags retrieved from /opt/airflow/dags/ml_retrain_pipeline.py
[2026-02-10T21:18:34.777+0000] {processor.py:183} INFO - Processing /opt/airflow/dags/ml_retrain_pipeline.py took 0.183 seconds
[2026-02-10T21:19:05.049+0000] {processor.py:161} INFO - Started process (PID=853) to work on /opt/airflow/dags/ml_retrain_pipeline.py
[2026-02-10T21:19:05.050+0000] {processor.py:830} INFO - Processing file /opt/airflow/dags/ml_retrain_pipeline.py for tasks to queue
[2026-02-10T21:19:05.051+0000] {logging_mixin.py:188} INFO - [2026-02-10T21:19:05.051+0000] {dagbag.py:540} INFO - Filling up the DagBag from /opt/airflow/dags/ml_retrain_pipeline.py
[2026-02-10T21:19:05.211+0000] {logging_mixin.py:188} INFO - [2026-02-10T21:19:05.210+0000] {dagbag.py:350} ERROR - Failed to import: /opt/airflow/dags/ml_retrain_pipeline.py
Traceback (most recent call last):
  File "/home/airflow/.local/lib/python3.10/site-packages/airflow/models/dagbag.py", line 346, in parse
    loader.exec_module(new_module)
  File "<frozen importlib._bootstrap_external>", line 883, in exec_module
  File "<frozen importlib._bootstrap>", line 241, in _call_with_frames_removed
  File "/opt/airflow/dags/ml_retrain_pipeline.py", line 19, in <module>
    import mlflow
ModuleNotFoundError: No module named 'mlflow'
[2026-02-10T21:19:05.211+0000] {processor.py:842} WARNING - No viable dags retrieved from /opt/airflow/dags/ml_retrain_pipeline.py
[2026-02-10T21:19:05.218+0000] {processor.py:183} INFO - Processing /opt/airflow/dags/ml_retrain_pipeline.py took 0.174 seconds
[2026-02-10T21:19:35.457+0000] {processor.py:161} INFO - Started process (PID=871) to work on /opt/airflow/dags/ml_retrain_pipeline.py
[2026-02-10T21:19:35.457+0000] {processor.py:830} INFO - Processing file /opt/airflow/dags/ml_retrain_pipeline.py for tasks to queue
[2026-02-10T21:19:35.458+0000] {logging_mixin.py:188} INFO - [2026-02-10T21:19:35.458+0000] {dagbag.py:540} INFO - Filling up the DagBag from /opt/airflow/dags/ml_retrain_pipeline.py
[2026-02-10T21:19:35.638+0000] {logging_mixin.py:188} INFO - [2026-02-10T21:19:35.637+0000] {dagbag.py:350} ERROR - Failed to import: /opt/airflow/dags/ml_retrain_pipeline.py
Traceback (most recent call last):
  File "/home/airflow/.local/lib/python3.10/site-packages/airflow/models/dagbag.py", line 346, in parse
    loader.exec_module(new_module)
  File "<frozen importlib._bootstrap_external>", line 883, in exec_module
  File "<frozen importlib._bootstrap>", line 241, in _call_with_frames_removed
  File "/opt/airflow/dags/ml_retrain_pipeline.py", line 19, in <module>
    import mlflow
ModuleNotFoundError: No module named 'mlflow'
[2026-02-10T21:19:35.638+0000] {processor.py:842} WARNING - No viable dags retrieved from /opt/airflow/dags/ml_retrain_pipeline.py
[2026-02-10T21:19:35.646+0000] {processor.py:183} INFO - Processing /opt/airflow/dags/ml_retrain_pipeline.py took 0.194 seconds
[2026-02-10T21:20:05.992+0000] {processor.py:161} INFO - Started process (PID=889) to work on /opt/airflow/dags/ml_retrain_pipeline.py
[2026-02-10T21:20:05.993+0000] {processor.py:830} INFO - Processing file /opt/airflow/dags/ml_retrain_pipeline.py for tasks to queue
[2026-02-10T21:20:05.993+0000] {logging_mixin.py:188} INFO - [2026-02-10T21:20:05.993+0000] {dagbag.py:540} INFO - Filling up the DagBag from /opt/airflow/dags/ml_retrain_pipeline.py
[2026-02-10T21:20:06.086+0000] {logging_mixin.py:188} INFO - [2026-02-10T21:20:06.085+0000] {dagbag.py:350} ERROR - Failed to import: /opt/airflow/dags/ml_retrain_pipeline.py
Traceback (most recent call last):
  File "/home/airflow/.local/lib/python3.10/site-packages/airflow/models/dagbag.py", line 346, in parse
    loader.exec_module(new_module)
  File "<frozen importlib._bootstrap_external>", line 883, in exec_module
  File "<frozen importlib._bootstrap>", line 241, in _call_with_frames_removed
  File "/opt/airflow/dags/ml_retrain_pipeline.py", line 19, in <module>
    import mlflow
ModuleNotFoundError: No module named 'mlflow'
[2026-02-10T21:20:06.086+0000] {processor.py:842} WARNING - No viable dags retrieved from /opt/airflow/dags/ml_retrain_pipeline.py
[2026-02-10T21:20:06.094+0000] {processor.py:183} INFO - Processing /opt/airflow/dags/ml_retrain_pipeline.py took 0.104 seconds
[2026-02-10T21:20:36.367+0000] {processor.py:161} INFO - Started process (PID=907) to work on /opt/airflow/dags/ml_retrain_pipeline.py
[2026-02-10T21:20:36.367+0000] {processor.py:830} INFO - Processing file /opt/airflow/dags/ml_retrain_pipeline.py for tasks to queue
[2026-02-10T21:20:36.369+0000] {logging_mixin.py:188} INFO - [2026-02-10T21:20:36.369+0000] {dagbag.py:540} INFO - Filling up the DagBag from /opt/airflow/dags/ml_retrain_pipeline.py
[2026-02-10T21:20:36.476+0000] {logging_mixin.py:188} INFO - [2026-02-10T21:20:36.475+0000] {dagbag.py:350} ERROR - Failed to import: /opt/airflow/dags/ml_retrain_pipeline.py
Traceback (most recent call last):
  File "/home/airflow/.local/lib/python3.10/site-packages/airflow/models/dagbag.py", line 346, in parse
    loader.exec_module(new_module)
  File "<frozen importlib._bootstrap_external>", line 883, in exec_module
  File "<frozen importlib._bootstrap>", line 241, in _call_with_frames_removed
  File "/opt/airflow/dags/ml_retrain_pipeline.py", line 19, in <module>
    import mlflow
ModuleNotFoundError: No module named 'mlflow'
[2026-02-10T21:20:36.476+0000] {processor.py:842} WARNING - No viable dags retrieved from /opt/airflow/dags/ml_retrain_pipeline.py
[2026-02-10T21:20:36.484+0000] {processor.py:183} INFO - Processing /opt/airflow/dags/ml_retrain_pipeline.py took 0.123 seconds
[2026-02-10T21:21:06.761+0000] {processor.py:161} INFO - Started process (PID=925) to work on /opt/airflow/dags/ml_retrain_pipeline.py
[2026-02-10T21:21:06.762+0000] {processor.py:830} INFO - Processing file /opt/airflow/dags/ml_retrain_pipeline.py for tasks to queue
[2026-02-10T21:21:06.764+0000] {logging_mixin.py:188} INFO - [2026-02-10T21:21:06.764+0000] {dagbag.py:540} INFO - Filling up the DagBag from /opt/airflow/dags/ml_retrain_pipeline.py
[2026-02-10T21:21:06.872+0000] {logging_mixin.py:188} INFO - [2026-02-10T21:21:06.872+0000] {dagbag.py:350} ERROR - Failed to import: /opt/airflow/dags/ml_retrain_pipeline.py
Traceback (most recent call last):
  File "/home/airflow/.local/lib/python3.10/site-packages/airflow/models/dagbag.py", line 346, in parse
    loader.exec_module(new_module)
  File "<frozen importlib._bootstrap_external>", line 883, in exec_module
  File "<frozen importlib._bootstrap>", line 241, in _call_with_frames_removed
  File "/opt/airflow/dags/ml_retrain_pipeline.py", line 19, in <module>
    import mlflow
ModuleNotFoundError: No module named 'mlflow'
[2026-02-10T21:21:06.873+0000] {processor.py:842} WARNING - No viable dags retrieved from /opt/airflow/dags/ml_retrain_pipeline.py
[2026-02-10T21:21:06.881+0000] {processor.py:183} INFO - Processing /opt/airflow/dags/ml_retrain_pipeline.py took 0.126 seconds
[2026-02-10T21:21:37.138+0000] {processor.py:161} INFO - Started process (PID=943) to work on /opt/airflow/dags/ml_retrain_pipeline.py
[2026-02-10T21:21:37.139+0000] {processor.py:830} INFO - Processing file /opt/airflow/dags/ml_retrain_pipeline.py for tasks to queue
[2026-02-10T21:21:37.141+0000] {logging_mixin.py:188} INFO - [2026-02-10T21:21:37.140+0000] {dagbag.py:540} INFO - Filling up the DagBag from /opt/airflow/dags/ml_retrain_pipeline.py
[2026-02-10T21:21:37.259+0000] {logging_mixin.py:188} INFO - [2026-02-10T21:21:37.258+0000] {dagbag.py:350} ERROR - Failed to import: /opt/airflow/dags/ml_retrain_pipeline.py
Traceback (most recent call last):
  File "/home/airflow/.local/lib/python3.10/site-packages/airflow/models/dagbag.py", line 346, in parse
    loader.exec_module(new_module)
  File "<frozen importlib._bootstrap_external>", line 883, in exec_module
  File "<frozen importlib._bootstrap>", line 241, in _call_with_frames_removed
  File "/opt/airflow/dags/ml_retrain_pipeline.py", line 19, in <module>
    import mlflow
ModuleNotFoundError: No module named 'mlflow'
[2026-02-10T21:21:37.260+0000] {processor.py:842} WARNING - No viable dags retrieved from /opt/airflow/dags/ml_retrain_pipeline.py
[2026-02-10T21:21:37.269+0000] {processor.py:183} INFO - Processing /opt/airflow/dags/ml_retrain_pipeline.py took 0.136 seconds
[2026-02-10T21:22:07.538+0000] {processor.py:161} INFO - Started process (PID=961) to work on /opt/airflow/dags/ml_retrain_pipeline.py
[2026-02-10T21:22:07.539+0000] {processor.py:830} INFO - Processing file /opt/airflow/dags/ml_retrain_pipeline.py for tasks to queue
[2026-02-10T21:22:07.540+0000] {logging_mixin.py:188} INFO - [2026-02-10T21:22:07.540+0000] {dagbag.py:540} INFO - Filling up the DagBag from /opt/airflow/dags/ml_retrain_pipeline.py
[2026-02-10T21:22:07.657+0000] {logging_mixin.py:188} INFO - [2026-02-10T21:22:07.656+0000] {dagbag.py:350} ERROR - Failed to import: /opt/airflow/dags/ml_retrain_pipeline.py
Traceback (most recent call last):
  File "/home/airflow/.local/lib/python3.10/site-packages/airflow/models/dagbag.py", line 346, in parse
    loader.exec_module(new_module)
  File "<frozen importlib._bootstrap_external>", line 883, in exec_module
  File "<frozen importlib._bootstrap>", line 241, in _call_with_frames_removed
  File "/opt/airflow/dags/ml_retrain_pipeline.py", line 19, in <module>
    import mlflow
ModuleNotFoundError: No module named 'mlflow'
[2026-02-10T21:22:07.657+0000] {processor.py:842} WARNING - No viable dags retrieved from /opt/airflow/dags/ml_retrain_pipeline.py
[2026-02-10T21:22:07.666+0000] {processor.py:183} INFO - Processing /opt/airflow/dags/ml_retrain_pipeline.py took 0.134 seconds
[2026-02-10T21:22:37.863+0000] {processor.py:161} INFO - Started process (PID=979) to work on /opt/airflow/dags/ml_retrain_pipeline.py
[2026-02-10T21:22:37.863+0000] {processor.py:830} INFO - Processing file /opt/airflow/dags/ml_retrain_pipeline.py for tasks to queue
[2026-02-10T21:22:37.864+0000] {logging_mixin.py:188} INFO - [2026-02-10T21:22:37.864+0000] {dagbag.py:540} INFO - Filling up the DagBag from /opt/airflow/dags/ml_retrain_pipeline.py
[2026-02-10T21:22:37.964+0000] {logging_mixin.py:188} INFO - [2026-02-10T21:22:37.963+0000] {dagbag.py:350} ERROR - Failed to import: /opt/airflow/dags/ml_retrain_pipeline.py
Traceback (most recent call last):
  File "/home/airflow/.local/lib/python3.10/site-packages/airflow/models/dagbag.py", line 346, in parse
    loader.exec_module(new_module)
  File "<frozen importlib._bootstrap_external>", line 883, in exec_module
  File "<frozen importlib._bootstrap>", line 241, in _call_with_frames_removed
  File "/opt/airflow/dags/ml_retrain_pipeline.py", line 19, in <module>
    import mlflow
ModuleNotFoundError: No module named 'mlflow'
[2026-02-10T21:22:37.964+0000] {processor.py:842} WARNING - No viable dags retrieved from /opt/airflow/dags/ml_retrain_pipeline.py
[2026-02-10T21:22:37.972+0000] {processor.py:183} INFO - Processing /opt/airflow/dags/ml_retrain_pipeline.py took 0.113 seconds
[2026-02-10T21:23:08.219+0000] {processor.py:161} INFO - Started process (PID=997) to work on /opt/airflow/dags/ml_retrain_pipeline.py
[2026-02-10T21:23:08.220+0000] {processor.py:830} INFO - Processing file /opt/airflow/dags/ml_retrain_pipeline.py for tasks to queue
[2026-02-10T21:23:08.220+0000] {logging_mixin.py:188} INFO - [2026-02-10T21:23:08.220+0000] {dagbag.py:540} INFO - Filling up the DagBag from /opt/airflow/dags/ml_retrain_pipeline.py
[2026-02-10T21:23:08.322+0000] {logging_mixin.py:188} INFO - [2026-02-10T21:23:08.321+0000] {dagbag.py:350} ERROR - Failed to import: /opt/airflow/dags/ml_retrain_pipeline.py
Traceback (most recent call last):
  File "/home/airflow/.local/lib/python3.10/site-packages/airflow/models/dagbag.py", line 346, in parse
    loader.exec_module(new_module)
  File "<frozen importlib._bootstrap_external>", line 883, in exec_module
  File "<frozen importlib._bootstrap>", line 241, in _call_with_frames_removed
  File "/opt/airflow/dags/ml_retrain_pipeline.py", line 19, in <module>
    import mlflow
ModuleNotFoundError: No module named 'mlflow'
[2026-02-10T21:23:08.322+0000] {processor.py:842} WARNING - No viable dags retrieved from /opt/airflow/dags/ml_retrain_pipeline.py
[2026-02-10T21:23:08.330+0000] {processor.py:183} INFO - Processing /opt/airflow/dags/ml_retrain_pipeline.py took 0.115 seconds
[2026-02-10T21:23:38.573+0000] {processor.py:161} INFO - Started process (PID=1015) to work on /opt/airflow/dags/ml_retrain_pipeline.py
[2026-02-10T21:23:38.574+0000] {processor.py:830} INFO - Processing file /opt/airflow/dags/ml_retrain_pipeline.py for tasks to queue
[2026-02-10T21:23:38.576+0000] {logging_mixin.py:188} INFO - [2026-02-10T21:23:38.575+0000] {dagbag.py:540} INFO - Filling up the DagBag from /opt/airflow/dags/ml_retrain_pipeline.py
[2026-02-10T21:23:38.682+0000] {logging_mixin.py:188} INFO - [2026-02-10T21:23:38.681+0000] {dagbag.py:350} ERROR - Failed to import: /opt/airflow/dags/ml_retrain_pipeline.py
Traceback (most recent call last):
  File "/home/airflow/.local/lib/python3.10/site-packages/airflow/models/dagbag.py", line 346, in parse
    loader.exec_module(new_module)
  File "<frozen importlib._bootstrap_external>", line 883, in exec_module
  File "<frozen importlib._bootstrap>", line 241, in _call_with_frames_removed
  File "/opt/airflow/dags/ml_retrain_pipeline.py", line 19, in <module>
    import mlflow
ModuleNotFoundError: No module named 'mlflow'
[2026-02-10T21:23:38.682+0000] {processor.py:842} WARNING - No viable dags retrieved from /opt/airflow/dags/ml_retrain_pipeline.py
[2026-02-10T21:23:38.692+0000] {processor.py:183} INFO - Processing /opt/airflow/dags/ml_retrain_pipeline.py took 0.124 seconds
[2026-02-10T21:24:08.938+0000] {processor.py:161} INFO - Started process (PID=1033) to work on /opt/airflow/dags/ml_retrain_pipeline.py
[2026-02-10T21:24:08.938+0000] {processor.py:830} INFO - Processing file /opt/airflow/dags/ml_retrain_pipeline.py for tasks to queue
[2026-02-10T21:24:08.940+0000] {logging_mixin.py:188} INFO - [2026-02-10T21:24:08.939+0000] {dagbag.py:540} INFO - Filling up the DagBag from /opt/airflow/dags/ml_retrain_pipeline.py
[2026-02-10T21:24:09.045+0000] {logging_mixin.py:188} INFO - [2026-02-10T21:24:09.044+0000] {dagbag.py:350} ERROR - Failed to import: /opt/airflow/dags/ml_retrain_pipeline.py
Traceback (most recent call last):
  File "/home/airflow/.local/lib/python3.10/site-packages/airflow/models/dagbag.py", line 346, in parse
    loader.exec_module(new_module)
  File "<frozen importlib._bootstrap_external>", line 883, in exec_module
  File "<frozen importlib._bootstrap>", line 241, in _call_with_frames_removed
  File "/opt/airflow/dags/ml_retrain_pipeline.py", line 19, in <module>
    import mlflow
ModuleNotFoundError: No module named 'mlflow'
[2026-02-10T21:24:09.045+0000] {processor.py:842} WARNING - No viable dags retrieved from /opt/airflow/dags/ml_retrain_pipeline.py
[2026-02-10T21:24:09.053+0000] {processor.py:183} INFO - Processing /opt/airflow/dags/ml_retrain_pipeline.py took 0.121 seconds
[2026-02-10T21:24:39.313+0000] {processor.py:161} INFO - Started process (PID=1051) to work on /opt/airflow/dags/ml_retrain_pipeline.py
[2026-02-10T21:24:39.313+0000] {processor.py:830} INFO - Processing file /opt/airflow/dags/ml_retrain_pipeline.py for tasks to queue
[2026-02-10T21:24:39.315+0000] {logging_mixin.py:188} INFO - [2026-02-10T21:24:39.314+0000] {dagbag.py:540} INFO - Filling up the DagBag from /opt/airflow/dags/ml_retrain_pipeline.py
[2026-02-10T21:24:39.420+0000] {logging_mixin.py:188} INFO - [2026-02-10T21:24:39.419+0000] {dagbag.py:350} ERROR - Failed to import: /opt/airflow/dags/ml_retrain_pipeline.py
Traceback (most recent call last):
  File "/home/airflow/.local/lib/python3.10/site-packages/airflow/models/dagbag.py", line 346, in parse
    loader.exec_module(new_module)
  File "<frozen importlib._bootstrap_external>", line 883, in exec_module
  File "<frozen importlib._bootstrap>", line 241, in _call_with_frames_removed
  File "/opt/airflow/dags/ml_retrain_pipeline.py", line 19, in <module>
    import mlflow
ModuleNotFoundError: No module named 'mlflow'
[2026-02-10T21:24:39.420+0000] {processor.py:842} WARNING - No viable dags retrieved from /opt/airflow/dags/ml_retrain_pipeline.py
[2026-02-10T21:24:39.427+0000] {processor.py:183} INFO - Processing /opt/airflow/dags/ml_retrain_pipeline.py took 0.120 seconds
[2026-02-10T21:25:09.695+0000] {processor.py:161} INFO - Started process (PID=1069) to work on /opt/airflow/dags/ml_retrain_pipeline.py
[2026-02-10T21:25:09.697+0000] {processor.py:830} INFO - Processing file /opt/airflow/dags/ml_retrain_pipeline.py for tasks to queue
[2026-02-10T21:25:09.698+0000] {logging_mixin.py:188} INFO - [2026-02-10T21:25:09.698+0000] {dagbag.py:540} INFO - Filling up the DagBag from /opt/airflow/dags/ml_retrain_pipeline.py
[2026-02-10T21:25:09.801+0000] {logging_mixin.py:188} INFO - [2026-02-10T21:25:09.800+0000] {dagbag.py:350} ERROR - Failed to import: /opt/airflow/dags/ml_retrain_pipeline.py
Traceback (most recent call last):
  File "/home/airflow/.local/lib/python3.10/site-packages/airflow/models/dagbag.py", line 346, in parse
    loader.exec_module(new_module)
  File "<frozen importlib._bootstrap_external>", line 883, in exec_module
  File "<frozen importlib._bootstrap>", line 241, in _call_with_frames_removed
  File "/opt/airflow/dags/ml_retrain_pipeline.py", line 19, in <module>
    import mlflow
ModuleNotFoundError: No module named 'mlflow'
[2026-02-10T21:25:09.801+0000] {processor.py:842} WARNING - No viable dags retrieved from /opt/airflow/dags/ml_retrain_pipeline.py
[2026-02-10T21:25:09.808+0000] {processor.py:183} INFO - Processing /opt/airflow/dags/ml_retrain_pipeline.py took 0.117 seconds
[2026-02-10T21:25:40.067+0000] {processor.py:161} INFO - Started process (PID=1087) to work on /opt/airflow/dags/ml_retrain_pipeline.py
[2026-02-10T21:25:40.068+0000] {processor.py:830} INFO - Processing file /opt/airflow/dags/ml_retrain_pipeline.py for tasks to queue
[2026-02-10T21:25:40.069+0000] {logging_mixin.py:188} INFO - [2026-02-10T21:25:40.068+0000] {dagbag.py:540} INFO - Filling up the DagBag from /opt/airflow/dags/ml_retrain_pipeline.py
[2026-02-10T21:25:40.175+0000] {logging_mixin.py:188} INFO - [2026-02-10T21:25:40.174+0000] {dagbag.py:350} ERROR - Failed to import: /opt/airflow/dags/ml_retrain_pipeline.py
Traceback (most recent call last):
  File "/home/airflow/.local/lib/python3.10/site-packages/airflow/models/dagbag.py", line 346, in parse
    loader.exec_module(new_module)
  File "<frozen importlib._bootstrap_external>", line 883, in exec_module
  File "<frozen importlib._bootstrap>", line 241, in _call_with_frames_removed
  File "/opt/airflow/dags/ml_retrain_pipeline.py", line 19, in <module>
    import mlflow
ModuleNotFoundError: No module named 'mlflow'
[2026-02-10T21:25:40.175+0000] {processor.py:842} WARNING - No viable dags retrieved from /opt/airflow/dags/ml_retrain_pipeline.py
[2026-02-10T21:25:40.183+0000] {processor.py:183} INFO - Processing /opt/airflow/dags/ml_retrain_pipeline.py took 0.120 seconds
[2026-02-10T21:26:10.621+0000] {processor.py:161} INFO - Started process (PID=1105) to work on /opt/airflow/dags/ml_retrain_pipeline.py
[2026-02-10T21:26:10.621+0000] {processor.py:830} INFO - Processing file /opt/airflow/dags/ml_retrain_pipeline.py for tasks to queue
[2026-02-10T21:26:10.623+0000] {logging_mixin.py:188} INFO - [2026-02-10T21:26:10.622+0000] {dagbag.py:540} INFO - Filling up the DagBag from /opt/airflow/dags/ml_retrain_pipeline.py
[2026-02-10T21:26:10.748+0000] {logging_mixin.py:188} INFO - [2026-02-10T21:26:10.747+0000] {dagbag.py:350} ERROR - Failed to import: /opt/airflow/dags/ml_retrain_pipeline.py
Traceback (most recent call last):
  File "/home/airflow/.local/lib/python3.10/site-packages/airflow/models/dagbag.py", line 346, in parse
    loader.exec_module(new_module)
  File "<frozen importlib._bootstrap_external>", line 883, in exec_module
  File "<frozen importlib._bootstrap>", line 241, in _call_with_frames_removed
  File "/opt/airflow/dags/ml_retrain_pipeline.py", line 19, in <module>
    import mlflow
ModuleNotFoundError: No module named 'mlflow'
[2026-02-10T21:26:10.750+0000] {processor.py:842} WARNING - No viable dags retrieved from /opt/airflow/dags/ml_retrain_pipeline.py
[2026-02-10T21:26:10.768+0000] {processor.py:183} INFO - Processing /opt/airflow/dags/ml_retrain_pipeline.py took 0.155 seconds
[2026-02-10T21:42:07.583+0000] {processor.py:161} INFO - Started process (PID=1116) to work on /opt/airflow/dags/ml_retrain_pipeline.py
[2026-02-10T21:42:07.584+0000] {processor.py:830} INFO - Processing file /opt/airflow/dags/ml_retrain_pipeline.py for tasks to queue
[2026-02-10T21:42:07.585+0000] {logging_mixin.py:188} INFO - [2026-02-10T21:42:07.585+0000] {dagbag.py:540} INFO - Filling up the DagBag from /opt/airflow/dags/ml_retrain_pipeline.py
[2026-02-10T21:42:07.697+0000] {logging_mixin.py:188} INFO - [2026-02-10T21:42:07.694+0000] {dagbag.py:350} ERROR - Failed to import: /opt/airflow/dags/ml_retrain_pipeline.py
Traceback (most recent call last):
  File "/home/airflow/.local/lib/python3.10/site-packages/airflow/models/dagbag.py", line 346, in parse
    loader.exec_module(new_module)
  File "<frozen importlib._bootstrap_external>", line 883, in exec_module
  File "<frozen importlib._bootstrap>", line 241, in _call_with_frames_removed
  File "/opt/airflow/dags/ml_retrain_pipeline.py", line 19, in <module>
    import mlflow
ModuleNotFoundError: No module named 'mlflow'
[2026-02-10T21:42:07.697+0000] {processor.py:842} WARNING - No viable dags retrieved from /opt/airflow/dags/ml_retrain_pipeline.py
[2026-02-10T21:42:07.712+0000] {processor.py:183} INFO - Processing /opt/airflow/dags/ml_retrain_pipeline.py took 0.133 seconds
[2026-02-10T21:42:38.067+0000] {processor.py:161} INFO - Started process (PID=1136) to work on /opt/airflow/dags/ml_retrain_pipeline.py
[2026-02-10T21:42:38.067+0000] {processor.py:830} INFO - Processing file /opt/airflow/dags/ml_retrain_pipeline.py for tasks to queue
[2026-02-10T21:42:38.069+0000] {logging_mixin.py:188} INFO - [2026-02-10T21:42:38.069+0000] {dagbag.py:540} INFO - Filling up the DagBag from /opt/airflow/dags/ml_retrain_pipeline.py
[2026-02-10T21:42:38.190+0000] {logging_mixin.py:188} INFO - [2026-02-10T21:42:38.190+0000] {dagbag.py:350} ERROR - Failed to import: /opt/airflow/dags/ml_retrain_pipeline.py
Traceback (most recent call last):
  File "/home/airflow/.local/lib/python3.10/site-packages/airflow/models/dagbag.py", line 346, in parse
    loader.exec_module(new_module)
  File "<frozen importlib._bootstrap_external>", line 883, in exec_module
  File "<frozen importlib._bootstrap>", line 241, in _call_with_frames_removed
  File "/opt/airflow/dags/ml_retrain_pipeline.py", line 19, in <module>
    import mlflow
ModuleNotFoundError: No module named 'mlflow'
[2026-02-10T21:42:38.191+0000] {processor.py:842} WARNING - No viable dags retrieved from /opt/airflow/dags/ml_retrain_pipeline.py
[2026-02-10T21:42:38.201+0000] {processor.py:183} INFO - Processing /opt/airflow/dags/ml_retrain_pipeline.py took 0.141 seconds
[2026-02-10T21:43:08.524+0000] {processor.py:161} INFO - Started process (PID=1154) to work on /opt/airflow/dags/ml_retrain_pipeline.py
[2026-02-10T21:43:08.525+0000] {processor.py:830} INFO - Processing file /opt/airflow/dags/ml_retrain_pipeline.py for tasks to queue
[2026-02-10T21:43:08.526+0000] {logging_mixin.py:188} INFO - [2026-02-10T21:43:08.526+0000] {dagbag.py:540} INFO - Filling up the DagBag from /opt/airflow/dags/ml_retrain_pipeline.py
[2026-02-10T21:43:08.634+0000] {logging_mixin.py:188} INFO - [2026-02-10T21:43:08.633+0000] {dagbag.py:350} ERROR - Failed to import: /opt/airflow/dags/ml_retrain_pipeline.py
Traceback (most recent call last):
  File "/home/airflow/.local/lib/python3.10/site-packages/airflow/models/dagbag.py", line 346, in parse
    loader.exec_module(new_module)
  File "<frozen importlib._bootstrap_external>", line 883, in exec_module
  File "<frozen importlib._bootstrap>", line 241, in _call_with_frames_removed
  File "/opt/airflow/dags/ml_retrain_pipeline.py", line 19, in <module>
    import mlflow
ModuleNotFoundError: No module named 'mlflow'
[2026-02-10T21:43:08.635+0000] {processor.py:842} WARNING - No viable dags retrieved from /opt/airflow/dags/ml_retrain_pipeline.py
[2026-02-10T21:43:08.647+0000] {processor.py:183} INFO - Processing /opt/airflow/dags/ml_retrain_pipeline.py took 0.128 seconds
[2026-02-10T21:43:38.996+0000] {processor.py:161} INFO - Started process (PID=1172) to work on /opt/airflow/dags/ml_retrain_pipeline.py
[2026-02-10T21:43:38.997+0000] {processor.py:830} INFO - Processing file /opt/airflow/dags/ml_retrain_pipeline.py for tasks to queue
[2026-02-10T21:43:38.999+0000] {logging_mixin.py:188} INFO - [2026-02-10T21:43:38.999+0000] {dagbag.py:540} INFO - Filling up the DagBag from /opt/airflow/dags/ml_retrain_pipeline.py
[2026-02-10T21:43:39.124+0000] {logging_mixin.py:188} INFO - [2026-02-10T21:43:39.122+0000] {dagbag.py:350} ERROR - Failed to import: /opt/airflow/dags/ml_retrain_pipeline.py
Traceback (most recent call last):
  File "/home/airflow/.local/lib/python3.10/site-packages/airflow/models/dagbag.py", line 346, in parse
    loader.exec_module(new_module)
  File "<frozen importlib._bootstrap_external>", line 883, in exec_module
  File "<frozen importlib._bootstrap>", line 241, in _call_with_frames_removed
  File "/opt/airflow/dags/ml_retrain_pipeline.py", line 19, in <module>
    import mlflow
ModuleNotFoundError: No module named 'mlflow'
[2026-02-10T21:43:39.124+0000] {processor.py:842} WARNING - No viable dags retrieved from /opt/airflow/dags/ml_retrain_pipeline.py
[2026-02-10T21:43:39.136+0000] {processor.py:183} INFO - Processing /opt/airflow/dags/ml_retrain_pipeline.py took 0.149 seconds
[2026-02-10T21:44:09.491+0000] {processor.py:161} INFO - Started process (PID=1190) to work on /opt/airflow/dags/ml_retrain_pipeline.py
[2026-02-10T21:44:09.493+0000] {processor.py:830} INFO - Processing file /opt/airflow/dags/ml_retrain_pipeline.py for tasks to queue
[2026-02-10T21:44:09.495+0000] {logging_mixin.py:188} INFO - [2026-02-10T21:44:09.495+0000] {dagbag.py:540} INFO - Filling up the DagBag from /opt/airflow/dags/ml_retrain_pipeline.py
[2026-02-10T21:44:09.604+0000] {logging_mixin.py:188} INFO - [2026-02-10T21:44:09.603+0000] {dagbag.py:350} ERROR - Failed to import: /opt/airflow/dags/ml_retrain_pipeline.py
Traceback (most recent call last):
  File "/home/airflow/.local/lib/python3.10/site-packages/airflow/models/dagbag.py", line 346, in parse
    loader.exec_module(new_module)
  File "<frozen importlib._bootstrap_external>", line 883, in exec_module
  File "<frozen importlib._bootstrap>", line 241, in _call_with_frames_removed
  File "/opt/airflow/dags/ml_retrain_pipeline.py", line 19, in <module>
    import mlflow
ModuleNotFoundError: No module named 'mlflow'
[2026-02-10T21:44:09.604+0000] {processor.py:842} WARNING - No viable dags retrieved from /opt/airflow/dags/ml_retrain_pipeline.py
[2026-02-10T21:44:09.614+0000] {processor.py:183} INFO - Processing /opt/airflow/dags/ml_retrain_pipeline.py took 0.127 seconds
[2026-02-10T21:44:39.959+0000] {processor.py:161} INFO - Started process (PID=1208) to work on /opt/airflow/dags/ml_retrain_pipeline.py
[2026-02-10T21:44:39.961+0000] {processor.py:830} INFO - Processing file /opt/airflow/dags/ml_retrain_pipeline.py for tasks to queue
[2026-02-10T21:44:39.962+0000] {logging_mixin.py:188} INFO - [2026-02-10T21:44:39.962+0000] {dagbag.py:540} INFO - Filling up the DagBag from /opt/airflow/dags/ml_retrain_pipeline.py
[2026-02-10T21:44:40.073+0000] {logging_mixin.py:188} INFO - [2026-02-10T21:44:40.072+0000] {dagbag.py:350} ERROR - Failed to import: /opt/airflow/dags/ml_retrain_pipeline.py
Traceback (most recent call last):
  File "/home/airflow/.local/lib/python3.10/site-packages/airflow/models/dagbag.py", line 346, in parse
    loader.exec_module(new_module)
  File "<frozen importlib._bootstrap_external>", line 883, in exec_module
  File "<frozen importlib._bootstrap>", line 241, in _call_with_frames_removed
  File "/opt/airflow/dags/ml_retrain_pipeline.py", line 19, in <module>
    import mlflow
ModuleNotFoundError: No module named 'mlflow'
[2026-02-10T21:44:40.074+0000] {processor.py:842} WARNING - No viable dags retrieved from /opt/airflow/dags/ml_retrain_pipeline.py
[2026-02-10T21:44:40.087+0000] {processor.py:183} INFO - Processing /opt/airflow/dags/ml_retrain_pipeline.py took 0.133 seconds
[2026-02-10T21:57:18.582+0000] {processor.py:161} INFO - Started process (PID=1226) to work on /opt/airflow/dags/ml_retrain_pipeline.py
[2026-02-10T21:57:18.583+0000] {processor.py:830} INFO - Processing file /opt/airflow/dags/ml_retrain_pipeline.py for tasks to queue
[2026-02-10T21:57:18.585+0000] {logging_mixin.py:188} INFO - [2026-02-10T21:57:18.584+0000] {dagbag.py:540} INFO - Filling up the DagBag from /opt/airflow/dags/ml_retrain_pipeline.py
[2026-02-10T21:57:18.817+0000] {logging_mixin.py:188} INFO - [2026-02-10T21:57:18.815+0000] {dagbag.py:350} ERROR - Failed to import: /opt/airflow/dags/ml_retrain_pipeline.py
Traceback (most recent call last):
  File "/home/airflow/.local/lib/python3.10/site-packages/airflow/models/dagbag.py", line 346, in parse
    loader.exec_module(new_module)
  File "<frozen importlib._bootstrap_external>", line 883, in exec_module
  File "<frozen importlib._bootstrap>", line 241, in _call_with_frames_removed
  File "/opt/airflow/dags/ml_retrain_pipeline.py", line 19, in <module>
    import mlflow
ModuleNotFoundError: No module named 'mlflow'
[2026-02-10T21:57:18.818+0000] {processor.py:842} WARNING - No viable dags retrieved from /opt/airflow/dags/ml_retrain_pipeline.py
[2026-02-10T21:57:18.854+0000] {processor.py:183} INFO - Processing /opt/airflow/dags/ml_retrain_pipeline.py took 0.278 seconds
[2026-02-10T22:00:44.260+0000] {processor.py:161} INFO - Started process (PID=1246) to work on /opt/airflow/dags/ml_retrain_pipeline.py
[2026-02-10T22:00:44.263+0000] {processor.py:830} INFO - Processing file /opt/airflow/dags/ml_retrain_pipeline.py for tasks to queue
[2026-02-10T22:00:44.267+0000] {logging_mixin.py:188} INFO - [2026-02-10T22:00:44.266+0000] {dagbag.py:540} INFO - Filling up the DagBag from /opt/airflow/dags/ml_retrain_pipeline.py
[2026-02-10T22:00:44.476+0000] {logging_mixin.py:188} INFO - [2026-02-10T22:00:44.475+0000] {dagbag.py:350} ERROR - Failed to import: /opt/airflow/dags/ml_retrain_pipeline.py
Traceback (most recent call last):
  File "/home/airflow/.local/lib/python3.10/site-packages/airflow/models/dagbag.py", line 346, in parse
    loader.exec_module(new_module)
  File "<frozen importlib._bootstrap_external>", line 883, in exec_module
  File "<frozen importlib._bootstrap>", line 241, in _call_with_frames_removed
  File "/opt/airflow/dags/ml_retrain_pipeline.py", line 19, in <module>
    import mlflow
ModuleNotFoundError: No module named 'mlflow'
[2026-02-10T22:00:44.478+0000] {processor.py:842} WARNING - No viable dags retrieved from /opt/airflow/dags/ml_retrain_pipeline.py
[2026-02-10T22:00:44.514+0000] {processor.py:183} INFO - Processing /opt/airflow/dags/ml_retrain_pipeline.py took 0.267 seconds
[2026-02-10T22:18:55.328+0000] {processor.py:161} INFO - Started process (PID=1264) to work on /opt/airflow/dags/ml_retrain_pipeline.py
[2026-02-10T22:18:55.331+0000] {processor.py:830} INFO - Processing file /opt/airflow/dags/ml_retrain_pipeline.py for tasks to queue
[2026-02-10T22:18:55.334+0000] {logging_mixin.py:188} INFO - [2026-02-10T22:18:55.333+0000] {dagbag.py:540} INFO - Filling up the DagBag from /opt/airflow/dags/ml_retrain_pipeline.py
[2026-02-10T22:18:55.579+0000] {logging_mixin.py:188} INFO - [2026-02-10T22:18:55.574+0000] {dagbag.py:350} ERROR - Failed to import: /opt/airflow/dags/ml_retrain_pipeline.py
Traceback (most recent call last):
  File "/home/airflow/.local/lib/python3.10/site-packages/airflow/models/dagbag.py", line 346, in parse
    loader.exec_module(new_module)
  File "<frozen importlib._bootstrap_external>", line 883, in exec_module
  File "<frozen importlib._bootstrap>", line 241, in _call_with_frames_removed
  File "/opt/airflow/dags/ml_retrain_pipeline.py", line 19, in <module>
    import mlflow
ModuleNotFoundError: No module named 'mlflow'
[2026-02-10T22:18:55.580+0000] {processor.py:842} WARNING - No viable dags retrieved from /opt/airflow/dags/ml_retrain_pipeline.py
[2026-02-10T22:18:55.609+0000] {processor.py:183} INFO - Processing /opt/airflow/dags/ml_retrain_pipeline.py took 0.290 seconds
[2026-02-10T22:31:05.184+0000] {processor.py:161} INFO - Started process (PID=1282) to work on /opt/airflow/dags/ml_retrain_pipeline.py
[2026-02-10T22:31:05.189+0000] {processor.py:830} INFO - Processing file /opt/airflow/dags/ml_retrain_pipeline.py for tasks to queue
[2026-02-10T22:31:05.198+0000] {logging_mixin.py:188} INFO - [2026-02-10T22:31:05.196+0000] {dagbag.py:540} INFO - Filling up the DagBag from /opt/airflow/dags/ml_retrain_pipeline.py
[2026-02-10T22:31:06.026+0000] {logging_mixin.py:188} INFO - [2026-02-10T22:31:06.016+0000] {dagbag.py:350} ERROR - Failed to import: /opt/airflow/dags/ml_retrain_pipeline.py
Traceback (most recent call last):
  File "/home/airflow/.local/lib/python3.10/site-packages/airflow/models/dagbag.py", line 346, in parse
    loader.exec_module(new_module)
  File "<frozen importlib._bootstrap_external>", line 883, in exec_module
  File "<frozen importlib._bootstrap>", line 241, in _call_with_frames_removed
  File "/opt/airflow/dags/ml_retrain_pipeline.py", line 19, in <module>
    import mlflow
ModuleNotFoundError: No module named 'mlflow'
[2026-02-10T22:31:06.028+0000] {processor.py:842} WARNING - No viable dags retrieved from /opt/airflow/dags/ml_retrain_pipeline.py
[2026-02-10T22:31:06.246+0000] {processor.py:183} INFO - Processing /opt/airflow/dags/ml_retrain_pipeline.py took 1.113 seconds
[2026-02-10T22:49:25.754+0000] {processor.py:161} INFO - Started process (PID=1302) to work on /opt/airflow/dags/ml_retrain_pipeline.py
[2026-02-10T22:49:25.755+0000] {processor.py:830} INFO - Processing file /opt/airflow/dags/ml_retrain_pipeline.py for tasks to queue
[2026-02-10T22:49:25.757+0000] {logging_mixin.py:188} INFO - [2026-02-10T22:49:25.756+0000] {dagbag.py:540} INFO - Filling up the DagBag from /opt/airflow/dags/ml_retrain_pipeline.py
[2026-02-10T22:49:26.045+0000] {logging_mixin.py:188} INFO - [2026-02-10T22:49:26.041+0000] {dagbag.py:350} ERROR - Failed to import: /opt/airflow/dags/ml_retrain_pipeline.py
Traceback (most recent call last):
  File "/home/airflow/.local/lib/python3.10/site-packages/airflow/models/dagbag.py", line 346, in parse
    loader.exec_module(new_module)
  File "<frozen importlib._bootstrap_external>", line 883, in exec_module
  File "<frozen importlib._bootstrap>", line 241, in _call_with_frames_removed
  File "/opt/airflow/dags/ml_retrain_pipeline.py", line 19, in <module>
    import mlflow
ModuleNotFoundError: No module named 'mlflow'
[2026-02-10T22:49:26.046+0000] {processor.py:842} WARNING - No viable dags retrieved from /opt/airflow/dags/ml_retrain_pipeline.py
[2026-02-10T22:49:26.083+0000] {processor.py:183} INFO - Processing /opt/airflow/dags/ml_retrain_pipeline.py took 0.340 seconds
[2026-02-10T22:49:56.264+0000] {processor.py:161} INFO - Started process (PID=1320) to work on /opt/airflow/dags/ml_retrain_pipeline.py
[2026-02-10T22:49:56.265+0000] {processor.py:830} INFO - Processing file /opt/airflow/dags/ml_retrain_pipeline.py for tasks to queue
[2026-02-10T22:49:56.268+0000] {logging_mixin.py:188} INFO - [2026-02-10T22:49:56.268+0000] {dagbag.py:540} INFO - Filling up the DagBag from /opt/airflow/dags/ml_retrain_pipeline.py
[2026-02-10T22:49:56.462+0000] {logging_mixin.py:188} INFO - [2026-02-10T22:49:56.458+0000] {dagbag.py:350} ERROR - Failed to import: /opt/airflow/dags/ml_retrain_pipeline.py
Traceback (most recent call last):
  File "/home/airflow/.local/lib/python3.10/site-packages/airflow/models/dagbag.py", line 346, in parse
    loader.exec_module(new_module)
  File "<frozen importlib._bootstrap_external>", line 883, in exec_module
  File "<frozen importlib._bootstrap>", line 241, in _call_with_frames_removed
  File "/opt/airflow/dags/ml_retrain_pipeline.py", line 19, in <module>
    import mlflow
ModuleNotFoundError: No module named 'mlflow'
[2026-02-10T22:49:56.462+0000] {processor.py:842} WARNING - No viable dags retrieved from /opt/airflow/dags/ml_retrain_pipeline.py
[2026-02-10T22:49:56.482+0000] {processor.py:183} INFO - Processing /opt/airflow/dags/ml_retrain_pipeline.py took 0.226 seconds
[2026-02-10T23:01:00.235+0000] {processor.py:161} INFO - Started process (PID=1338) to work on /opt/airflow/dags/ml_retrain_pipeline.py
[2026-02-10T23:01:00.236+0000] {processor.py:830} INFO - Processing file /opt/airflow/dags/ml_retrain_pipeline.py for tasks to queue
[2026-02-10T23:01:00.237+0000] {logging_mixin.py:188} INFO - [2026-02-10T23:01:00.237+0000] {dagbag.py:540} INFO - Filling up the DagBag from /opt/airflow/dags/ml_retrain_pipeline.py
[2026-02-10T23:01:00.364+0000] {logging_mixin.py:188} INFO - [2026-02-10T23:01:00.362+0000] {dagbag.py:350} ERROR - Failed to import: /opt/airflow/dags/ml_retrain_pipeline.py
Traceback (most recent call last):
  File "/home/airflow/.local/lib/python3.10/site-packages/airflow/models/dagbag.py", line 346, in parse
    loader.exec_module(new_module)
  File "<frozen importlib._bootstrap_external>", line 883, in exec_module
  File "<frozen importlib._bootstrap>", line 241, in _call_with_frames_removed
  File "/opt/airflow/dags/ml_retrain_pipeline.py", line 19, in <module>
    import mlflow
ModuleNotFoundError: No module named 'mlflow'
[2026-02-10T23:01:00.364+0000] {processor.py:842} WARNING - No viable dags retrieved from /opt/airflow/dags/ml_retrain_pipeline.py
[2026-02-10T23:01:00.380+0000] {processor.py:183} INFO - Processing /opt/airflow/dags/ml_retrain_pipeline.py took 0.150 seconds
[2026-02-10T23:01:30.780+0000] {processor.py:161} INFO - Started process (PID=1356) to work on /opt/airflow/dags/ml_retrain_pipeline.py
[2026-02-10T23:01:30.780+0000] {processor.py:830} INFO - Processing file /opt/airflow/dags/ml_retrain_pipeline.py for tasks to queue
[2026-02-10T23:01:30.783+0000] {logging_mixin.py:188} INFO - [2026-02-10T23:01:30.783+0000] {dagbag.py:540} INFO - Filling up the DagBag from /opt/airflow/dags/ml_retrain_pipeline.py
[2026-02-10T23:01:31.151+0000] {logging_mixin.py:188} INFO - [2026-02-10T23:01:31.147+0000] {dagbag.py:350} ERROR - Failed to import: /opt/airflow/dags/ml_retrain_pipeline.py
Traceback (most recent call last):
  File "/home/airflow/.local/lib/python3.10/site-packages/airflow/models/dagbag.py", line 346, in parse
    loader.exec_module(new_module)
  File "<frozen importlib._bootstrap_external>", line 883, in exec_module
  File "<frozen importlib._bootstrap>", line 241, in _call_with_frames_removed
  File "/opt/airflow/dags/ml_retrain_pipeline.py", line 19, in <module>
    import mlflow
ModuleNotFoundError: No module named 'mlflow'
[2026-02-10T23:01:31.152+0000] {processor.py:842} WARNING - No viable dags retrieved from /opt/airflow/dags/ml_retrain_pipeline.py
[2026-02-10T23:01:31.177+0000] {processor.py:183} INFO - Processing /opt/airflow/dags/ml_retrain_pipeline.py took 0.409 seconds
[2026-02-10T23:27:22.454+0000] {processor.py:161} INFO - Started process (PID=1375) to work on /opt/airflow/dags/ml_retrain_pipeline.py
[2026-02-10T23:27:22.457+0000] {processor.py:830} INFO - Processing file /opt/airflow/dags/ml_retrain_pipeline.py for tasks to queue
[2026-02-10T23:27:22.471+0000] {logging_mixin.py:188} INFO - [2026-02-10T23:27:22.470+0000] {dagbag.py:540} INFO - Filling up the DagBag from /opt/airflow/dags/ml_retrain_pipeline.py
[2026-02-10T23:27:22.694+0000] {logging_mixin.py:188} INFO - [2026-02-10T23:27:22.691+0000] {dagbag.py:350} ERROR - Failed to import: /opt/airflow/dags/ml_retrain_pipeline.py
Traceback (most recent call last):
  File "/home/airflow/.local/lib/python3.10/site-packages/airflow/models/dagbag.py", line 346, in parse
    loader.exec_module(new_module)
  File "<frozen importlib._bootstrap_external>", line 883, in exec_module
  File "<frozen importlib._bootstrap>", line 241, in _call_with_frames_removed
  File "/opt/airflow/dags/ml_retrain_pipeline.py", line 19, in <module>
    import mlflow
ModuleNotFoundError: No module named 'mlflow'
[2026-02-10T23:27:22.694+0000] {processor.py:842} WARNING - No viable dags retrieved from /opt/airflow/dags/ml_retrain_pipeline.py
[2026-02-10T23:27:22.721+0000] {processor.py:183} INFO - Processing /opt/airflow/dags/ml_retrain_pipeline.py took 0.272 seconds
[2026-02-10T23:42:34.578+0000] {processor.py:161} INFO - Started process (PID=1395) to work on /opt/airflow/dags/ml_retrain_pipeline.py
[2026-02-10T23:42:34.583+0000] {processor.py:830} INFO - Processing file /opt/airflow/dags/ml_retrain_pipeline.py for tasks to queue
[2026-02-10T23:42:34.587+0000] {logging_mixin.py:188} INFO - [2026-02-10T23:42:34.587+0000] {dagbag.py:540} INFO - Filling up the DagBag from /opt/airflow/dags/ml_retrain_pipeline.py
[2026-02-10T23:42:34.858+0000] {logging_mixin.py:188} INFO - [2026-02-10T23:42:34.856+0000] {dagbag.py:350} ERROR - Failed to import: /opt/airflow/dags/ml_retrain_pipeline.py
Traceback (most recent call last):
  File "/home/airflow/.local/lib/python3.10/site-packages/airflow/models/dagbag.py", line 346, in parse
    loader.exec_module(new_module)
  File "<frozen importlib._bootstrap_external>", line 883, in exec_module
  File "<frozen importlib._bootstrap>", line 241, in _call_with_frames_removed
  File "/opt/airflow/dags/ml_retrain_pipeline.py", line 19, in <module>
    import mlflow
ModuleNotFoundError: No module named 'mlflow'
[2026-02-10T23:42:34.858+0000] {processor.py:842} WARNING - No viable dags retrieved from /opt/airflow/dags/ml_retrain_pipeline.py
[2026-02-10T23:42:34.886+0000] {processor.py:183} INFO - Processing /opt/airflow/dags/ml_retrain_pipeline.py took 0.320 seconds
[2026-02-10T23:58:30.783+0000] {processor.py:161} INFO - Started process (PID=1413) to work on /opt/airflow/dags/ml_retrain_pipeline.py
[2026-02-10T23:58:30.788+0000] {processor.py:830} INFO - Processing file /opt/airflow/dags/ml_retrain_pipeline.py for tasks to queue
[2026-02-10T23:58:30.800+0000] {logging_mixin.py:188} INFO - [2026-02-10T23:58:30.798+0000] {dagbag.py:540} INFO - Filling up the DagBag from /opt/airflow/dags/ml_retrain_pipeline.py
[2026-02-10T23:58:31.071+0000] {logging_mixin.py:188} INFO - [2026-02-10T23:58:31.067+0000] {dagbag.py:350} ERROR - Failed to import: /opt/airflow/dags/ml_retrain_pipeline.py
Traceback (most recent call last):
  File "/home/airflow/.local/lib/python3.10/site-packages/airflow/models/dagbag.py", line 346, in parse
    loader.exec_module(new_module)
  File "<frozen importlib._bootstrap_external>", line 883, in exec_module
  File "<frozen importlib._bootstrap>", line 241, in _call_with_frames_removed
  File "/opt/airflow/dags/ml_retrain_pipeline.py", line 19, in <module>
    import mlflow
ModuleNotFoundError: No module named 'mlflow'
[2026-02-10T23:58:31.072+0000] {processor.py:842} WARNING - No viable dags retrieved from /opt/airflow/dags/ml_retrain_pipeline.py
[2026-02-10T23:58:31.116+0000] {processor.py:183} INFO - Processing /opt/airflow/dags/ml_retrain_pipeline.py took 0.387 seconds
